2022-04-19 16:29:35 [main] INFO  com.dxl.mall.AdminApplication Starting AdminApplication on DESKTOP-207R08R with PID 1812 (D:\webProject\mall\admin\target\classes started by DXL in D:\webProject\mall)
2022-04-19 16:29:35 [main] DEBUG com.dxl.mall.AdminApplication Running with Spring Boot v2.3.0.RELEASE, Spring v5.2.6.RELEASE
2022-04-19 16:29:35 [main] INFO  com.dxl.mall.AdminApplication The following profiles are active: dev
2022-04-19 16:29:40 [main] INFO  org.springframework.data.repository.config.RepositoryConfigurationDelegate Multiple Spring Data modules found, entering strict repository configuration mode!
2022-04-19 16:29:40 [main] INFO  org.springframework.data.repository.config.RepositoryConfigurationDelegate Bootstrapping Spring Data Redis repositories in DEFAULT mode.
2022-04-19 16:29:40 [main] INFO  org.springframework.data.repository.config.RepositoryConfigurationDelegate Finished Spring Data repository scanning in 48ms. Found 0 Redis repository interfaces.
2022-04-19 16:29:40 [main] INFO  org.springframework.context.support.PostProcessorRegistrationDelegate$BeanPostProcessorChecker Bean 'org.springframework.security.access.expression.method.DefaultMethodSecurityExpressionHandler@3c98781a' of type [org.springframework.security.access.expression.method.DefaultMethodSecurityExpressionHandler] is not eligible for getting processed by all BeanPostProcessors (for example: not eligible for auto-proxying)
2022-04-19 16:29:40 [main] INFO  org.springframework.context.support.PostProcessorRegistrationDelegate$BeanPostProcessorChecker Bean 'methodSecurityMetadataSource' of type [org.springframework.security.access.method.DelegatingMethodSecurityMetadataSource] is not eligible for getting processed by all BeanPostProcessors (for example: not eligible for auto-proxying)
2022-04-19 16:29:41 [main] INFO  org.springframework.boot.web.embedded.tomcat.TomcatWebServer Tomcat initialized with port(s): 8080 (http)
2022-04-19 16:29:41 [main] INFO  org.apache.catalina.core.StandardService Starting service [Tomcat]
2022-04-19 16:29:41 [main] INFO  org.apache.catalina.core.StandardEngine Starting Servlet engine: [Apache Tomcat/9.0.35]
2022-04-19 16:29:41 [main] INFO  org.apache.catalina.core.ContainerBase.[Tomcat].[localhost].[/] Initializing Spring embedded WebApplicationContext
2022-04-19 16:29:41 [main] INFO  org.springframework.web.context.ContextLoader Root WebApplicationContext: initialization completed in 5497 ms
2022-04-19 16:29:41 [main] INFO  com.alibaba.druid.spring.boot.autoconfigure.DruidDataSourceAutoConfigure Init DruidDataSource
2022-04-19 16:29:41 [main] INFO  com.alibaba.druid.pool.DruidDataSource {dataSource-1} inited
2022-04-19 16:29:42 [main] DEBUG com.dxl.mall.mapper.UmsResourceMapper.selectByExample ==>  Preparing: select id, create_time, name, url, description, category_id from ums_resource
2022-04-19 16:29:42 [main] DEBUG com.dxl.mall.mapper.UmsResourceMapper.selectByExample ==> Parameters: 
2022-04-19 16:29:42 [main] DEBUG com.dxl.mall.mapper.UmsResourceMapper.selectByExample <==      Total: 28
2022-04-19 16:29:42 [main] WARN  com.dxl.mall.security.component.DynamicSecurityFilter Could not validate configuration attributes as the SecurityMetadataSource did not return any attributes from getAllConfigAttributes()
2022-04-19 16:29:42 [main] DEBUG com.dxl.mall.security.component.JwtAuthenticationTokenFilter Filter 'jwtAuthenticationTokenFilter' configured for use
2022-04-19 16:29:43 [main] INFO  org.springframework.boot.actuate.endpoint.web.EndpointLinksResolver Exposing 2 endpoint(s) beneath base path '/actuator'
2022-04-19 16:29:43 [main] INFO  org.springframework.security.web.DefaultSecurityFilterChain Creating filter chain: any request, [org.springframework.security.web.context.request.async.WebAsyncManagerIntegrationFilter@ee2ae9a, org.springframework.security.web.context.SecurityContextPersistenceFilter@6b24ddd7, org.springframework.security.web.header.HeaderWriterFilter@34f23816, org.springframework.security.web.authentication.logout.LogoutFilter@6bd7439d, com.dxl.mall.security.component.JwtAuthenticationTokenFilter@175c5c3a, org.springframework.security.web.savedrequest.RequestCacheAwareFilter@3335afcf, org.springframework.security.web.servletapi.SecurityContextHolderAwareRequestFilter@171aa66, org.springframework.security.web.authentication.AnonymousAuthenticationFilter@58b97c15, org.springframework.security.web.session.SessionManagementFilter@1b475663, org.springframework.security.web.access.ExceptionTranslationFilter@15ac02d5, com.dxl.mall.security.component.DynamicSecurityFilter@6ce26986, org.springframework.security.web.access.intercept.FilterSecurityInterceptor@2a2b7a35]
2022-04-19 16:29:43 [main] INFO  springfox.documentation.spring.web.PropertySourcedRequestMappingHandlerMapping Mapped URL path [/v2/api-docs] onto method [springfox.documentation.swagger2.web.Swagger2Controller#getDocumentation(String, HttpServletRequest)]
2022-04-19 16:29:43 [main] INFO  org.springframework.scheduling.concurrent.ThreadPoolTaskExecutor Initializing ExecutorService 'applicationTaskExecutor'
2022-04-19 16:29:43 [main] INFO  org.springframework.boot.web.embedded.tomcat.TomcatWebServer Tomcat started on port(s): 8080 (http) with context path ''
2022-04-19 16:29:43 [main] INFO  springfox.documentation.spring.web.plugins.DocumentationPluginsBootstrapper Context refreshed
2022-04-19 16:29:43 [main] INFO  springfox.documentation.spring.web.plugins.DocumentationPluginsBootstrapper Found 1 custom documentation plugin(s)
2022-04-19 16:29:43 [main] INFO  springfox.documentation.spring.web.scanners.ApiListingReferenceScanner Scanning for api listing references
2022-04-19 16:29:43 [main] INFO  springfox.documentation.spring.web.readers.operation.CachingOperationNameGenerator Generating unique operation named: deleteUsingPOST_1
2022-04-19 16:29:43 [main] INFO  springfox.documentation.spring.web.readers.operation.CachingOperationNameGenerator Generating unique operation named: getItemUsingGET_1
2022-04-19 16:29:43 [main] INFO  springfox.documentation.spring.web.readers.operation.CachingOperationNameGenerator Generating unique operation named: listUsingGET_1
2022-04-19 16:29:43 [main] INFO  springfox.documentation.spring.web.readers.operation.CachingOperationNameGenerator Generating unique operation named: updateUsingPOST_1
2022-04-19 16:29:43 [main] INFO  com.dxl.mall.AdminApplication Started AdminApplication in 9.708 seconds (JVM running for 11.288)
2022-04-19 16:29:44 [RMI TCP Connection(1)-192.168.152.1] INFO  org.apache.catalina.core.ContainerBase.[Tomcat].[localhost].[/] Initializing Spring DispatcherServlet 'dispatcherServlet'
2022-04-19 16:29:44 [RMI TCP Connection(1)-192.168.152.1] INFO  org.springframework.web.servlet.DispatcherServlet Initializing Servlet 'dispatcherServlet'
2022-04-19 16:29:44 [RMI TCP Connection(1)-192.168.152.1] INFO  org.springframework.web.servlet.DispatcherServlet Completed initialization in 6 ms
2022-04-19 17:42:14 [main] INFO  com.dxl.mall.AdminApplication Starting AdminApplication on DESKTOP-207R08R with PID 16840 (D:\webProject\mall\admin\target\classes started by DXL in D:\webProject\mall)
2022-04-19 17:42:14 [main] DEBUG com.dxl.mall.AdminApplication Running with Spring Boot v2.3.0.RELEASE, Spring v5.2.6.RELEASE
2022-04-19 17:42:14 [main] INFO  com.dxl.mall.AdminApplication The following profiles are active: dev
2022-04-19 17:42:15 [main] INFO  org.springframework.data.repository.config.RepositoryConfigurationDelegate Multiple Spring Data modules found, entering strict repository configuration mode!
2022-04-19 17:42:15 [main] INFO  org.springframework.data.repository.config.RepositoryConfigurationDelegate Bootstrapping Spring Data Redis repositories in DEFAULT mode.
2022-04-19 17:42:15 [main] INFO  org.springframework.data.repository.config.RepositoryConfigurationDelegate Finished Spring Data repository scanning in 47ms. Found 0 Redis repository interfaces.
2022-04-19 17:42:16 [main] INFO  org.springframework.context.support.PostProcessorRegistrationDelegate$BeanPostProcessorChecker Bean 'org.springframework.security.access.expression.method.DefaultMethodSecurityExpressionHandler@3af7d855' of type [org.springframework.security.access.expression.method.DefaultMethodSecurityExpressionHandler] is not eligible for getting processed by all BeanPostProcessors (for example: not eligible for auto-proxying)
2022-04-19 17:42:16 [main] INFO  org.springframework.context.support.PostProcessorRegistrationDelegate$BeanPostProcessorChecker Bean 'methodSecurityMetadataSource' of type [org.springframework.security.access.method.DelegatingMethodSecurityMetadataSource] is not eligible for getting processed by all BeanPostProcessors (for example: not eligible for auto-proxying)
2022-04-19 17:42:16 [main] INFO  org.springframework.boot.web.embedded.tomcat.TomcatWebServer Tomcat initialized with port(s): 8080 (http)
2022-04-19 17:42:16 [main] INFO  org.apache.catalina.core.StandardService Starting service [Tomcat]
2022-04-19 17:42:16 [main] INFO  org.apache.catalina.core.StandardEngine Starting Servlet engine: [Apache Tomcat/9.0.35]
2022-04-19 17:42:16 [main] INFO  org.apache.catalina.core.ContainerBase.[Tomcat].[localhost].[/] Initializing Spring embedded WebApplicationContext
2022-04-19 17:42:16 [main] INFO  org.springframework.web.context.ContextLoader Root WebApplicationContext: initialization completed in 1506 ms
2022-04-19 17:42:16 [main] INFO  com.alibaba.druid.spring.boot.autoconfigure.DruidDataSourceAutoConfigure Init DruidDataSource
2022-04-19 17:42:17 [main] INFO  com.alibaba.druid.pool.DruidDataSource {dataSource-1} inited
2022-04-19 17:42:17 [main] DEBUG com.dxl.mall.mapper.UmsResourceMapper.selectByExample ==>  Preparing: select id, create_time, name, url, description, category_id from ums_resource
2022-04-19 17:42:17 [main] DEBUG com.dxl.mall.mapper.UmsResourceMapper.selectByExample ==> Parameters: 
2022-04-19 17:42:17 [main] DEBUG com.dxl.mall.mapper.UmsResourceMapper.selectByExample <==      Total: 28
2022-04-19 17:42:17 [main] WARN  com.dxl.mall.security.component.DynamicSecurityFilter Could not validate configuration attributes as the SecurityMetadataSource did not return any attributes from getAllConfigAttributes()
2022-04-19 17:42:17 [main] DEBUG com.dxl.mall.security.component.JwtAuthenticationTokenFilter Filter 'jwtAuthenticationTokenFilter' configured for use
2022-04-19 17:42:18 [main] INFO  org.springframework.boot.actuate.endpoint.web.EndpointLinksResolver Exposing 2 endpoint(s) beneath base path '/actuator'
2022-04-19 17:42:18 [main] INFO  org.springframework.security.web.DefaultSecurityFilterChain Creating filter chain: any request, [org.springframework.security.web.context.request.async.WebAsyncManagerIntegrationFilter@6cd45b6c, org.springframework.security.web.context.SecurityContextPersistenceFilter@6736f40f, org.springframework.security.web.header.HeaderWriterFilter@6cceb281, org.springframework.security.web.authentication.logout.LogoutFilter@30dd00b6, com.dxl.mall.security.component.JwtAuthenticationTokenFilter@236c098, org.springframework.security.web.savedrequest.RequestCacheAwareFilter@7548e1fb, org.springframework.security.web.servletapi.SecurityContextHolderAwareRequestFilter@6b24ddd7, org.springframework.security.web.authentication.AnonymousAuthenticationFilter@3a5b7d7e, org.springframework.security.web.session.SessionManagementFilter@2af9a5ef, org.springframework.security.web.access.ExceptionTranslationFilter@7f8c48f3, com.dxl.mall.security.component.DynamicSecurityFilter@621f23ac, org.springframework.security.web.access.intercept.FilterSecurityInterceptor@41ece227]
2022-04-19 17:42:18 [main] INFO  springfox.documentation.spring.web.PropertySourcedRequestMappingHandlerMapping Mapped URL path [/v2/api-docs] onto method [springfox.documentation.swagger2.web.Swagger2Controller#getDocumentation(String, HttpServletRequest)]
2022-04-19 17:42:18 [main] INFO  org.springframework.scheduling.concurrent.ThreadPoolTaskExecutor Initializing ExecutorService 'applicationTaskExecutor'
2022-04-19 17:42:18 [main] INFO  org.springframework.boot.web.embedded.tomcat.TomcatWebServer Tomcat started on port(s): 8080 (http) with context path ''
2022-04-19 17:42:18 [main] INFO  springfox.documentation.spring.web.plugins.DocumentationPluginsBootstrapper Context refreshed
2022-04-19 17:42:18 [main] INFO  springfox.documentation.spring.web.plugins.DocumentationPluginsBootstrapper Found 1 custom documentation plugin(s)
2022-04-19 17:42:18 [main] INFO  springfox.documentation.spring.web.scanners.ApiListingReferenceScanner Scanning for api listing references
2022-04-19 17:42:18 [main] INFO  springfox.documentation.spring.web.readers.operation.CachingOperationNameGenerator Generating unique operation named: deleteUsingPOST_1
2022-04-19 17:42:18 [main] INFO  springfox.documentation.spring.web.readers.operation.CachingOperationNameGenerator Generating unique operation named: getItemUsingGET_1
2022-04-19 17:42:18 [main] INFO  springfox.documentation.spring.web.readers.operation.CachingOperationNameGenerator Generating unique operation named: listUsingGET_1
2022-04-19 17:42:18 [main] INFO  springfox.documentation.spring.web.readers.operation.CachingOperationNameGenerator Generating unique operation named: updateUsingPOST_1
2022-04-19 17:42:18 [main] INFO  com.dxl.mall.AdminApplication Started AdminApplication in 4.482 seconds (JVM running for 5.286)
2022-04-19 17:42:19 [RMI TCP Connection(1)-192.168.152.1] INFO  org.apache.catalina.core.ContainerBase.[Tomcat].[localhost].[/] Initializing Spring DispatcherServlet 'dispatcherServlet'
2022-04-19 17:42:19 [RMI TCP Connection(1)-192.168.152.1] INFO  org.springframework.web.servlet.DispatcherServlet Initializing Servlet 'dispatcherServlet'
2022-04-19 17:42:19 [RMI TCP Connection(1)-192.168.152.1] INFO  org.springframework.web.servlet.DispatcherServlet Completed initialization in 6 ms
2022-04-19 17:45:37 [http-nio-8080-exec-1] INFO  com.dxl.mall.security.component.JwtAuthenticationTokenFilter checking username:dxl
2022-04-19 17:45:37 [http-nio-8080-exec-1] INFO  com.dxl.mall.security.component.JwtAuthenticationTokenFilter authenticated user:dxl
2022-04-19 17:45:37 [http-nio-8080-exec-1] DEBUG com.dxl.mall.security.component.DynamicSecurityFilter Secure object: FilterInvocation: URL: /menu/treelist; Attributes: [27:后台菜单管理]
2022-04-19 17:45:37 [http-nio-8080-exec-1] DEBUG com.dxl.mall.security.component.DynamicSecurityFilter Previously Authenticated: org.springframework.security.authentication.UsernamePasswordAuthenticationToken@75dead73: Principal: com.dxl.mall.bo.AdminUserDetails@35e89d95; Credentials: [PROTECTED]; Authenticated: true; Details: org.springframework.security.web.authentication.WebAuthenticationDetails@ffff6a82: RemoteIpAddress: 10.253.193.65; SessionId: null; Granted Authorities: 1:商品品牌管理, 2:商品属性分类管理, 3:商品属性管理, 4:商品分类管理, 5:商品管理, 6:商品库存管理, 8:订单管理, 9: 订单退货申请管理, 10:退货原因管理, 11:订单设置管理, 12:收货地址管理, 13:优惠券管理, 14:优惠券领取记录管理, 15:限时购活动管理, 16:限时购商品关系管理, 17:限时购场次管理, 18:首页轮播广告管理, 19:首页品牌管理, 20:首页新品管理, 21:首页人气推荐管理, 22:首页专题推荐管理, 23: 商品优选管理, 24:商品专题管理, 25:后台用户管理, 26:后台用户角色管理, 27:后台菜单管理, 28:后台资源分类管理, 29:后台资源管理
2022-04-19 17:45:37 [http-nio-8080-exec-1] DEBUG com.dxl.mall.security.component.DynamicSecurityFilter Authorization successful
2022-04-19 17:45:37 [http-nio-8080-exec-1] DEBUG com.dxl.mall.security.component.DynamicSecurityFilter RunAsManager did not change Authentication object
2022-04-19 17:45:37 [http-nio-8080-exec-1] DEBUG com.dxl.mall.security.component.DynamicSecurityFilter Secure object: FilterInvocation: URL: /menu/treelist; Attributes: [27:后台菜单管理]
2022-04-19 17:45:37 [http-nio-8080-exec-1] DEBUG com.dxl.mall.security.component.DynamicSecurityFilter Previously Authenticated: org.springframework.security.authentication.UsernamePasswordAuthenticationToken@75dead73: Principal: com.dxl.mall.bo.AdminUserDetails@35e89d95; Credentials: [PROTECTED]; Authenticated: true; Details: org.springframework.security.web.authentication.WebAuthenticationDetails@ffff6a82: RemoteIpAddress: 10.253.193.65; SessionId: null; Granted Authorities: 1:商品品牌管理, 2:商品属性分类管理, 3:商品属性管理, 4:商品分类管理, 5:商品管理, 6:商品库存管理, 8:订单管理, 9: 订单退货申请管理, 10:退货原因管理, 11:订单设置管理, 12:收货地址管理, 13:优惠券管理, 14:优惠券领取记录管理, 15:限时购活动管理, 16:限时购商品关系管理, 17:限时购场次管理, 18:首页轮播广告管理, 19:首页品牌管理, 20:首页新品管理, 21:首页人气推荐管理, 22:首页专题推荐管理, 23: 商品优选管理, 24:商品专题管理, 25:后台用户管理, 26:后台用户角色管理, 27:后台菜单管理, 28:后台资源分类管理, 29:后台资源管理
2022-04-19 17:45:37 [http-nio-8080-exec-1] DEBUG com.dxl.mall.security.component.DynamicSecurityFilter Authorization successful
2022-04-19 17:45:37 [http-nio-8080-exec-1] DEBUG com.dxl.mall.security.component.DynamicSecurityFilter RunAsManager did not change Authentication object
2022-04-19 17:45:37 [http-nio-8080-exec-1] WARN  org.springframework.web.servlet.mvc.support.DefaultHandlerExceptionResolver Resolved [org.springframework.web.method.annotation.MethodArgumentTypeMismatchException: Failed to convert value of type 'java.lang.String' to required type 'java.lang.Long'; nested exception is java.lang.NumberFormatException: For input string: "treelist"]
2022-04-19 17:45:37 [http-nio-8080-exec-1] DEBUG com.dxl.mall.security.component.DynamicSecurityFilter Public object - authentication not attempted
2022-04-19 17:45:55 [http-nio-8080-exec-2] INFO  com.dxl.mall.security.component.JwtAuthenticationTokenFilter checking username:dxl
2022-04-19 17:45:55 [http-nio-8080-exec-2] INFO  com.dxl.mall.security.component.JwtAuthenticationTokenFilter authenticated user:dxl
2022-04-19 17:45:55 [http-nio-8080-exec-2] DEBUG com.dxl.mall.security.component.DynamicSecurityFilter Secure object: FilterInvocation: URL: /menu/treeList; Attributes: [27:后台菜单管理]
2022-04-19 17:45:55 [http-nio-8080-exec-2] DEBUG com.dxl.mall.security.component.DynamicSecurityFilter Previously Authenticated: org.springframework.security.authentication.UsernamePasswordAuthenticationToken@2d4a46f3: Principal: com.dxl.mall.bo.AdminUserDetails@6d7c7615; Credentials: [PROTECTED]; Authenticated: true; Details: org.springframework.security.web.authentication.WebAuthenticationDetails@ffff6a82: RemoteIpAddress: 10.253.193.65; SessionId: null; Granted Authorities: 1:商品品牌管理, 2:商品属性分类管理, 3:商品属性管理, 4:商品分类管理, 5:商品管理, 6:商品库存管理, 8:订单管理, 9: 订单退货申请管理, 10:退货原因管理, 11:订单设置管理, 12:收货地址管理, 13:优惠券管理, 14:优惠券领取记录管理, 15:限时购活动管理, 16:限时购商品关系管理, 17:限时购场次管理, 18:首页轮播广告管理, 19:首页品牌管理, 20:首页新品管理, 21:首页人气推荐管理, 22:首页专题推荐管理, 23: 商品优选管理, 24:商品专题管理, 25:后台用户管理, 26:后台用户角色管理, 27:后台菜单管理, 28:后台资源分类管理, 29:后台资源管理
2022-04-19 17:45:55 [http-nio-8080-exec-2] DEBUG com.dxl.mall.security.component.DynamicSecurityFilter Authorization successful
2022-04-19 17:45:55 [http-nio-8080-exec-2] DEBUG com.dxl.mall.security.component.DynamicSecurityFilter RunAsManager did not change Authentication object
2022-04-19 17:45:55 [http-nio-8080-exec-2] DEBUG com.dxl.mall.security.component.DynamicSecurityFilter Secure object: FilterInvocation: URL: /menu/treeList; Attributes: [27:后台菜单管理]
2022-04-19 17:45:55 [http-nio-8080-exec-2] DEBUG com.dxl.mall.security.component.DynamicSecurityFilter Previously Authenticated: org.springframework.security.authentication.UsernamePasswordAuthenticationToken@2d4a46f3: Principal: com.dxl.mall.bo.AdminUserDetails@6d7c7615; Credentials: [PROTECTED]; Authenticated: true; Details: org.springframework.security.web.authentication.WebAuthenticationDetails@ffff6a82: RemoteIpAddress: 10.253.193.65; SessionId: null; Granted Authorities: 1:商品品牌管理, 2:商品属性分类管理, 3:商品属性管理, 4:商品分类管理, 5:商品管理, 6:商品库存管理, 8:订单管理, 9: 订单退货申请管理, 10:退货原因管理, 11:订单设置管理, 12:收货地址管理, 13:优惠券管理, 14:优惠券领取记录管理, 15:限时购活动管理, 16:限时购商品关系管理, 17:限时购场次管理, 18:首页轮播广告管理, 19:首页品牌管理, 20:首页新品管理, 21:首页人气推荐管理, 22:首页专题推荐管理, 23: 商品优选管理, 24:商品专题管理, 25:后台用户管理, 26:后台用户角色管理, 27:后台菜单管理, 28:后台资源分类管理, 29:后台资源管理
2022-04-19 17:45:55 [http-nio-8080-exec-2] DEBUG com.dxl.mall.security.component.DynamicSecurityFilter Authorization successful
2022-04-19 17:45:55 [http-nio-8080-exec-2] DEBUG com.dxl.mall.security.component.DynamicSecurityFilter RunAsManager did not change Authentication object
2022-04-19 17:45:55 [http-nio-8080-exec-2] ERROR com.alibaba.druid.pool.DruidAbstractDataSource discard long time none received connection. , jdbcUrl : jdbc:mysql://192.168.1.104:3306/mall?useUnicode=true&characterEncoding=UTF-8&useSSL=false, jdbcUrl : jdbc:mysql://192.168.1.104:3306/mall?useUnicode=true&characterEncoding=UTF-8&useSSL=false, lastPacketReceivedIdleMillis : 217416
2022-04-19 17:45:55 [http-nio-8080-exec-2] ERROR com.alibaba.druid.pool.DruidAbstractDataSource discard long time none received connection. , jdbcUrl : jdbc:mysql://192.168.1.104:3306/mall?useUnicode=true&characterEncoding=UTF-8&useSSL=false, jdbcUrl : jdbc:mysql://192.168.1.104:3306/mall?useUnicode=true&characterEncoding=UTF-8&useSSL=false, lastPacketReceivedIdleMillis : 218374
2022-04-19 17:45:55 [http-nio-8080-exec-2] ERROR com.alibaba.druid.pool.DruidAbstractDataSource discard long time none received connection. , jdbcUrl : jdbc:mysql://192.168.1.104:3306/mall?useUnicode=true&characterEncoding=UTF-8&useSSL=false, jdbcUrl : jdbc:mysql://192.168.1.104:3306/mall?useUnicode=true&characterEncoding=UTF-8&useSSL=false, lastPacketReceivedIdleMillis : 218411
2022-04-19 17:45:55 [http-nio-8080-exec-2] ERROR com.alibaba.druid.pool.DruidAbstractDataSource discard long time none received connection. , jdbcUrl : jdbc:mysql://192.168.1.104:3306/mall?useUnicode=true&characterEncoding=UTF-8&useSSL=false, jdbcUrl : jdbc:mysql://192.168.1.104:3306/mall?useUnicode=true&characterEncoding=UTF-8&useSSL=false, lastPacketReceivedIdleMillis : 218444
2022-04-19 17:45:55 [http-nio-8080-exec-2] ERROR com.alibaba.druid.pool.DruidAbstractDataSource discard long time none received connection. , jdbcUrl : jdbc:mysql://192.168.1.104:3306/mall?useUnicode=true&characterEncoding=UTF-8&useSSL=false, jdbcUrl : jdbc:mysql://192.168.1.104:3306/mall?useUnicode=true&characterEncoding=UTF-8&useSSL=false, lastPacketReceivedIdleMillis : 218479
2022-04-19 17:45:55 [http-nio-8080-exec-2] DEBUG com.dxl.mall.mapper.UmsMenuMapper.selectByExample ==>  Preparing: select id, parent_id, create_time, title, level, sort, name, icon, hidden from ums_menu
2022-04-19 17:45:55 [http-nio-8080-exec-2] DEBUG com.dxl.mall.mapper.UmsMenuMapper.selectByExample ==> Parameters: 
2022-04-19 17:45:55 [http-nio-8080-exec-2] DEBUG com.dxl.mall.mapper.UmsMenuMapper.selectByExample <==      Total: 24
2022-04-19 20:52:23 [main] INFO  com.dxl.mall.AdminApplication Starting AdminApplication on DESKTOP-207R08R with PID 14820 (D:\webProject\mall\admin\target\classes started by DXL in D:\webProject\mall)
2022-04-19 20:52:23 [main] DEBUG com.dxl.mall.AdminApplication Running with Spring Boot v2.3.0.RELEASE, Spring v5.2.6.RELEASE
2022-04-19 20:52:23 [main] INFO  com.dxl.mall.AdminApplication The following profiles are active: dev
2022-04-19 20:52:24 [main] INFO  org.springframework.data.repository.config.RepositoryConfigurationDelegate Multiple Spring Data modules found, entering strict repository configuration mode!
2022-04-19 20:52:24 [main] INFO  org.springframework.data.repository.config.RepositoryConfigurationDelegate Bootstrapping Spring Data Redis repositories in DEFAULT mode.
2022-04-19 20:52:24 [main] INFO  org.springframework.data.repository.config.RepositoryConfigurationDelegate Finished Spring Data repository scanning in 39ms. Found 0 Redis repository interfaces.
2022-04-19 20:52:25 [main] INFO  org.springframework.context.support.PostProcessorRegistrationDelegate$BeanPostProcessorChecker Bean 'org.springframework.security.access.expression.method.DefaultMethodSecurityExpressionHandler@4527f70a' of type [org.springframework.security.access.expression.method.DefaultMethodSecurityExpressionHandler] is not eligible for getting processed by all BeanPostProcessors (for example: not eligible for auto-proxying)
2022-04-19 20:52:25 [main] INFO  org.springframework.context.support.PostProcessorRegistrationDelegate$BeanPostProcessorChecker Bean 'methodSecurityMetadataSource' of type [org.springframework.security.access.method.DelegatingMethodSecurityMetadataSource] is not eligible for getting processed by all BeanPostProcessors (for example: not eligible for auto-proxying)
2022-04-19 20:52:25 [main] INFO  org.springframework.boot.web.embedded.tomcat.TomcatWebServer Tomcat initialized with port(s): 8080 (http)
2022-04-19 20:52:25 [main] INFO  org.apache.catalina.core.StandardService Starting service [Tomcat]
2022-04-19 20:52:25 [main] INFO  org.apache.catalina.core.StandardEngine Starting Servlet engine: [Apache Tomcat/9.0.35]
2022-04-19 20:52:25 [main] INFO  org.apache.catalina.core.ContainerBase.[Tomcat].[localhost].[/] Initializing Spring embedded WebApplicationContext
2022-04-19 20:52:25 [main] INFO  org.springframework.web.context.ContextLoader Root WebApplicationContext: initialization completed in 1630 ms
2022-04-19 20:52:25 [main] INFO  com.alibaba.druid.spring.boot.autoconfigure.DruidDataSourceAutoConfigure Init DruidDataSource
2022-04-19 20:52:25 [main] INFO  com.alibaba.druid.pool.DruidDataSource {dataSource-1} inited
2022-04-19 20:52:26 [main] DEBUG com.dxl.mall.mapper.UmsResourceMapper.selectByExample ==>  Preparing: select id, create_time, name, url, description, category_id from ums_resource
2022-04-19 20:52:27 [main] DEBUG com.dxl.mall.mapper.UmsResourceMapper.selectByExample ==> Parameters: 
2022-04-19 20:52:27 [main] DEBUG com.dxl.mall.mapper.UmsResourceMapper.selectByExample <==      Total: 28
2022-04-19 20:52:27 [main] WARN  com.dxl.mall.security.component.DynamicSecurityFilter Could not validate configuration attributes as the SecurityMetadataSource did not return any attributes from getAllConfigAttributes()
2022-04-19 20:52:27 [main] DEBUG com.dxl.mall.security.component.JwtAuthenticationTokenFilter Filter 'jwtAuthenticationTokenFilter' configured for use
2022-04-19 20:52:27 [main] INFO  org.springframework.boot.actuate.endpoint.web.EndpointLinksResolver Exposing 2 endpoint(s) beneath base path '/actuator'
2022-04-19 20:52:27 [main] INFO  org.springframework.security.web.DefaultSecurityFilterChain Creating filter chain: any request, [org.springframework.security.web.context.request.async.WebAsyncManagerIntegrationFilter@5a39e554, org.springframework.security.web.context.SecurityContextPersistenceFilter@1da75dde, org.springframework.security.web.header.HeaderWriterFilter@6ce9771c, org.springframework.security.web.authentication.logout.LogoutFilter@5bb7a59, com.dxl.mall.security.component.JwtAuthenticationTokenFilter@14d8e132, org.springframework.security.web.savedrequest.RequestCacheAwareFilter@153cfd86, org.springframework.security.web.servletapi.SecurityContextHolderAwareRequestFilter@76af34b5, org.springframework.security.web.authentication.AnonymousAuthenticationFilter@333d44f6, org.springframework.security.web.session.SessionManagementFilter@1bfa5a13, org.springframework.security.web.access.ExceptionTranslationFilter@4ced17f3, com.dxl.mall.security.component.DynamicSecurityFilter@5f5297e3, org.springframework.security.web.access.intercept.FilterSecurityInterceptor@31c7c281]
2022-04-19 20:52:27 [main] INFO  springfox.documentation.spring.web.PropertySourcedRequestMappingHandlerMapping Mapped URL path [/v2/api-docs] onto method [springfox.documentation.swagger2.web.Swagger2Controller#getDocumentation(String, HttpServletRequest)]
2022-04-19 20:52:27 [main] INFO  org.springframework.scheduling.concurrent.ThreadPoolTaskExecutor Initializing ExecutorService 'applicationTaskExecutor'
2022-04-19 20:52:27 [main] INFO  org.springframework.boot.web.embedded.tomcat.TomcatWebServer Tomcat started on port(s): 8080 (http) with context path ''
2022-04-19 20:52:27 [main] INFO  springfox.documentation.spring.web.plugins.DocumentationPluginsBootstrapper Context refreshed
2022-04-19 20:52:27 [main] INFO  springfox.documentation.spring.web.plugins.DocumentationPluginsBootstrapper Found 1 custom documentation plugin(s)
2022-04-19 20:52:27 [main] INFO  springfox.documentation.spring.web.scanners.ApiListingReferenceScanner Scanning for api listing references
2022-04-19 20:52:28 [main] INFO  springfox.documentation.spring.web.readers.operation.CachingOperationNameGenerator Generating unique operation named: listUsingGET_1
2022-04-19 20:52:28 [main] INFO  springfox.documentation.spring.web.readers.operation.CachingOperationNameGenerator Generating unique operation named: createUsingPOST_1
2022-04-19 20:52:28 [main] INFO  springfox.documentation.spring.web.readers.operation.CachingOperationNameGenerator Generating unique operation named: deleteUsingPOST_1
2022-04-19 20:52:28 [main] INFO  springfox.documentation.spring.web.readers.operation.CachingOperationNameGenerator Generating unique operation named: updateUsingPOST_1
2022-04-19 20:52:28 [main] INFO  springfox.documentation.spring.web.readers.operation.CachingOperationNameGenerator Generating unique operation named: createUsingPOST_2
2022-04-19 20:52:28 [main] INFO  springfox.documentation.spring.web.readers.operation.CachingOperationNameGenerator Generating unique operation named: deleteUsingPOST_2
2022-04-19 20:52:28 [main] INFO  springfox.documentation.spring.web.readers.operation.CachingOperationNameGenerator Generating unique operation named: getItemUsingGET_1
2022-04-19 20:52:28 [main] INFO  springfox.documentation.spring.web.readers.operation.CachingOperationNameGenerator Generating unique operation named: listUsingGET_2
2022-04-19 20:52:28 [main] INFO  springfox.documentation.spring.web.readers.operation.CachingOperationNameGenerator Generating unique operation named: listAllUsingGET_1
2022-04-19 20:52:28 [main] INFO  springfox.documentation.spring.web.readers.operation.CachingOperationNameGenerator Generating unique operation named: updateUsingPOST_2
2022-04-19 20:52:28 [main] INFO  springfox.documentation.spring.web.readers.operation.CachingOperationNameGenerator Generating unique operation named: createUsingPOST_3
2022-04-19 20:52:28 [main] INFO  springfox.documentation.spring.web.readers.operation.CachingOperationNameGenerator Generating unique operation named: deleteUsingPOST_3
2022-04-19 20:52:28 [main] INFO  springfox.documentation.spring.web.readers.operation.CachingOperationNameGenerator Generating unique operation named: listUsingGET_3
2022-04-19 20:52:28 [main] INFO  springfox.documentation.spring.web.readers.operation.CachingOperationNameGenerator Generating unique operation named: listAllUsingGET_2
2022-04-19 20:52:28 [main] INFO  springfox.documentation.spring.web.readers.operation.CachingOperationNameGenerator Generating unique operation named: updateUsingPOST_3
2022-04-19 20:52:28 [main] INFO  springfox.documentation.spring.web.readers.operation.CachingOperationNameGenerator Generating unique operation named: deleteUsingPOST_4
2022-04-19 20:52:28 [main] INFO  springfox.documentation.spring.web.readers.operation.CachingOperationNameGenerator Generating unique operation named: getItemUsingGET_2
2022-04-19 20:52:28 [main] INFO  springfox.documentation.spring.web.readers.operation.CachingOperationNameGenerator Generating unique operation named: listUsingGET_4
2022-04-19 20:52:28 [main] INFO  springfox.documentation.spring.web.readers.operation.CachingOperationNameGenerator Generating unique operation named: updateUsingPOST_4
2022-04-19 20:52:28 [main] INFO  springfox.documentation.spring.web.readers.operation.CachingOperationNameGenerator Generating unique operation named: updateStatusUsingPOST_1
2022-04-19 20:52:28 [main] INFO  com.dxl.mall.AdminApplication Started AdminApplication in 4.768 seconds (JVM running for 5.313)
2022-04-19 20:52:28 [RMI TCP Connection(4)-192.168.152.1] INFO  org.apache.catalina.core.ContainerBase.[Tomcat].[localhost].[/] Initializing Spring DispatcherServlet 'dispatcherServlet'
2022-04-19 20:52:28 [RMI TCP Connection(4)-192.168.152.1] INFO  org.springframework.web.servlet.DispatcherServlet Initializing Servlet 'dispatcherServlet'
2022-04-19 20:52:28 [RMI TCP Connection(4)-192.168.152.1] INFO  org.springframework.web.servlet.DispatcherServlet Completed initialization in 6 ms
2022-04-19 20:52:33 [http-nio-8080-exec-1] INFO  com.dxl.mall.security.component.JwtAuthenticationTokenFilter checking username:dxl
2022-04-19 20:52:33 [http-nio-8080-exec-1] DEBUG com.dxl.mall.mapper.UmsAdminMapper.selectByExample ==>  Preparing: select id, username, password, icon, email, nick_name, note, create_time, login_time, status from ums_admin WHERE ( username = ? )
2022-04-19 20:52:33 [http-nio-8080-exec-1] DEBUG com.dxl.mall.mapper.UmsAdminMapper.selectByExample ==> Parameters: dxl(String)
2022-04-19 20:52:33 [http-nio-8080-exec-1] DEBUG com.dxl.mall.mapper.UmsAdminMapper.selectByExample <==      Total: 1
2022-04-19 20:52:33 [http-nio-8080-exec-1] DEBUG com.dxl.mall.dao.UmsAdminRoleRelationDao.getResourceList ==>  Preparing: SELECT ur.id id, ur.create_time createTime, ur.`name` `name`, ur.url url, ur.description description, ur.category_id categoryId FROM ums_admin_role_relation ar LEFT JOIN ums_role r ON ar.role_id = r.id LEFT JOIN ums_role_resource_relation rrr ON r.id = rrr.role_id LEFT JOIN ums_resource ur ON ur.id = rrr.resource_id WHERE ar.admin_id = ? AND ur.id IS NOT NULL GROUP BY ur.id
2022-04-19 20:52:33 [http-nio-8080-exec-1] DEBUG com.dxl.mall.dao.UmsAdminRoleRelationDao.getResourceList ==> Parameters: 9(Long)
2022-04-19 20:52:34 [http-nio-8080-exec-1] DEBUG com.dxl.mall.dao.UmsAdminRoleRelationDao.getResourceList <==      Total: 28
2022-04-19 20:52:34 [http-nio-8080-exec-1] INFO  com.dxl.mall.security.component.JwtAuthenticationTokenFilter authenticated user:dxl
2022-04-19 20:52:34 [http-nio-8080-exec-1] DEBUG com.dxl.mall.security.component.DynamicSecurityFilter Secure object: FilterInvocation: URL: /menu/treeList; Attributes: [27:后台菜单管理]
2022-04-19 20:52:34 [http-nio-8080-exec-1] DEBUG com.dxl.mall.security.component.DynamicSecurityFilter Previously Authenticated: org.springframework.security.authentication.UsernamePasswordAuthenticationToken@3bfac9b1: Principal: com.dxl.mall.bo.AdminUserDetails@7bccf957; Credentials: [PROTECTED]; Authenticated: true; Details: org.springframework.security.web.authentication.WebAuthenticationDetails@ffff6a82: RemoteIpAddress: 10.253.193.65; SessionId: null; Granted Authorities: 1:商品品牌管理, 2:商品属性分类管理, 3:商品属性管理, 4:商品分类管理, 5:商品管理, 6:商品库存管理, 8:订单管理, 9: 订单退货申请管理, 10:退货原因管理, 11:订单设置管理, 12:收货地址管理, 13:优惠券管理, 14:优惠券领取记录管理, 15:限时购活动管理, 16:限时购商品关系管理, 17:限时购场次管理, 18:首页轮播广告管理, 19:首页品牌管理, 20:首页新品管理, 21:首页人气推荐管理, 22:首页专题推荐管理, 23: 商品优选管理, 24:商品专题管理, 25:后台用户管理, 26:后台用户角色管理, 27:后台菜单管理, 28:后台资源分类管理, 29:后台资源管理
2022-04-19 20:52:34 [http-nio-8080-exec-1] DEBUG com.dxl.mall.security.component.DynamicSecurityFilter Authorization successful
2022-04-19 20:52:34 [http-nio-8080-exec-1] DEBUG com.dxl.mall.security.component.DynamicSecurityFilter RunAsManager did not change Authentication object
2022-04-19 20:52:34 [http-nio-8080-exec-1] DEBUG com.dxl.mall.security.component.DynamicSecurityFilter Secure object: FilterInvocation: URL: /menu/treeList; Attributes: [27:后台菜单管理]
2022-04-19 20:52:34 [http-nio-8080-exec-1] DEBUG com.dxl.mall.security.component.DynamicSecurityFilter Previously Authenticated: org.springframework.security.authentication.UsernamePasswordAuthenticationToken@3bfac9b1: Principal: com.dxl.mall.bo.AdminUserDetails@7bccf957; Credentials: [PROTECTED]; Authenticated: true; Details: org.springframework.security.web.authentication.WebAuthenticationDetails@ffff6a82: RemoteIpAddress: 10.253.193.65; SessionId: null; Granted Authorities: 1:商品品牌管理, 2:商品属性分类管理, 3:商品属性管理, 4:商品分类管理, 5:商品管理, 6:商品库存管理, 8:订单管理, 9: 订单退货申请管理, 10:退货原因管理, 11:订单设置管理, 12:收货地址管理, 13:优惠券管理, 14:优惠券领取记录管理, 15:限时购活动管理, 16:限时购商品关系管理, 17:限时购场次管理, 18:首页轮播广告管理, 19:首页品牌管理, 20:首页新品管理, 21:首页人气推荐管理, 22:首页专题推荐管理, 23: 商品优选管理, 24:商品专题管理, 25:后台用户管理, 26:后台用户角色管理, 27:后台菜单管理, 28:后台资源分类管理, 29:后台资源管理
2022-04-19 20:52:34 [http-nio-8080-exec-1] DEBUG com.dxl.mall.security.component.DynamicSecurityFilter Authorization successful
2022-04-19 20:52:34 [http-nio-8080-exec-1] DEBUG com.dxl.mall.security.component.DynamicSecurityFilter RunAsManager did not change Authentication object
2022-04-19 20:52:34 [http-nio-8080-exec-1] DEBUG com.dxl.mall.mapper.UmsMenuMapper.selectByExample ==>  Preparing: select id, parent_id, create_time, title, level, sort, name, icon, hidden from ums_menu
2022-04-19 20:52:34 [http-nio-8080-exec-1] DEBUG com.dxl.mall.mapper.UmsMenuMapper.selectByExample ==> Parameters: 
2022-04-19 20:52:34 [http-nio-8080-exec-1] DEBUG com.dxl.mall.mapper.UmsMenuMapper.selectByExample <==      Total: 24
