2022-05-31 17:00:16 [main] INFO  com.dxl.mall.PortalApplication Starting PortalApplication on DESKTOP-207R08R with PID 16444 (D:\webProject\mall\portal\target\classes started by DXL in D:\webProject\mall)
2022-05-31 17:00:16 [main] DEBUG com.dxl.mall.PortalApplication Running with Spring Boot v2.3.7.RELEASE, Spring v5.2.12.RELEASE
2022-05-31 17:00:16 [main] INFO  com.dxl.mall.PortalApplication The following profiles are active: dev
2022-05-31 17:00:18 [main] INFO  org.springframework.data.repository.config.RepositoryConfigurationDelegate Multiple Spring Data modules found, entering strict repository configuration mode!
2022-05-31 17:00:18 [main] INFO  org.springframework.data.repository.config.RepositoryConfigurationDelegate Bootstrapping Spring Data MongoDB repositories in DEFAULT mode.
2022-05-31 17:00:18 [main] INFO  org.springframework.data.repository.config.RepositoryConfigurationDelegate Finished Spring Data repository scanning in 87ms. Found 3 MongoDB repository interfaces.
2022-05-31 17:00:18 [main] INFO  org.springframework.data.repository.config.RepositoryConfigurationDelegate Multiple Spring Data modules found, entering strict repository configuration mode!
2022-05-31 17:00:18 [main] INFO  org.springframework.data.repository.config.RepositoryConfigurationDelegate Bootstrapping Spring Data Redis repositories in DEFAULT mode.
2022-05-31 17:00:18 [main] INFO  org.springframework.data.repository.config.RepositoryConfigurationExtensionSupport Spring Data Redis - Could not safely identify store assignment for repository candidate interface com.dxl.mall.portal.repository.MemberBrandAttentionRepository. If you want this repository to be a Redis repository, consider annotating your entities with one of these annotations: org.springframework.data.redis.core.RedisHash (preferred), or consider extending one of the following types with your repository: org.springframework.data.keyvalue.repository.KeyValueRepository.
2022-05-31 17:00:18 [main] INFO  org.springframework.data.repository.config.RepositoryConfigurationExtensionSupport Spring Data Redis - Could not safely identify store assignment for repository candidate interface com.dxl.mall.portal.repository.MemberProductCollectionRepository. If you want this repository to be a Redis repository, consider annotating your entities with one of these annotations: org.springframework.data.redis.core.RedisHash (preferred), or consider extending one of the following types with your repository: org.springframework.data.keyvalue.repository.KeyValueRepository.
2022-05-31 17:00:18 [main] INFO  org.springframework.data.repository.config.RepositoryConfigurationExtensionSupport Spring Data Redis - Could not safely identify store assignment for repository candidate interface com.dxl.mall.portal.repository.MemberReadHistoryRepository. If you want this repository to be a Redis repository, consider annotating your entities with one of these annotations: org.springframework.data.redis.core.RedisHash (preferred), or consider extending one of the following types with your repository: org.springframework.data.keyvalue.repository.KeyValueRepository.
2022-05-31 17:00:18 [main] INFO  org.springframework.data.repository.config.RepositoryConfigurationDelegate Finished Spring Data repository scanning in 17ms. Found 0 Redis repository interfaces.
2022-05-31 17:00:19 [main] INFO  org.springframework.context.support.PostProcessorRegistrationDelegate$BeanPostProcessorChecker Bean 'org.springframework.security.access.expression.method.DefaultMethodSecurityExpressionHandler@18a19e' of type [org.springframework.security.access.expression.method.DefaultMethodSecurityExpressionHandler] is not eligible for getting processed by all BeanPostProcessors (for example: not eligible for auto-proxying)
2022-05-31 17:00:19 [main] INFO  org.springframework.context.support.PostProcessorRegistrationDelegate$BeanPostProcessorChecker Bean 'methodSecurityMetadataSource' of type [org.springframework.security.access.method.DelegatingMethodSecurityMetadataSource] is not eligible for getting processed by all BeanPostProcessors (for example: not eligible for auto-proxying)
2022-05-31 17:00:19 [main] INFO  org.springframework.boot.web.embedded.tomcat.TomcatWebServer Tomcat initialized with port(s): 8081 (http)
2022-05-31 17:00:19 [main] INFO  org.apache.catalina.core.StandardService Starting service [Tomcat]
2022-05-31 17:00:19 [main] INFO  org.apache.catalina.core.StandardEngine Starting Servlet engine: [Apache Tomcat/9.0.35]
2022-05-31 17:00:19 [main] INFO  org.apache.catalina.core.ContainerBase.[Tomcat].[localhost].[/] Initializing Spring embedded WebApplicationContext
2022-05-31 17:00:19 [main] INFO  org.springframework.boot.web.servlet.context.ServletWebServerApplicationContext Root WebApplicationContext: initialization completed in 3003 ms
2022-05-31 17:00:19 [main] INFO  com.alibaba.druid.spring.boot.autoconfigure.DruidDataSourceAutoConfigure Init DruidDataSource
2022-05-31 17:00:20 [main] INFO  com.alibaba.druid.pool.DruidDataSource {dataSource-1} inited
2022-05-31 17:00:21 [main] DEBUG com.dxl.mall.security.component.JwtAuthenticationTokenFilter Filter 'jwtAuthenticationTokenFilter' configured for use
2022-05-31 17:00:21 [main] INFO  org.mongodb.driver.cluster Cluster created with settings {hosts=[192.168.152.131:27017], mode=SINGLE, requiredClusterType=UNKNOWN, serverSelectionTimeout='30000 ms'}
2022-05-31 17:00:21 [cluster-ClusterId{value='6295d925adada16d0e844860', description='null'}-192.168.152.131:27017] INFO  org.mongodb.driver.connection Opened connection [connectionId{localValue:1, serverValue:111}] to 192.168.152.131:27017
2022-05-31 17:00:21 [cluster-ClusterId{value='6295d925adada16d0e844860', description='null'}-192.168.152.131:27017] INFO  org.mongodb.driver.cluster Monitor thread successfully connected to server with description ServerDescription{address=192.168.152.131:27017, type=STANDALONE, state=CONNECTED, ok=true, minWireVersion=0, maxWireVersion=6, maxDocumentSize=16777216, logicalSessionTimeoutMinutes=30, roundTripTimeNanos=2259000}
2022-05-31 17:00:22 [main] INFO  org.springframework.boot.actuate.endpoint.web.EndpointLinksResolver Exposing 2 endpoint(s) beneath base path '/actuator'
2022-05-31 17:00:22 [main] INFO  org.springframework.security.web.DefaultSecurityFilterChain Creating filter chain: any request, [org.springframework.security.web.context.request.async.WebAsyncManagerIntegrationFilter@22b3b5d0, org.springframework.security.web.context.SecurityContextPersistenceFilter@615e7fe7, org.springframework.security.web.header.HeaderWriterFilter@7a0f43dc, org.springframework.security.web.authentication.logout.LogoutFilter@188ae8d2, com.dxl.mall.security.component.JwtAuthenticationTokenFilter@4bbc21bd, org.springframework.security.web.savedrequest.RequestCacheAwareFilter@403cff1c, org.springframework.security.web.servletapi.SecurityContextHolderAwareRequestFilter@34b462e0, org.springframework.security.web.authentication.AnonymousAuthenticationFilter@2b506a79, org.springframework.security.web.session.SessionManagementFilter@1c5d376c, org.springframework.security.web.access.ExceptionTranslationFilter@4bab804f, org.springframework.security.web.access.intercept.FilterSecurityInterceptor@141229f6]
2022-05-31 17:00:22 [main] INFO  springfox.documentation.spring.web.PropertySourcedRequestMappingHandlerMapping Mapped URL path [/v2/api-docs] onto method [springfox.documentation.swagger2.web.Swagger2Controller#getDocumentation(String, HttpServletRequest)]
2022-05-31 17:00:22 [main] INFO  org.springframework.scheduling.concurrent.ThreadPoolTaskExecutor Initializing ExecutorService 'applicationTaskExecutor'
2022-05-31 17:00:23 [main] INFO  org.springframework.boot.web.embedded.tomcat.TomcatWebServer Tomcat started on port(s): 8081 (http) with context path ''
2022-05-31 17:00:23 [main] INFO  springfox.documentation.spring.web.plugins.DocumentationPluginsBootstrapper Context refreshed
2022-05-31 17:00:23 [main] INFO  springfox.documentation.spring.web.plugins.DocumentationPluginsBootstrapper Found 1 custom documentation plugin(s)
2022-05-31 17:00:23 [main] INFO  springfox.documentation.spring.web.scanners.ApiListingReferenceScanner Scanning for api listing references
2022-05-31 17:00:23 [main] INFO  springfox.documentation.spring.web.readers.operation.CachingOperationNameGenerator Generating unique operation named: addUsingPOST_1
2022-05-31 17:00:23 [main] INFO  springfox.documentation.spring.web.readers.operation.CachingOperationNameGenerator Generating unique operation named: clearUsingPOST_1
2022-05-31 17:00:23 [main] INFO  springfox.documentation.spring.web.readers.operation.CachingOperationNameGenerator Generating unique operation named: deleteUsingPOST_1
2022-05-31 17:00:23 [main] INFO  springfox.documentation.spring.web.readers.operation.CachingOperationNameGenerator Generating unique operation named: detailUsingGET_1
2022-05-31 17:00:23 [main] INFO  springfox.documentation.spring.web.readers.operation.CachingOperationNameGenerator Generating unique operation named: listUsingGET_1
2022-05-31 17:00:23 [main] INFO  springfox.documentation.spring.web.readers.operation.CachingOperationNameGenerator Generating unique operation named: clearUsingPOST_2
2022-05-31 17:00:23 [main] INFO  springfox.documentation.spring.web.readers.operation.CachingOperationNameGenerator Generating unique operation named: deleteUsingPOST_2
2022-05-31 17:00:23 [main] INFO  springfox.documentation.spring.web.readers.operation.CachingOperationNameGenerator Generating unique operation named: listUsingGET_2
2022-05-31 17:00:23 [main] INFO  springfox.documentation.spring.web.readers.operation.CachingOperationNameGenerator Generating unique operation named: addUsingPOST_2
2022-05-31 17:00:23 [main] INFO  springfox.documentation.spring.web.readers.operation.CachingOperationNameGenerator Generating unique operation named: clearUsingPOST_3
2022-05-31 17:00:23 [main] INFO  springfox.documentation.spring.web.readers.operation.CachingOperationNameGenerator Generating unique operation named: deleteUsingPOST_3
2022-05-31 17:00:23 [main] INFO  springfox.documentation.spring.web.readers.operation.CachingOperationNameGenerator Generating unique operation named: listUsingGET_3
2022-05-31 17:00:23 [main] INFO  springfox.documentation.spring.web.readers.operation.CachingOperationNameGenerator Generating unique operation named: detailUsingGET_2
2022-05-31 17:00:23 [main] INFO  springfox.documentation.spring.web.readers.operation.CachingOperationNameGenerator Generating unique operation named: listUsingGET_4
2022-05-31 17:00:23 [main] INFO  springfox.documentation.spring.web.readers.operation.CachingOperationNameGenerator Generating unique operation named: createUsingPOST_1
2022-05-31 17:00:23 [main] INFO  springfox.documentation.spring.web.readers.operation.CachingOperationNameGenerator Generating unique operation named: detailUsingGET_3
2022-05-31 17:00:23 [main] INFO  springfox.documentation.spring.web.readers.operation.CachingOperationNameGenerator Generating unique operation named: detailUsingGET_4
2022-05-31 17:00:23 [main] INFO  springfox.documentation.spring.web.readers.operation.CachingOperationNameGenerator Generating unique operation named: addUsingPOST_3
2022-05-31 17:00:23 [main] INFO  springfox.documentation.spring.web.readers.operation.CachingOperationNameGenerator Generating unique operation named: listUsingGET_5
2022-05-31 17:00:23 [main] INFO  springfox.documentation.spring.web.readers.operation.CachingOperationNameGenerator Generating unique operation named: addUsingPOST_4
2022-05-31 17:00:23 [main] INFO  springfox.documentation.spring.web.readers.operation.CachingOperationNameGenerator Generating unique operation named: deleteUsingPOST_4
2022-05-31 17:00:23 [main] INFO  springfox.documentation.spring.web.readers.operation.CachingOperationNameGenerator Generating unique operation named: listUsingGET_6
2022-05-31 17:00:23 [main] INFO  org.springframework.amqp.rabbit.connection.CachingConnectionFactory Attempting to connect to: [192.168.152.130:5672]
2022-05-31 17:00:23 [main] INFO  org.springframework.amqp.rabbit.connection.CachingConnectionFactory Created new connection: rabbitConnectionFactory#9f1ca74:0/SimpleConnection@2dc319cf [delegate=amqp://admin@192.168.152.130:5672//mall, localPort= 4940]
2022-05-31 17:00:23 [main] INFO  com.dxl.mall.PortalApplication Started PortalApplication in 7.384 seconds (JVM running for 7.971)
2022-05-31 17:00:23 [RMI TCP Connection(4)-192.168.152.1] INFO  org.apache.catalina.core.ContainerBase.[Tomcat].[localhost].[/] Initializing Spring DispatcherServlet 'dispatcherServlet'
2022-05-31 17:00:23 [RMI TCP Connection(4)-192.168.152.1] INFO  org.springframework.web.servlet.DispatcherServlet Initializing Servlet 'dispatcherServlet'
2022-05-31 17:00:23 [RMI TCP Connection(4)-192.168.152.1] INFO  org.springframework.web.servlet.DispatcherServlet Completed initialization in 6 ms
2022-05-31 17:00:23 [RMI TCP Connection(3)-192.168.152.1] INFO  org.mongodb.driver.connection Opened connection [connectionId{localValue:2, serverValue:112}] to 192.168.152.131:27017
2022-05-31 17:00:51 [cluster-ClusterId{value='6295d925adada16d0e844860', description='null'}-192.168.152.131:27017] INFO  org.mongodb.driver.connection Opened connection [connectionId{localValue:3, serverValue:113}] to 192.168.152.131:27017
2022-05-31 17:01:02 [http-nio-8081-exec-2] DEBUG com.dxl.mall.mapper.SmsHomeAdvertiseMapper.selectByExample ==>  Preparing: select id, name, type, pic, start_time, end_time, status, click_count, order_count, url, note, sort from sms_home_advertise WHERE ( type = ? and status = ? ) order by sort desc
2022-05-31 17:01:02 [http-nio-8081-exec-2] DEBUG com.dxl.mall.mapper.SmsHomeAdvertiseMapper.selectByExample ==> Parameters: 1(Integer), 1(Integer)
2022-05-31 17:01:02 [http-nio-8081-exec-2] DEBUG com.dxl.mall.mapper.SmsHomeAdvertiseMapper.selectByExample <==      Total: 5
2022-05-31 17:01:02 [http-nio-8081-exec-2] DEBUG com.dxl.mall.portal.dao.HomeDao.getRecommendBrandList ==>  Preparing: SELECT b.* FROM sms_home_brand hb LEFT JOIN pms_brand b ON hb.brand_id = b.id WHERE hb.recommend_status = 1 AND b.show_status = 1 ORDER BY hb.sort DESC LIMIT ?, ?
2022-05-31 17:01:02 [http-nio-8081-exec-2] DEBUG com.dxl.mall.portal.dao.HomeDao.getRecommendBrandList ==> Parameters: 0(Integer), 6(Integer)
2022-05-31 17:01:02 [http-nio-8081-exec-2] DEBUG com.dxl.mall.portal.dao.HomeDao.getRecommendBrandList <==      Total: 6
2022-05-31 17:01:02 [http-nio-8081-exec-2] DEBUG com.dxl.mall.mapper.SmsFlashPromotionMapper.selectByExample ==>  Preparing: select id, title, start_date, end_date, status, create_time from sms_flash_promotion WHERE ( status = ? and start_date <= ? and end_date >= ? )
2022-05-31 17:01:02 [http-nio-8081-exec-2] DEBUG com.dxl.mall.mapper.SmsFlashPromotionMapper.selectByExample ==> Parameters: 1(Integer), 2022-05-31(Date), 2022-05-31(Date)
2022-05-31 17:01:02 [http-nio-8081-exec-2] DEBUG com.dxl.mall.mapper.SmsFlashPromotionMapper.selectByExample <==      Total: 0
2022-05-31 17:01:02 [http-nio-8081-exec-2] DEBUG com.dxl.mall.portal.dao.HomeDao.getNewProductList ==>  Preparing: SELECT p.* FROM sms_home_new_product hp LEFT JOIN pms_product p ON hp.product_id = p.id WHERE hp.recommend_status = 1 AND p.publish_status = 1 ORDER BY hp.sort DESC LIMIT ?, ?;
2022-05-31 17:01:02 [http-nio-8081-exec-2] DEBUG com.dxl.mall.portal.dao.HomeDao.getNewProductList ==> Parameters: 0(Integer), 4(Integer)
2022-05-31 17:01:02 [http-nio-8081-exec-2] DEBUG com.dxl.mall.portal.dao.HomeDao.getNewProductList <==      Total: 4
2022-05-31 17:01:02 [http-nio-8081-exec-2] DEBUG com.dxl.mall.portal.dao.HomeDao.getHotProductList ==>  Preparing: SELECT p.* FROM sms_home_recommend_product hp LEFT JOIN pms_product p ON hp.product_id = p.id WHERE hp.recommend_status = 1 AND p.publish_status = 1 ORDER BY hp.sort DESC LIMIT ?, ?;
2022-05-31 17:01:02 [http-nio-8081-exec-2] DEBUG com.dxl.mall.portal.dao.HomeDao.getHotProductList ==> Parameters: 0(Integer), 4(Integer)
2022-05-31 17:01:02 [http-nio-8081-exec-2] DEBUG com.dxl.mall.portal.dao.HomeDao.getHotProductList <==      Total: 4
2022-05-31 17:01:02 [http-nio-8081-exec-2] DEBUG com.dxl.mall.portal.dao.HomeDao.getRecommendSubjectList ==>  Preparing: SELECT s.* FROM sms_home_recommend_subject hs LEFT JOIN cms_subject s ON hs.subject_id = s.id WHERE hs.recommend_status = 1 AND s.show_status = 1 ORDER BY hs.sort DESC LIMIT ?, ?;
2022-05-31 17:01:02 [http-nio-8081-exec-2] DEBUG com.dxl.mall.portal.dao.HomeDao.getRecommendSubjectList ==> Parameters: 0(Integer), 4(Integer)
2022-05-31 17:01:02 [http-nio-8081-exec-2] DEBUG com.dxl.mall.portal.dao.HomeDao.getRecommendSubjectList <==      Total: 0
2022-05-31 17:01:02 [http-nio-8081-exec-2] INFO  com.dxl.mall.common.log.WebLogAspect {"method":"GET","ip":"0:0:0:0:0:0:0:1","description":"首页内容信息展示","uri":"/home/content","url":"http://localhost:8081/home/content","result":{"code":200,"data":{"newProductList":[{"note":"","newStatus":1,"originalPrice":2699,"keywords":"","productCategoryName":"手机数码","feightTemplateId":0,"lowStock":0,"description":"小米8 全面屏游戏智能手机 6GB+64GB 黑色 全网通4G 双卡双待","pic":"http://macro-oss.oss-cn-shenzhen.aliyuncs.com/mall/images/20180615/xiaomi.jpg","productCategoryId":19,"recommandStatus":1,"verifyStatus":0,"subTitle":"骁龙845处理器，红外人脸解锁，AI变焦双摄，AI语音助手小米6X低至1299，点击抢购","deleteStatus":0,"price":2699,"usePointLimit":0,"id":27,"giftGrowth":2699,"stock":100,"publishStatus":1,"promotionType":3,"brandName":"小米","productSn":"7437788","albumPics":"","productAttributeCategoryId":3,"weight":0,"detailTitle":"","sort":0,"giftPoint":2699,"promotionPerLimit":0,"sale":0,"unit":"","serviceIds":"","brandId":6,"name":"小米8 全面屏游戏智能手机 6GB+64GB 黑色 全网通4G 双卡双待","previewStatus":0},{"note":"","newStatus":1,"originalPrice":2699,"keywords":"","productCategoryName":"手机数码","feightTemplateId":0,"lowStock":0,"description":"小米8 全面屏游戏智能手机 6GB+64GB 黑色 全网通4G 双卡双待","pic":"http://macro-oss.oss-cn-shenzhen.aliyuncs.com/mall/images/20180615/xiaomi.jpg","productCategoryId":19,"recommandStatus":1,"verifyStatus":0,"subTitle":"骁龙845处理器，红外人脸解锁，AI变焦双摄，AI语音助手小米6X低至1299，点击抢购","deleteStatus":0,"price":2699,"usePointLimit":0,"id":27,"giftGrowth":2699,"stock":100,"publishStatus":1,"promotionType":3,"brandName":"小米","productSn":"7437788","albumPics":"","productAttributeCategoryId":3,"weight":0,"detailTitle":"","sort":0,"giftPoint":2699,"promotionPerLimit":0,"sale":0,"unit":"","serviceIds":"","brandId":6,"name":"小米8 全面屏游戏智能手机 6GB+64GB 黑色 全网通4G 双卡双待","previewStatus":0},{"note":"","newStatus":1,"originalPrice":649,"keywords":"","productCategoryName":"手机数码","feightTemplateId":0,"lowStock":0,"description":"","pic":"http://macro-oss.oss-cn-shenzhen.aliyuncs.com/mall/images/20180615/5a9d248cN071f4959.jpg","productCategoryId":19,"recommandStatus":1,"verifyStatus":0,"subTitle":"8天超长待机，137g轻巧机身，高通骁龙处理器小米6X低至1299，点击抢购","deleteStatus":0,"price":649,"usePointLimit":0,"id":28,"giftGrowth":649,"stock":100,"publishStatus":1,"promotionType":4,"brandName":"小米","productSn":"7437789","albumPics":"","productAttributeCategoryId":3,"weight":0,"detailTitle":"","sort":0,"giftPoint":649,"promotionPerLimit":0,"sale":0,"unit":"","serviceIds":"","brandId":6,"name":"小米 红米5A 全网通版 3GB+32GB 香槟金 移动联通电信4G手机 双卡双待","previewStatus":0},{"note":"","newStatus":1,"originalPrice":5499,"keywords":"","productCategoryName":"手机数码","feightTemplateId":0,"lowStock":0,"description":"","pic":"http://macro-oss.oss-cn-shenzhen.aliyuncs.com/mall/images/20180615/5acc5248N6a5f81cd.jpg","productCategoryId":19,"recommandStatus":1,"verifyStatus":0,"subTitle":"【限时限量抢购】Apple产品年中狂欢节，好物尽享，美在智慧！速来 >> 勾选[保障服务][原厂保2年]，获得AppleCare+全方位服务计划，原厂延保售后无忧。","deleteStatus":0,"price":5499,"usePointLimit":0,"id":29,"giftGrowth":5499,"stock":100,"publishStatus":1,"promotionType":0,"brandName":"苹果","productSn":"7437799","albumPics":"","productAttributeCategoryId":3,"weight":0,"detailTitle":"","sort":0,"giftPoint":5499,"promotionPerLimit":0,"sale":0,"unit":"","serviceIds":"","brandId":51,"name":"Apple iPhone 8 Plus 64GB 红色特别版 移动联通电信4G手机","previewStatus":0}],"subjectList":[],"homeFlashPromotion":{},"hotProductList":[{"note":"","newStatus":1,"originalPrice":98,"keywords":"","productCategoryName":"T恤","feightTemplateId":0,"lowStock":0,"description":"","pic":"http://macro-oss.oss-cn-shenzhen.aliyuncs.com/mall/images/20180615/5ad83a4fN6ff67ecd.jpg!cc_350x449.jpg","productCategoryId":8,"recommandStatus":1,"verifyStatus":0,"subTitle":"2018夏季新品微弹舒适新款短T男生 6月6日-6月20日，满300减30，参与互动赢百元礼券，立即分享赢大奖","deleteStatus":0,"price":98,"usePointLimit":0,"id":30,"giftGrowth":0,"stock":100,"publishStatus":1,"promotionType":0,"brandName":"海澜之家","productSn":"HNTBJ2E042A","albumPics":"","productAttributeCategoryId":1,"weight":0,"detailTitle":"","sort":0,"giftPoint":0,"promotionPerLimit":0,"sale":0,"unit":"","serviceIds":"","brandId":50,"name":"HLA海澜之家简约动物印花短袖T恤","previewStatus":0},{"note":"","newStatus":1,"originalPrice":4288,"keywords":"","productCategoryName":"手机通讯","feightTemplateId":0,"lowStock":0,"description":"","pic":"http://macro-oss.oss-cn-shenzhen.aliyuncs.com/mall/images/20180607/5ac1bf58Ndefaac16.jpg","productCategoryId":19,"recommandStatus":1,"verifyStatus":0,"subTitle":"AI智慧全面屏 6GB +64GB 亮黑色 全网通版 移动联通电信4G手机 双卡双待手机 双卡双待","deleteStatus":0,"price":3788,"usePointLimit":0,"id":26,"giftGrowth":3788,"stock":1000,"publishStatus":1,"promotionType":1,"brandName":"华为","productSn":"6946605","albumPics":"http://macro-oss.oss-cn-shenzhen.aliyuncs.com/mall/images/20180607/5ab46a3cN616bdc41.jpg,http://macro-oss.oss-cn-shenzhen.aliyuncs.com/mall/images/20180607/5ac1bf5fN2522b9dc.jpg","productAttributeCategoryId":3,"weight":0,"detailTitle":"","sort":100,"giftPoint":3788,"promotionPerLimit":0,"sale":0,"unit":"件","serviceIds":"2,3,1","brandId":3,"name":"华为 HUAWEI P20 ","previewStatus":1},{"note":"","newStatus":1,"originalPrice":2699,"keywords":"","productCategoryName":"手机数码","feightTemplateId":0,"lowStock":0,"description":"小米8 全面屏游戏智能手机 6GB+64GB 黑色 全网通4G 双卡双待","pic":"http://macro-oss.oss-cn-shenzhen.aliyuncs.com/mall/images/20180615/xiaomi.jpg","productCategoryId":19,"recommandStatus":1,"verifyStatus":0,"subTitle":"骁龙845处理器，红外人脸解锁，AI变焦双摄，AI语音助手小米6X低至1299，点击抢购","deleteStatus":0,"price":2699,"usePointLimit":0,"id":27,"giftGrowth":2699,"stock":100,"publishStatus":1,"promotionType":3,"brandName":"小米","productSn":"7437788","albumPics":"","productAttributeCategoryId":3,"weight":0,"detailTitle":"","sort":0,"giftPoint":2699,"promotionPerLimit":0,"sale":0,"unit":"","serviceIds":"","brandId":6,"name":"小米8 全面屏游戏智能手机 6GB+64GB 黑色 全网通4G 双卡双待","previewStatus":0},{"note":"","newStatus":1,"originalPrice":649,"keywords":"","productCategoryName":"手机数码","feightTemplateId":0,"lowStock":0,"description":"","pic":"http://macro-oss.oss-cn-shenzhen.aliyuncs.com/mall/images/20180615/5a9d248cN071f4959.jpg","productCategoryId":19,"recommandStatus":1,"verifyStatus":0,"subTitle":"8天超长待机，137g轻巧机身，高通骁龙处理器小米6X低至1299，点击抢购","deleteStatus":0,"price":649,"usePointLimit":0,"id":28,"giftGrowth":649,"stock":100,"publishStatus":1,"promotionType":4,"brandName":"小米","productSn":"7437789","albumPics":"","productAttributeCategoryId":3,"weight":0,"detailTitle":"","sort":0,"giftPoint":649,"promotionPerLimit":0,"sale":0,"unit":"","serviceIds":"","brandId":6,"name":"小米 红米5A 全网通版 3GB+32GB 香槟金 移动联通电信4G手机 双卡双待","previewStatus":0}],"brandList":[{"productCommentCount":100,"showStatus":1,"sort":500,"productCount":100,"factoryStatus":1,"name":"小米","bigPic":"http://macro-oss.oss-cn-shenzhen.aliyuncs.com/mall/images/20180518/5afd7778Nf7800b75.jpg","logo":"http://macro-oss.oss-cn-shenzhen.aliyuncs.com/mall/images/20180518/5a912944N474afb7a.png","id":6,"firstLetter":"M"},{"productCommentCount":100,"showStatus":1,"sort":0,"productCount":100,"factoryStatus":1,"name":"万和","bigPic":"","logo":"http://macro-oss.oss-cn-shenzhen.aliyuncs.com/mall/images/20180607/timg(5).jpg","id":1,"firstLetter":"W"},{"productCommentCount":100,"showStatus":1,"sort":100,"productCount":100,"factoryStatus":1,"name":"三星","logo":"http://macro-oss.oss-cn-shenzhen.aliyuncs.com/mall/images/20180607/timg (1).jpg","id":2,"firstLetter":"S"},{"productCommentCount":300,"showStatus":1,"sort":200,"productCount":66,"factoryStatus":1,"name":"海澜之家","bigPic":"","logo":"http://macro-oss.oss-cn-shenzhen.aliyuncs.com/mall/images/20180607/LOGO1024.png","id":50,"firstLetter":"H"},{"productCommentCount":200,"showStatus":1,"sort":200,"productCount":55,"factoryStatus":1,"name":"苹果","logo":"http://macro-oss.oss-cn-shenzhen.aliyuncs.com/mall/images/20180607/timg.jpg","id":51,"firstLetter":"A"},{"productCommentCount":100,"showStatus":1,"sort":0,"productCount":100,"factoryStatus":1,"name":"万和","bigPic":"","logo":"http://macro-oss.oss-cn-shenzhen.aliyuncs.com/mall/images/20180607/timg(5).jpg","id":1,"firstLetter":"W"}],"advertiseList":[{"note":"电影推荐广告","clickCount":0,"orderCount":0,"pic":"http://macro-oss.oss-cn-shenzhen.aliyuncs.com/mall/images/20181113/movie_ad.jpg","sort":100,"type":1,"url":"www.baidu.com","name":"电影推荐广告","startTime":1541001600000,"id":9,"endTime":1542988800000,"status":1},{"clickCount":0,"orderCount":0,"pic":"http://macro-oss.oss-cn-shenzhen.aliyuncs.com/mall/images/20181113/car_ad.jpg","sort":99,"type":1,"url":"xxx","name":"汽车促销广告","startTime":1542038400000,"id":10,"endTime":1542988800000,"status":1},{"clickCount":0,"orderCount":0,"pic":"http://macro-oss.oss-cn-shenzhen.aliyuncs.com/mall/images/20181113/car_ad2.jpg","sort":98,"type":1,"url":"xxx","name":"汽车推荐广告","startTime":1542038400000,"id":11,"endTime":1543507200000,"status":1},{"note":"夏季大热促销","clickCount":0,"orderCount":0,"pic":"http://macro-oss.oss-cn-shenzhen.aliyuncs.com/mall/images/20180615/xiaomi.jpg","sort":0,"type":1,"name":"夏季大热促销","startTime":1541052097000,"id":2,"endTime":1542261697000,"status":1},{"note":"夏季大热促销2","clickCount":0,"orderCount":0,"pic":"http://macro-oss.oss-cn-shenzhen.aliyuncs.com/mall/images/20180615/5a9d248cN071f4959.jpg","sort":0,"type":1,"name":"夏季大热促销2","startTime":1542088897000,"id":4,"endTime":1542088897000,"status":1}]},"message":"操作成功"},"basePath":"http://localhost:8081","startTime":1653987661995,"spendTime":194}
2022-05-31 17:03:27 [main] INFO  com.dxl.mall.PortalApplication Starting PortalApplication on DESKTOP-207R08R with PID 9624 (D:\webProject\mall\portal\target\classes started by DXL in D:\webProject\mall)
2022-05-31 17:03:27 [main] DEBUG com.dxl.mall.PortalApplication Running with Spring Boot v2.3.7.RELEASE, Spring v5.2.12.RELEASE
2022-05-31 17:03:27 [main] INFO  com.dxl.mall.PortalApplication The following profiles are active: dev
2022-05-31 17:03:28 [main] INFO  org.springframework.data.repository.config.RepositoryConfigurationDelegate Multiple Spring Data modules found, entering strict repository configuration mode!
2022-05-31 17:03:28 [main] INFO  org.springframework.data.repository.config.RepositoryConfigurationDelegate Bootstrapping Spring Data MongoDB repositories in DEFAULT mode.
2022-05-31 17:03:28 [main] INFO  org.springframework.data.repository.config.RepositoryConfigurationDelegate Finished Spring Data repository scanning in 81ms. Found 3 MongoDB repository interfaces.
2022-05-31 17:03:28 [main] INFO  org.springframework.data.repository.config.RepositoryConfigurationDelegate Multiple Spring Data modules found, entering strict repository configuration mode!
2022-05-31 17:03:28 [main] INFO  org.springframework.data.repository.config.RepositoryConfigurationDelegate Bootstrapping Spring Data Redis repositories in DEFAULT mode.
2022-05-31 17:03:28 [main] INFO  org.springframework.data.repository.config.RepositoryConfigurationExtensionSupport Spring Data Redis - Could not safely identify store assignment for repository candidate interface com.dxl.mall.portal.repository.MemberBrandAttentionRepository. If you want this repository to be a Redis repository, consider annotating your entities with one of these annotations: org.springframework.data.redis.core.RedisHash (preferred), or consider extending one of the following types with your repository: org.springframework.data.keyvalue.repository.KeyValueRepository.
2022-05-31 17:03:28 [main] INFO  org.springframework.data.repository.config.RepositoryConfigurationExtensionSupport Spring Data Redis - Could not safely identify store assignment for repository candidate interface com.dxl.mall.portal.repository.MemberProductCollectionRepository. If you want this repository to be a Redis repository, consider annotating your entities with one of these annotations: org.springframework.data.redis.core.RedisHash (preferred), or consider extending one of the following types with your repository: org.springframework.data.keyvalue.repository.KeyValueRepository.
2022-05-31 17:03:28 [main] INFO  org.springframework.data.repository.config.RepositoryConfigurationExtensionSupport Spring Data Redis - Could not safely identify store assignment for repository candidate interface com.dxl.mall.portal.repository.MemberReadHistoryRepository. If you want this repository to be a Redis repository, consider annotating your entities with one of these annotations: org.springframework.data.redis.core.RedisHash (preferred), or consider extending one of the following types with your repository: org.springframework.data.keyvalue.repository.KeyValueRepository.
2022-05-31 17:03:28 [main] INFO  org.springframework.data.repository.config.RepositoryConfigurationDelegate Finished Spring Data repository scanning in 16ms. Found 0 Redis repository interfaces.
2022-05-31 17:03:28 [main] INFO  org.springframework.context.support.PostProcessorRegistrationDelegate$BeanPostProcessorChecker Bean 'org.springframework.security.access.expression.method.DefaultMethodSecurityExpressionHandler@40c2ce52' of type [org.springframework.security.access.expression.method.DefaultMethodSecurityExpressionHandler] is not eligible for getting processed by all BeanPostProcessors (for example: not eligible for auto-proxying)
2022-05-31 17:03:28 [main] INFO  org.springframework.context.support.PostProcessorRegistrationDelegate$BeanPostProcessorChecker Bean 'methodSecurityMetadataSource' of type [org.springframework.security.access.method.DelegatingMethodSecurityMetadataSource] is not eligible for getting processed by all BeanPostProcessors (for example: not eligible for auto-proxying)
2022-05-31 17:03:28 [main] INFO  org.springframework.boot.web.embedded.tomcat.TomcatWebServer Tomcat initialized with port(s): 8081 (http)
2022-05-31 17:03:28 [main] INFO  org.apache.catalina.core.StandardService Starting service [Tomcat]
2022-05-31 17:03:28 [main] INFO  org.apache.catalina.core.StandardEngine Starting Servlet engine: [Apache Tomcat/9.0.35]
2022-05-31 17:03:28 [main] INFO  org.apache.catalina.core.ContainerBase.[Tomcat].[localhost].[/] Initializing Spring embedded WebApplicationContext
2022-05-31 17:03:28 [main] INFO  org.springframework.boot.web.servlet.context.ServletWebServerApplicationContext Root WebApplicationContext: initialization completed in 1543 ms
2022-05-31 17:03:28 [main] INFO  com.alibaba.druid.spring.boot.autoconfigure.DruidDataSourceAutoConfigure Init DruidDataSource
2022-05-31 17:03:29 [main] INFO  com.alibaba.druid.pool.DruidDataSource {dataSource-1} inited
2022-05-31 17:03:30 [main] DEBUG com.dxl.mall.security.component.JwtAuthenticationTokenFilter Filter 'jwtAuthenticationTokenFilter' configured for use
2022-05-31 17:03:30 [main] INFO  org.mongodb.driver.cluster Cluster created with settings {hosts=[192.168.152.131:27017], mode=SINGLE, requiredClusterType=UNKNOWN, serverSelectionTimeout='30000 ms'}
2022-05-31 17:03:30 [cluster-ClusterId{value='6295d9e2661e29050e52dcdf', description='null'}-192.168.152.131:27017] INFO  org.mongodb.driver.connection Opened connection [connectionId{localValue:1, serverValue:114}] to 192.168.152.131:27017
2022-05-31 17:03:30 [cluster-ClusterId{value='6295d9e2661e29050e52dcdf', description='null'}-192.168.152.131:27017] INFO  org.mongodb.driver.cluster Monitor thread successfully connected to server with description ServerDescription{address=192.168.152.131:27017, type=STANDALONE, state=CONNECTED, ok=true, minWireVersion=0, maxWireVersion=6, maxDocumentSize=16777216, logicalSessionTimeoutMinutes=30, roundTripTimeNanos=1882000}
2022-05-31 17:03:31 [main] INFO  org.springframework.boot.actuate.endpoint.web.EndpointLinksResolver Exposing 2 endpoint(s) beneath base path '/actuator'
2022-05-31 17:03:31 [main] INFO  org.springframework.security.web.DefaultSecurityFilterChain Creating filter chain: any request, [org.springframework.security.web.context.request.async.WebAsyncManagerIntegrationFilter@250e8712, org.springframework.security.web.context.SecurityContextPersistenceFilter@77e1dacd, org.springframework.security.web.header.HeaderWriterFilter@102aa5fc, org.springframework.security.web.authentication.logout.LogoutFilter@3e0e0ba7, com.dxl.mall.security.component.JwtAuthenticationTokenFilter@77a2688d, org.springframework.security.web.savedrequest.RequestCacheAwareFilter@1c5d376c, org.springframework.security.web.servletapi.SecurityContextHolderAwareRequestFilter@56976b8b, org.springframework.security.web.authentication.AnonymousAuthenticationFilter@becb93a, org.springframework.security.web.session.SessionManagementFilter@796cf2b5, org.springframework.security.web.access.ExceptionTranslationFilter@1ad9d5be, org.springframework.security.web.access.intercept.FilterSecurityInterceptor@4a14f7d7]
2022-05-31 17:03:31 [main] INFO  springfox.documentation.spring.web.PropertySourcedRequestMappingHandlerMapping Mapped URL path [/v2/api-docs] onto method [springfox.documentation.swagger2.web.Swagger2Controller#getDocumentation(String, HttpServletRequest)]
2022-05-31 17:03:31 [main] INFO  org.springframework.scheduling.concurrent.ThreadPoolTaskExecutor Initializing ExecutorService 'applicationTaskExecutor'
2022-05-31 17:03:31 [main] INFO  org.springframework.boot.web.embedded.tomcat.TomcatWebServer Tomcat started on port(s): 8081 (http) with context path ''
2022-05-31 17:03:31 [main] INFO  springfox.documentation.spring.web.plugins.DocumentationPluginsBootstrapper Context refreshed
2022-05-31 17:03:31 [main] INFO  springfox.documentation.spring.web.plugins.DocumentationPluginsBootstrapper Found 1 custom documentation plugin(s)
2022-05-31 17:03:31 [main] INFO  springfox.documentation.spring.web.scanners.ApiListingReferenceScanner Scanning for api listing references
2022-05-31 17:03:32 [main] INFO  springfox.documentation.spring.web.readers.operation.CachingOperationNameGenerator Generating unique operation named: addUsingPOST_1
2022-05-31 17:03:32 [main] INFO  springfox.documentation.spring.web.readers.operation.CachingOperationNameGenerator Generating unique operation named: clearUsingPOST_1
2022-05-31 17:03:32 [main] INFO  springfox.documentation.spring.web.readers.operation.CachingOperationNameGenerator Generating unique operation named: deleteUsingPOST_1
2022-05-31 17:03:32 [main] INFO  springfox.documentation.spring.web.readers.operation.CachingOperationNameGenerator Generating unique operation named: detailUsingGET_1
2022-05-31 17:03:32 [main] INFO  springfox.documentation.spring.web.readers.operation.CachingOperationNameGenerator Generating unique operation named: listUsingGET_1
2022-05-31 17:03:32 [main] INFO  springfox.documentation.spring.web.readers.operation.CachingOperationNameGenerator Generating unique operation named: clearUsingPOST_2
2022-05-31 17:03:32 [main] INFO  springfox.documentation.spring.web.readers.operation.CachingOperationNameGenerator Generating unique operation named: deleteUsingPOST_2
2022-05-31 17:03:32 [main] INFO  springfox.documentation.spring.web.readers.operation.CachingOperationNameGenerator Generating unique operation named: listUsingGET_2
2022-05-31 17:03:32 [main] INFO  springfox.documentation.spring.web.readers.operation.CachingOperationNameGenerator Generating unique operation named: addUsingPOST_2
2022-05-31 17:03:32 [main] INFO  springfox.documentation.spring.web.readers.operation.CachingOperationNameGenerator Generating unique operation named: clearUsingPOST_3
2022-05-31 17:03:32 [main] INFO  springfox.documentation.spring.web.readers.operation.CachingOperationNameGenerator Generating unique operation named: deleteUsingPOST_3
2022-05-31 17:03:32 [main] INFO  springfox.documentation.spring.web.readers.operation.CachingOperationNameGenerator Generating unique operation named: listUsingGET_3
2022-05-31 17:03:32 [main] INFO  springfox.documentation.spring.web.readers.operation.CachingOperationNameGenerator Generating unique operation named: detailUsingGET_2
2022-05-31 17:03:32 [main] INFO  springfox.documentation.spring.web.readers.operation.CachingOperationNameGenerator Generating unique operation named: listUsingGET_4
2022-05-31 17:03:32 [main] INFO  springfox.documentation.spring.web.readers.operation.CachingOperationNameGenerator Generating unique operation named: createUsingPOST_1
2022-05-31 17:03:32 [main] INFO  springfox.documentation.spring.web.readers.operation.CachingOperationNameGenerator Generating unique operation named: detailUsingGET_3
2022-05-31 17:03:32 [main] INFO  springfox.documentation.spring.web.readers.operation.CachingOperationNameGenerator Generating unique operation named: detailUsingGET_4
2022-05-31 17:03:32 [main] INFO  springfox.documentation.spring.web.readers.operation.CachingOperationNameGenerator Generating unique operation named: addUsingPOST_3
2022-05-31 17:03:32 [main] INFO  springfox.documentation.spring.web.readers.operation.CachingOperationNameGenerator Generating unique operation named: listUsingGET_5
2022-05-31 17:03:32 [main] INFO  springfox.documentation.spring.web.readers.operation.CachingOperationNameGenerator Generating unique operation named: addUsingPOST_4
2022-05-31 17:03:32 [main] INFO  springfox.documentation.spring.web.readers.operation.CachingOperationNameGenerator Generating unique operation named: deleteUsingPOST_4
2022-05-31 17:03:32 [main] INFO  springfox.documentation.spring.web.readers.operation.CachingOperationNameGenerator Generating unique operation named: listUsingGET_6
2022-05-31 17:03:32 [main] INFO  org.springframework.amqp.rabbit.connection.CachingConnectionFactory Attempting to connect to: [192.168.152.130:5672]
2022-05-31 17:03:32 [main] INFO  org.springframework.amqp.rabbit.connection.CachingConnectionFactory Created new connection: rabbitConnectionFactory#ff4b223:0/SimpleConnection@7ca8f5d7 [delegate=amqp://admin@192.168.152.130:5672//mall, localPort= 6459]
2022-05-31 17:03:32 [main] INFO  com.dxl.mall.PortalApplication Started PortalApplication in 5.444 seconds (JVM running for 5.996)
2022-05-31 17:03:32 [RMI TCP Connection(7)-192.168.152.1] INFO  org.apache.catalina.core.ContainerBase.[Tomcat].[localhost].[/] Initializing Spring DispatcherServlet 'dispatcherServlet'
2022-05-31 17:03:32 [RMI TCP Connection(7)-192.168.152.1] INFO  org.springframework.web.servlet.DispatcherServlet Initializing Servlet 'dispatcherServlet'
2022-05-31 17:03:32 [RMI TCP Connection(7)-192.168.152.1] INFO  org.springframework.web.servlet.DispatcherServlet Completed initialization in 7 ms
2022-05-31 17:03:32 [RMI TCP Connection(6)-192.168.152.1] INFO  org.mongodb.driver.connection Opened connection [connectionId{localValue:2, serverValue:115}] to 192.168.152.131:27017
