2022-05-12 00:19:46 [main] INFO  com.dxl.mall.PortalApplication Starting PortalApplication on DESKTOP-207R08R with PID 23884 (D:\webProject\mall\portal\target\classes started by DXL in D:\webProject\mall)
2022-05-12 00:19:46 [main] DEBUG com.dxl.mall.PortalApplication Running with Spring Boot v2.3.7.RELEASE, Spring v5.2.12.RELEASE
2022-05-12 00:19:46 [main] INFO  com.dxl.mall.PortalApplication The following profiles are active: dev
2022-05-12 00:19:47 [main] INFO  org.springframework.data.repository.config.RepositoryConfigurationDelegate Multiple Spring Data modules found, entering strict repository configuration mode!
2022-05-12 00:19:47 [main] INFO  org.springframework.data.repository.config.RepositoryConfigurationDelegate Bootstrapping Spring Data Redis repositories in DEFAULT mode.
2022-05-12 00:19:47 [main] INFO  org.springframework.data.repository.config.RepositoryConfigurationDelegate Finished Spring Data repository scanning in 40ms. Found 0 Redis repository interfaces.
2022-05-12 00:19:47 [main] INFO  org.springframework.context.support.PostProcessorRegistrationDelegate$BeanPostProcessorChecker Bean 'org.springframework.security.access.expression.method.DefaultMethodSecurityExpressionHandler@11f9535b' of type [org.springframework.security.access.expression.method.DefaultMethodSecurityExpressionHandler] is not eligible for getting processed by all BeanPostProcessors (for example: not eligible for auto-proxying)
2022-05-12 00:19:47 [main] INFO  org.springframework.context.support.PostProcessorRegistrationDelegate$BeanPostProcessorChecker Bean 'methodSecurityMetadataSource' of type [org.springframework.security.access.method.DelegatingMethodSecurityMetadataSource] is not eligible for getting processed by all BeanPostProcessors (for example: not eligible for auto-proxying)
2022-05-12 00:19:47 [main] INFO  org.springframework.boot.web.embedded.tomcat.TomcatWebServer Tomcat initialized with port(s): 8081 (http)
2022-05-12 00:19:47 [main] INFO  org.apache.catalina.core.StandardService Starting service [Tomcat]
2022-05-12 00:19:47 [main] INFO  org.apache.catalina.core.StandardEngine Starting Servlet engine: [Apache Tomcat/9.0.35]
2022-05-12 00:19:47 [main] INFO  org.apache.catalina.core.ContainerBase.[Tomcat].[localhost].[/] Initializing Spring embedded WebApplicationContext
2022-05-12 00:19:47 [main] INFO  org.springframework.boot.web.servlet.context.ServletWebServerApplicationContext Root WebApplicationContext: initialization completed in 1774 ms
2022-05-12 00:19:48 [main] INFO  com.alibaba.druid.spring.boot.autoconfigure.DruidDataSourceAutoConfigure Init DruidDataSource
2022-05-12 00:19:48 [main] INFO  com.alibaba.druid.pool.DruidDataSource {dataSource-1} inited
2022-05-12 00:19:49 [main] DEBUG com.dxl.mall.security.component.JwtAuthenticationTokenFilter Filter 'jwtAuthenticationTokenFilter' configured for use
2022-05-12 00:19:50 [main] INFO  org.springframework.boot.actuate.endpoint.web.EndpointLinksResolver Exposing 2 endpoint(s) beneath base path '/actuator'
2022-05-12 00:19:50 [main] INFO  org.springframework.security.web.DefaultSecurityFilterChain Creating filter chain: any request, [org.springframework.security.web.context.request.async.WebAsyncManagerIntegrationFilter@1c8f71a7, org.springframework.security.web.context.SecurityContextPersistenceFilter@7d8f2eec, org.springframework.security.web.header.HeaderWriterFilter@62de73eb, org.springframework.security.web.authentication.logout.LogoutFilter@4348fa35, com.dxl.mall.security.component.JwtAuthenticationTokenFilter@5458c71e, org.springframework.security.web.savedrequest.RequestCacheAwareFilter@1d585fb, org.springframework.security.web.servletapi.SecurityContextHolderAwareRequestFilter@7079f8f0, org.springframework.security.web.authentication.AnonymousAuthenticationFilter@27e21083, org.springframework.security.web.session.SessionManagementFilter@11c3d22f, org.springframework.security.web.access.ExceptionTranslationFilter@73da7f08, org.springframework.security.web.access.intercept.FilterSecurityInterceptor@28f90752]
2022-05-12 00:19:50 [main] INFO  springfox.documentation.spring.web.PropertySourcedRequestMappingHandlerMapping Mapped URL path [/v2/api-docs] onto method [springfox.documentation.swagger2.web.Swagger2Controller#getDocumentation(String, HttpServletRequest)]
2022-05-12 00:19:50 [main] INFO  org.springframework.scheduling.concurrent.ThreadPoolTaskExecutor Initializing ExecutorService 'applicationTaskExecutor'
2022-05-12 00:19:50 [main] INFO  org.springframework.boot.web.embedded.tomcat.TomcatWebServer Tomcat started on port(s): 8081 (http) with context path ''
2022-05-12 00:19:50 [main] INFO  springfox.documentation.spring.web.plugins.DocumentationPluginsBootstrapper Context refreshed
2022-05-12 00:19:50 [main] INFO  springfox.documentation.spring.web.plugins.DocumentationPluginsBootstrapper Found 1 custom documentation plugin(s)
2022-05-12 00:19:50 [main] INFO  springfox.documentation.spring.web.scanners.ApiListingReferenceScanner Scanning for api listing references
2022-05-12 00:19:50 [main] INFO  org.springframework.amqp.rabbit.connection.CachingConnectionFactory Attempting to connect to: [192.168.152.130:5672]
2022-05-12 00:19:50 [main] INFO  org.springframework.amqp.rabbit.connection.CachingConnectionFactory Created new connection: rabbitConnectionFactory#2321e482:0/SimpleConnection@b5ff70b [delegate=amqp://admin@192.168.152.130:5672//mall, localPort= 6383]
2022-05-12 00:19:50 [main] INFO  com.dxl.mall.PortalApplication Started PortalApplication in 5.323 seconds (JVM running for 6.046)
2022-05-12 00:19:51 [RMI TCP Connection(2)-192.168.152.1] INFO  org.apache.catalina.core.ContainerBase.[Tomcat].[localhost].[/] Initializing Spring DispatcherServlet 'dispatcherServlet'
2022-05-12 00:19:51 [RMI TCP Connection(2)-192.168.152.1] INFO  org.springframework.web.servlet.DispatcherServlet Initializing Servlet 'dispatcherServlet'
2022-05-12 00:19:51 [RMI TCP Connection(2)-192.168.152.1] INFO  org.springframework.web.servlet.DispatcherServlet Completed initialization in 5 ms
