2022-04-18 20:37:43 [main] INFO  com.dxl.mall.AdminApplication Starting AdminApplication on DESKTOP-207R08R with PID 13284 (D:\webProject\mall\admin\target\classes started by DXL in D:\webProject\mall)
2022-04-18 20:37:43 [main] DEBUG com.dxl.mall.AdminApplication Running with Spring Boot v2.3.0.RELEASE, Spring v5.2.6.RELEASE
2022-04-18 20:37:43 [main] INFO  com.dxl.mall.AdminApplication The following profiles are active: dev
2022-04-18 20:37:44 [main] INFO  org.springframework.data.repository.config.RepositoryConfigurationDelegate Multiple Spring Data modules found, entering strict repository configuration mode!
2022-04-18 20:37:44 [main] INFO  org.springframework.data.repository.config.RepositoryConfigurationDelegate Bootstrapping Spring Data Redis repositories in DEFAULT mode.
2022-04-18 20:37:44 [main] INFO  org.springframework.data.repository.config.RepositoryConfigurationDelegate Finished Spring Data repository scanning in 49ms. Found 0 Redis repository interfaces.
2022-04-18 20:37:44 [main] INFO  org.springframework.context.support.PostProcessorRegistrationDelegate$BeanPostProcessorChecker Bean 'org.springframework.security.access.expression.method.DefaultMethodSecurityExpressionHandler@fe34b86' of type [org.springframework.security.access.expression.method.DefaultMethodSecurityExpressionHandler] is not eligible for getting processed by all BeanPostProcessors (for example: not eligible for auto-proxying)
2022-04-18 20:37:44 [main] INFO  org.springframework.context.support.PostProcessorRegistrationDelegate$BeanPostProcessorChecker Bean 'methodSecurityMetadataSource' of type [org.springframework.security.access.method.DelegatingMethodSecurityMetadataSource] is not eligible for getting processed by all BeanPostProcessors (for example: not eligible for auto-proxying)
2022-04-18 20:37:44 [main] INFO  org.springframework.boot.web.embedded.tomcat.TomcatWebServer Tomcat initialized with port(s): 8080 (http)
2022-04-18 20:37:44 [main] INFO  org.apache.catalina.core.StandardService Starting service [Tomcat]
2022-04-18 20:37:44 [main] INFO  org.apache.catalina.core.StandardEngine Starting Servlet engine: [Apache Tomcat/9.0.35]
2022-04-18 20:37:45 [main] INFO  org.apache.catalina.core.ContainerBase.[Tomcat].[localhost].[/] Initializing Spring embedded WebApplicationContext
2022-04-18 20:37:45 [main] INFO  org.springframework.web.context.ContextLoader Root WebApplicationContext: initialization completed in 1578 ms
2022-04-18 20:37:45 [main] INFO  com.alibaba.druid.spring.boot.autoconfigure.DruidDataSourceAutoConfigure Init DruidDataSource
2022-04-18 20:37:45 [main] INFO  com.alibaba.druid.pool.DruidDataSource {dataSource-1} inited
2022-04-18 20:37:46 [main] DEBUG com.dxl.mall.mapper.UmsResourceMapper.selectByExample ==>  Preparing: select id, create_time, name, url, description, category_id from ums_resource
2022-04-18 20:37:46 [main] DEBUG com.dxl.mall.mapper.UmsResourceMapper.selectByExample ==> Parameters: 
2022-04-18 20:37:46 [main] DEBUG com.dxl.mall.mapper.UmsResourceMapper.selectByExample <==      Total: 28
2022-04-18 20:37:46 [main] WARN  com.dxl.mall.security.component.DynamicSecurityFilter Could not validate configuration attributes as the SecurityMetadataSource did not return any attributes from getAllConfigAttributes()
2022-04-18 20:37:46 [main] DEBUG com.dxl.mall.security.component.JwtAuthenticationTokenFilter Filter 'jwtAuthenticationTokenFilter' configured for use
2022-04-18 20:37:46 [main] INFO  org.springframework.boot.actuate.endpoint.web.EndpointLinksResolver Exposing 2 endpoint(s) beneath base path '/actuator'
2022-04-18 20:37:46 [main] INFO  org.springframework.security.web.DefaultSecurityFilterChain Creating filter chain: any request, [org.springframework.security.web.context.request.async.WebAsyncManagerIntegrationFilter@774f2992, org.springframework.security.web.context.SecurityContextPersistenceFilter@58739e5e, org.springframework.security.web.header.HeaderWriterFilter@6b24ddd7, org.springframework.security.web.authentication.logout.LogoutFilter@7893c715, com.dxl.mall.security.component.JwtAuthenticationTokenFilter@175c5c3a, org.springframework.security.web.savedrequest.RequestCacheAwareFilter@2969a9a6, org.springframework.security.web.servletapi.SecurityContextHolderAwareRequestFilter@7fd751de, org.springframework.security.web.authentication.AnonymousAuthenticationFilter@602298b, org.springframework.security.web.session.SessionManagementFilter@6a51ae7c, org.springframework.security.web.access.ExceptionTranslationFilter@1b475663, com.dxl.mall.security.component.DynamicSecurityFilter@6ce26986, org.springframework.security.web.access.intercept.FilterSecurityInterceptor@5885e231]
2022-04-18 20:37:46 [main] INFO  springfox.documentation.spring.web.PropertySourcedRequestMappingHandlerMapping Mapped URL path [/v2/api-docs] onto method [springfox.documentation.swagger2.web.Swagger2Controller#getDocumentation(String, HttpServletRequest)]
2022-04-18 20:37:47 [main] INFO  org.springframework.scheduling.concurrent.ThreadPoolTaskExecutor Initializing ExecutorService 'applicationTaskExecutor'
2022-04-18 20:37:47 [main] INFO  org.springframework.boot.web.embedded.tomcat.TomcatWebServer Tomcat started on port(s): 8080 (http) with context path ''
2022-04-18 20:37:47 [main] INFO  springfox.documentation.spring.web.plugins.DocumentationPluginsBootstrapper Context refreshed
2022-04-18 20:37:47 [main] INFO  springfox.documentation.spring.web.plugins.DocumentationPluginsBootstrapper Found 1 custom documentation plugin(s)
2022-04-18 20:37:47 [main] INFO  springfox.documentation.spring.web.scanners.ApiListingReferenceScanner Scanning for api listing references
2022-04-18 20:37:47 [main] INFO  com.dxl.mall.AdminApplication Started AdminApplication in 4.476 seconds (JVM running for 5.079)
2022-04-18 20:37:48 [RMI TCP Connection(2)-192.168.152.1] INFO  org.apache.catalina.core.ContainerBase.[Tomcat].[localhost].[/] Initializing Spring DispatcherServlet 'dispatcherServlet'
2022-04-18 20:37:48 [RMI TCP Connection(2)-192.168.152.1] INFO  org.springframework.web.servlet.DispatcherServlet Initializing Servlet 'dispatcherServlet'
2022-04-18 20:37:48 [RMI TCP Connection(2)-192.168.152.1] INFO  org.springframework.web.servlet.DispatcherServlet Completed initialization in 7 ms
2022-04-18 20:39:33 [main] INFO  com.dxl.mall.AdminApplication Starting AdminApplication on DESKTOP-207R08R with PID 3612 (D:\webProject\mall\admin\target\classes started by DXL in D:\webProject\mall)
2022-04-18 20:39:33 [main] DEBUG com.dxl.mall.AdminApplication Running with Spring Boot v2.3.0.RELEASE, Spring v5.2.6.RELEASE
2022-04-18 20:39:33 [main] INFO  com.dxl.mall.AdminApplication The following profiles are active: dev
2022-04-18 20:39:34 [main] INFO  org.springframework.data.repository.config.RepositoryConfigurationDelegate Multiple Spring Data modules found, entering strict repository configuration mode!
2022-04-18 20:39:34 [main] INFO  org.springframework.data.repository.config.RepositoryConfigurationDelegate Bootstrapping Spring Data Redis repositories in DEFAULT mode.
2022-04-18 20:39:34 [main] INFO  org.springframework.data.repository.config.RepositoryConfigurationDelegate Finished Spring Data repository scanning in 58ms. Found 0 Redis repository interfaces.
2022-04-18 20:39:34 [main] INFO  org.springframework.context.support.PostProcessorRegistrationDelegate$BeanPostProcessorChecker Bean 'org.springframework.security.access.expression.method.DefaultMethodSecurityExpressionHandler@43da0955' of type [org.springframework.security.access.expression.method.DefaultMethodSecurityExpressionHandler] is not eligible for getting processed by all BeanPostProcessors (for example: not eligible for auto-proxying)
2022-04-18 20:39:34 [main] INFO  org.springframework.context.support.PostProcessorRegistrationDelegate$BeanPostProcessorChecker Bean 'methodSecurityMetadataSource' of type [org.springframework.security.access.method.DelegatingMethodSecurityMetadataSource] is not eligible for getting processed by all BeanPostProcessors (for example: not eligible for auto-proxying)
2022-04-18 20:39:35 [main] INFO  org.springframework.boot.web.embedded.tomcat.TomcatWebServer Tomcat initialized with port(s): 8080 (http)
2022-04-18 20:39:35 [main] INFO  org.apache.catalina.core.StandardService Starting service [Tomcat]
2022-04-18 20:39:35 [main] INFO  org.apache.catalina.core.StandardEngine Starting Servlet engine: [Apache Tomcat/9.0.35]
2022-04-18 20:39:35 [main] INFO  org.apache.catalina.core.ContainerBase.[Tomcat].[localhost].[/] Initializing Spring embedded WebApplicationContext
2022-04-18 20:39:35 [main] INFO  org.springframework.web.context.ContextLoader Root WebApplicationContext: initialization completed in 1689 ms
2022-04-18 20:39:35 [main] INFO  com.alibaba.druid.spring.boot.autoconfigure.DruidDataSourceAutoConfigure Init DruidDataSource
2022-04-18 20:39:35 [main] INFO  com.alibaba.druid.pool.DruidDataSource {dataSource-1} inited
2022-04-18 20:39:36 [main] DEBUG com.dxl.mall.mapper.UmsResourceMapper.selectByExample ==>  Preparing: select id, create_time, name, url, description, category_id from ums_resource
2022-04-18 20:39:36 [main] DEBUG com.dxl.mall.mapper.UmsResourceMapper.selectByExample ==> Parameters: 
2022-04-18 20:39:36 [main] DEBUG com.dxl.mall.mapper.UmsResourceMapper.selectByExample <==      Total: 28
2022-04-18 20:39:36 [main] WARN  com.dxl.mall.security.component.DynamicSecurityFilter Could not validate configuration attributes as the SecurityMetadataSource did not return any attributes from getAllConfigAttributes()
2022-04-18 20:39:36 [main] DEBUG com.dxl.mall.security.component.JwtAuthenticationTokenFilter Filter 'jwtAuthenticationTokenFilter' configured for use
2022-04-18 20:39:37 [main] INFO  org.springframework.boot.actuate.endpoint.web.EndpointLinksResolver Exposing 2 endpoint(s) beneath base path '/actuator'
2022-04-18 20:39:37 [main] INFO  org.springframework.security.web.DefaultSecurityFilterChain Creating filter chain: any request, [org.springframework.security.web.context.request.async.WebAsyncManagerIntegrationFilter@2674ca88, org.springframework.security.web.context.SecurityContextPersistenceFilter@320ba79f, org.springframework.security.web.header.HeaderWriterFilter@76e2a621, org.springframework.security.web.authentication.logout.LogoutFilter@44da745f, com.dxl.mall.security.component.JwtAuthenticationTokenFilter@795faad, org.springframework.security.web.savedrequest.RequestCacheAwareFilter@333a2df2, org.springframework.security.web.servletapi.SecurityContextHolderAwareRequestFilter@36cf6377, org.springframework.security.web.authentication.AnonymousAuthenticationFilter@67a3dd86, org.springframework.security.web.session.SessionManagementFilter@29dfc68f, org.springframework.security.web.access.ExceptionTranslationFilter@3c20e9d6, com.dxl.mall.security.component.DynamicSecurityFilter@5a1c7619, org.springframework.security.web.access.intercept.FilterSecurityInterceptor@5dc7391e]
2022-04-18 20:39:37 [main] INFO  springfox.documentation.spring.web.PropertySourcedRequestMappingHandlerMapping Mapped URL path [/v2/api-docs] onto method [springfox.documentation.swagger2.web.Swagger2Controller#getDocumentation(String, HttpServletRequest)]
2022-04-18 20:39:37 [main] INFO  org.springframework.scheduling.concurrent.ThreadPoolTaskExecutor Initializing ExecutorService 'applicationTaskExecutor'
2022-04-18 20:39:37 [main] INFO  org.springframework.boot.web.embedded.tomcat.TomcatWebServer Tomcat started on port(s): 8080 (http) with context path ''
2022-04-18 20:39:37 [main] INFO  springfox.documentation.spring.web.plugins.DocumentationPluginsBootstrapper Context refreshed
2022-04-18 20:39:37 [main] INFO  springfox.documentation.spring.web.plugins.DocumentationPluginsBootstrapper Found 1 custom documentation plugin(s)
2022-04-18 20:39:37 [main] INFO  springfox.documentation.spring.web.scanners.ApiListingReferenceScanner Scanning for api listing references
2022-04-18 20:39:37 [main] INFO  com.dxl.mall.AdminApplication Started AdminApplication in 4.776 seconds (JVM running for 6.039)
2022-04-18 20:39:38 [RMI TCP Connection(2)-192.168.152.1] INFO  org.apache.catalina.core.ContainerBase.[Tomcat].[localhost].[/] Initializing Spring DispatcherServlet 'dispatcherServlet'
2022-04-18 20:39:38 [RMI TCP Connection(2)-192.168.152.1] INFO  org.springframework.web.servlet.DispatcherServlet Initializing Servlet 'dispatcherServlet'
2022-04-18 20:39:38 [RMI TCP Connection(2)-192.168.152.1] INFO  org.springframework.web.servlet.DispatcherServlet Completed initialization in 6 ms
2022-04-18 20:39:57 [http-nio-8080-exec-1] DEBUG com.dxl.mall.mapper.UmsAdminMapper.selectByExample ==>  Preparing: select id, username, password, icon, email, nick_name, note, create_time, login_time, status from ums_admin WHERE ( username = ? )
2022-04-18 20:39:57 [http-nio-8080-exec-1] DEBUG com.dxl.mall.mapper.UmsAdminMapper.selectByExample ==> Parameters: dxl(String)
2022-04-18 20:39:57 [http-nio-8080-exec-1] DEBUG com.dxl.mall.mapper.UmsAdminMapper.selectByExample <==      Total: 1
2022-04-18 20:40:52 [SpringContextShutdownHook] INFO  org.springframework.scheduling.concurrent.ThreadPoolTaskExecutor Shutting down ExecutorService 'applicationTaskExecutor'
2022-04-18 20:40:53 [SpringContextShutdownHook] INFO  com.alibaba.druid.pool.DruidDataSource {dataSource-1} closing ...
2022-04-18 20:40:53 [SpringContextShutdownHook] INFO  com.alibaba.druid.pool.DruidDataSource {dataSource-1} closed
2022-04-18 20:42:03 [main] INFO  com.dxl.mall.AdminApplication Starting AdminApplication on DESKTOP-207R08R with PID 13676 (D:\webProject\mall\admin\target\classes started by DXL in D:\webProject\mall)
2022-04-18 20:42:03 [main] DEBUG com.dxl.mall.AdminApplication Running with Spring Boot v2.3.0.RELEASE, Spring v5.2.6.RELEASE
2022-04-18 20:42:03 [main] INFO  com.dxl.mall.AdminApplication The following profiles are active: dev
2022-04-18 20:42:03 [main] INFO  org.springframework.data.repository.config.RepositoryConfigurationDelegate Multiple Spring Data modules found, entering strict repository configuration mode!
2022-04-18 20:42:03 [main] INFO  org.springframework.data.repository.config.RepositoryConfigurationDelegate Bootstrapping Spring Data Redis repositories in DEFAULT mode.
2022-04-18 20:42:04 [main] INFO  org.springframework.data.repository.config.RepositoryConfigurationDelegate Finished Spring Data repository scanning in 41ms. Found 0 Redis repository interfaces.
2022-04-18 20:42:04 [main] INFO  org.springframework.context.support.PostProcessorRegistrationDelegate$BeanPostProcessorChecker Bean 'org.springframework.security.access.expression.method.DefaultMethodSecurityExpressionHandler@647b9364' of type [org.springframework.security.access.expression.method.DefaultMethodSecurityExpressionHandler] is not eligible for getting processed by all BeanPostProcessors (for example: not eligible for auto-proxying)
2022-04-18 20:42:04 [main] INFO  org.springframework.context.support.PostProcessorRegistrationDelegate$BeanPostProcessorChecker Bean 'methodSecurityMetadataSource' of type [org.springframework.security.access.method.DelegatingMethodSecurityMetadataSource] is not eligible for getting processed by all BeanPostProcessors (for example: not eligible for auto-proxying)
2022-04-18 20:42:04 [main] INFO  org.springframework.boot.web.embedded.tomcat.TomcatWebServer Tomcat initialized with port(s): 8080 (http)
2022-04-18 20:42:04 [main] INFO  org.apache.catalina.core.StandardService Starting service [Tomcat]
2022-04-18 20:42:04 [main] INFO  org.apache.catalina.core.StandardEngine Starting Servlet engine: [Apache Tomcat/9.0.35]
2022-04-18 20:42:04 [main] INFO  org.apache.catalina.core.ContainerBase.[Tomcat].[localhost].[/] Initializing Spring embedded WebApplicationContext
2022-04-18 20:42:04 [main] INFO  org.springframework.web.context.ContextLoader Root WebApplicationContext: initialization completed in 1548 ms
2022-04-18 20:42:04 [main] INFO  com.alibaba.druid.spring.boot.autoconfigure.DruidDataSourceAutoConfigure Init DruidDataSource
2022-04-18 20:42:05 [main] INFO  com.alibaba.druid.pool.DruidDataSource {dataSource-1} inited
2022-04-18 20:42:06 [main] DEBUG com.dxl.mall.mapper.UmsResourceMapper.selectByExample ==>  Preparing: select id, create_time, name, url, description, category_id from ums_resource
2022-04-18 20:42:06 [main] DEBUG com.dxl.mall.mapper.UmsResourceMapper.selectByExample ==> Parameters: 
2022-04-18 20:42:06 [main] DEBUG com.dxl.mall.mapper.UmsResourceMapper.selectByExample <==      Total: 28
2022-04-18 20:42:06 [main] WARN  com.dxl.mall.security.component.DynamicSecurityFilter Could not validate configuration attributes as the SecurityMetadataSource did not return any attributes from getAllConfigAttributes()
2022-04-18 20:42:06 [main] DEBUG com.dxl.mall.security.component.JwtAuthenticationTokenFilter Filter 'jwtAuthenticationTokenFilter' configured for use
2022-04-18 20:42:06 [main] INFO  org.springframework.boot.actuate.endpoint.web.EndpointLinksResolver Exposing 2 endpoint(s) beneath base path '/actuator'
2022-04-18 20:42:06 [main] INFO  org.springframework.security.web.DefaultSecurityFilterChain Creating filter chain: any request, [org.springframework.security.web.context.request.async.WebAsyncManagerIntegrationFilter@23c00420, org.springframework.security.web.context.SecurityContextPersistenceFilter@2b6ee447, org.springframework.security.web.header.HeaderWriterFilter@667dd150, org.springframework.security.web.authentication.logout.LogoutFilter@776d8097, com.dxl.mall.security.component.JwtAuthenticationTokenFilter@552bee2f, org.springframework.security.web.savedrequest.RequestCacheAwareFilter@8585cdd, org.springframework.security.web.servletapi.SecurityContextHolderAwareRequestFilter@683ed81b, org.springframework.security.web.authentication.AnonymousAuthenticationFilter@22f046b, org.springframework.security.web.session.SessionManagementFilter@663cf5d7, org.springframework.security.web.access.ExceptionTranslationFilter@7131d668, com.dxl.mall.security.component.DynamicSecurityFilter@1d2c253, org.springframework.security.web.access.intercept.FilterSecurityInterceptor@2de7fe0e]
2022-04-18 20:42:06 [main] INFO  springfox.documentation.spring.web.PropertySourcedRequestMappingHandlerMapping Mapped URL path [/v2/api-docs] onto method [springfox.documentation.swagger2.web.Swagger2Controller#getDocumentation(String, HttpServletRequest)]
2022-04-18 20:42:06 [main] INFO  org.springframework.scheduling.concurrent.ThreadPoolTaskExecutor Initializing ExecutorService 'applicationTaskExecutor'
2022-04-18 20:42:07 [main] INFO  org.springframework.boot.web.embedded.tomcat.TomcatWebServer Tomcat started on port(s): 8080 (http) with context path ''
2022-04-18 20:42:07 [main] INFO  springfox.documentation.spring.web.plugins.DocumentationPluginsBootstrapper Context refreshed
2022-04-18 20:42:07 [main] INFO  springfox.documentation.spring.web.plugins.DocumentationPluginsBootstrapper Found 1 custom documentation plugin(s)
2022-04-18 20:42:07 [main] INFO  springfox.documentation.spring.web.scanners.ApiListingReferenceScanner Scanning for api listing references
2022-04-18 20:42:07 [main] INFO  com.dxl.mall.AdminApplication Started AdminApplication in 4.724 seconds (JVM running for 5.51)
2022-04-18 20:42:07 [RMI TCP Connection(1)-192.168.152.1] INFO  org.apache.catalina.core.ContainerBase.[Tomcat].[localhost].[/] Initializing Spring DispatcherServlet 'dispatcherServlet'
2022-04-18 20:42:07 [RMI TCP Connection(1)-192.168.152.1] INFO  org.springframework.web.servlet.DispatcherServlet Initializing Servlet 'dispatcherServlet'
2022-04-18 20:42:07 [RMI TCP Connection(1)-192.168.152.1] INFO  org.springframework.web.servlet.DispatcherServlet Completed initialization in 9 ms
2022-04-18 20:42:36 [SpringContextShutdownHook] INFO  org.springframework.scheduling.concurrent.ThreadPoolTaskExecutor Shutting down ExecutorService 'applicationTaskExecutor'
2022-04-18 20:42:36 [SpringContextShutdownHook] INFO  com.alibaba.druid.pool.DruidDataSource {dataSource-1} closing ...
2022-04-18 20:42:36 [SpringContextShutdownHook] INFO  com.alibaba.druid.pool.DruidDataSource {dataSource-1} closed
2022-04-18 20:42:42 [main] INFO  com.dxl.mall.AdminApplication Starting AdminApplication on DESKTOP-207R08R with PID 8180 (D:\webProject\mall\admin\target\classes started by DXL in D:\webProject\mall)
2022-04-18 20:42:42 [main] DEBUG com.dxl.mall.AdminApplication Running with Spring Boot v2.3.0.RELEASE, Spring v5.2.6.RELEASE
2022-04-18 20:42:42 [main] INFO  com.dxl.mall.AdminApplication The following profiles are active: dev
2022-04-18 20:42:43 [main] INFO  org.springframework.data.repository.config.RepositoryConfigurationDelegate Multiple Spring Data modules found, entering strict repository configuration mode!
2022-04-18 20:42:43 [main] INFO  org.springframework.data.repository.config.RepositoryConfigurationDelegate Bootstrapping Spring Data Redis repositories in DEFAULT mode.
2022-04-18 20:42:43 [main] INFO  org.springframework.data.repository.config.RepositoryConfigurationDelegate Finished Spring Data repository scanning in 35ms. Found 0 Redis repository interfaces.
2022-04-18 20:42:44 [main] INFO  org.springframework.context.support.PostProcessorRegistrationDelegate$BeanPostProcessorChecker Bean 'org.springframework.security.access.expression.method.DefaultMethodSecurityExpressionHandler@7459a21e' of type [org.springframework.security.access.expression.method.DefaultMethodSecurityExpressionHandler] is not eligible for getting processed by all BeanPostProcessors (for example: not eligible for auto-proxying)
2022-04-18 20:42:44 [main] INFO  org.springframework.context.support.PostProcessorRegistrationDelegate$BeanPostProcessorChecker Bean 'methodSecurityMetadataSource' of type [org.springframework.security.access.method.DelegatingMethodSecurityMetadataSource] is not eligible for getting processed by all BeanPostProcessors (for example: not eligible for auto-proxying)
2022-04-18 20:42:44 [main] INFO  org.springframework.boot.web.embedded.tomcat.TomcatWebServer Tomcat initialized with port(s): 8080 (http)
2022-04-18 20:42:44 [main] INFO  org.apache.catalina.core.StandardService Starting service [Tomcat]
2022-04-18 20:42:44 [main] INFO  org.apache.catalina.core.StandardEngine Starting Servlet engine: [Apache Tomcat/9.0.35]
2022-04-18 20:42:44 [main] INFO  org.apache.catalina.core.ContainerBase.[Tomcat].[localhost].[/] Initializing Spring embedded WebApplicationContext
2022-04-18 20:42:44 [main] INFO  org.springframework.web.context.ContextLoader Root WebApplicationContext: initialization completed in 1620 ms
2022-04-18 20:42:44 [main] INFO  com.alibaba.druid.spring.boot.autoconfigure.DruidDataSourceAutoConfigure Init DruidDataSource
2022-04-18 20:42:44 [main] INFO  com.alibaba.druid.pool.DruidDataSource {dataSource-1} inited
2022-04-18 20:42:45 [main] DEBUG com.dxl.mall.mapper.UmsResourceMapper.selectByExample ==>  Preparing: select id, create_time, name, url, description, category_id from ums_resource
2022-04-18 20:42:45 [main] DEBUG com.dxl.mall.mapper.UmsResourceMapper.selectByExample ==> Parameters: 
2022-04-18 20:42:45 [main] DEBUG com.dxl.mall.mapper.UmsResourceMapper.selectByExample <==      Total: 28
2022-04-18 20:42:45 [main] WARN  com.dxl.mall.security.component.DynamicSecurityFilter Could not validate configuration attributes as the SecurityMetadataSource did not return any attributes from getAllConfigAttributes()
2022-04-18 20:42:45 [main] DEBUG com.dxl.mall.security.component.JwtAuthenticationTokenFilter Filter 'jwtAuthenticationTokenFilter' configured for use
2022-04-18 20:42:46 [main] INFO  org.springframework.boot.actuate.endpoint.web.EndpointLinksResolver Exposing 2 endpoint(s) beneath base path '/actuator'
2022-04-18 20:42:46 [main] INFO  org.springframework.security.web.DefaultSecurityFilterChain Creating filter chain: any request, [org.springframework.security.web.context.request.async.WebAsyncManagerIntegrationFilter@18209303, org.springframework.security.web.context.SecurityContextPersistenceFilter@5ca8bd01, org.springframework.security.web.header.HeaderWriterFilter@3de383f7, org.springframework.security.web.authentication.logout.LogoutFilter@5b2c7186, com.dxl.mall.security.component.JwtAuthenticationTokenFilter@6d6f6ca9, org.springframework.security.web.savedrequest.RequestCacheAwareFilter@70e5737f, org.springframework.security.web.servletapi.SecurityContextHolderAwareRequestFilter@13f182b9, org.springframework.security.web.authentication.AnonymousAuthenticationFilter@57df09a7, org.springframework.security.web.session.SessionManagementFilter@20556566, org.springframework.security.web.access.ExceptionTranslationFilter@72646d16, com.dxl.mall.security.component.DynamicSecurityFilter@e993715, org.springframework.security.web.access.intercept.FilterSecurityInterceptor@57e57dc5]
2022-04-18 20:42:46 [main] INFO  springfox.documentation.spring.web.PropertySourcedRequestMappingHandlerMapping Mapped URL path [/v2/api-docs] onto method [springfox.documentation.swagger2.web.Swagger2Controller#getDocumentation(String, HttpServletRequest)]
2022-04-18 20:42:46 [main] INFO  org.springframework.scheduling.concurrent.ThreadPoolTaskExecutor Initializing ExecutorService 'applicationTaskExecutor'
2022-04-18 20:42:46 [main] INFO  org.springframework.boot.web.embedded.tomcat.TomcatWebServer Tomcat started on port(s): 8080 (http) with context path ''
2022-04-18 20:42:46 [main] INFO  springfox.documentation.spring.web.plugins.DocumentationPluginsBootstrapper Context refreshed
2022-04-18 20:42:46 [main] INFO  springfox.documentation.spring.web.plugins.DocumentationPluginsBootstrapper Found 1 custom documentation plugin(s)
2022-04-18 20:42:46 [main] INFO  springfox.documentation.spring.web.scanners.ApiListingReferenceScanner Scanning for api listing references
2022-04-18 20:42:46 [main] INFO  com.dxl.mall.AdminApplication Started AdminApplication in 4.724 seconds (JVM running for 5.408)
2022-04-18 20:42:47 [RMI TCP Connection(2)-192.168.152.1] INFO  org.apache.catalina.core.ContainerBase.[Tomcat].[localhost].[/] Initializing Spring DispatcherServlet 'dispatcherServlet'
2022-04-18 20:42:47 [RMI TCP Connection(2)-192.168.152.1] INFO  org.springframework.web.servlet.DispatcherServlet Initializing Servlet 'dispatcherServlet'
2022-04-18 20:42:47 [RMI TCP Connection(2)-192.168.152.1] INFO  org.springframework.web.servlet.DispatcherServlet Completed initialization in 7 ms
2022-04-18 20:43:18 [SpringContextShutdownHook] INFO  org.springframework.scheduling.concurrent.ThreadPoolTaskExecutor Shutting down ExecutorService 'applicationTaskExecutor'
2022-04-18 20:43:18 [SpringContextShutdownHook] INFO  com.alibaba.druid.pool.DruidDataSource {dataSource-1} closing ...
2022-04-18 20:43:18 [SpringContextShutdownHook] INFO  com.alibaba.druid.pool.DruidDataSource {dataSource-1} closed
2022-04-18 20:43:22 [main] INFO  com.dxl.mall.AdminApplication Starting AdminApplication on DESKTOP-207R08R with PID 13232 (D:\webProject\mall\admin\target\classes started by DXL in D:\webProject\mall)
2022-04-18 20:43:22 [main] DEBUG com.dxl.mall.AdminApplication Running with Spring Boot v2.3.0.RELEASE, Spring v5.2.6.RELEASE
2022-04-18 20:43:22 [main] INFO  com.dxl.mall.AdminApplication The following profiles are active: dev
2022-04-18 20:43:23 [main] INFO  org.springframework.data.repository.config.RepositoryConfigurationDelegate Multiple Spring Data modules found, entering strict repository configuration mode!
2022-04-18 20:43:23 [main] INFO  org.springframework.data.repository.config.RepositoryConfigurationDelegate Bootstrapping Spring Data Redis repositories in DEFAULT mode.
2022-04-18 20:43:23 [main] INFO  org.springframework.data.repository.config.RepositoryConfigurationDelegate Finished Spring Data repository scanning in 36ms. Found 0 Redis repository interfaces.
2022-04-18 20:43:23 [main] INFO  org.springframework.context.support.PostProcessorRegistrationDelegate$BeanPostProcessorChecker Bean 'org.springframework.security.access.expression.method.DefaultMethodSecurityExpressionHandler@475f5672' of type [org.springframework.security.access.expression.method.DefaultMethodSecurityExpressionHandler] is not eligible for getting processed by all BeanPostProcessors (for example: not eligible for auto-proxying)
2022-04-18 20:43:23 [main] INFO  org.springframework.context.support.PostProcessorRegistrationDelegate$BeanPostProcessorChecker Bean 'methodSecurityMetadataSource' of type [org.springframework.security.access.method.DelegatingMethodSecurityMetadataSource] is not eligible for getting processed by all BeanPostProcessors (for example: not eligible for auto-proxying)
2022-04-18 20:43:24 [main] INFO  org.springframework.boot.web.embedded.tomcat.TomcatWebServer Tomcat initialized with port(s): 8080 (http)
2022-04-18 20:43:24 [main] INFO  org.apache.catalina.core.StandardService Starting service [Tomcat]
2022-04-18 20:43:24 [main] INFO  org.apache.catalina.core.StandardEngine Starting Servlet engine: [Apache Tomcat/9.0.35]
2022-04-18 20:43:24 [main] INFO  org.apache.catalina.core.ContainerBase.[Tomcat].[localhost].[/] Initializing Spring embedded WebApplicationContext
2022-04-18 20:43:24 [main] INFO  org.springframework.web.context.ContextLoader Root WebApplicationContext: initialization completed in 1546 ms
2022-04-18 20:43:24 [main] INFO  com.alibaba.druid.spring.boot.autoconfigure.DruidDataSourceAutoConfigure Init DruidDataSource
2022-04-18 20:43:24 [main] INFO  com.alibaba.druid.pool.DruidDataSource {dataSource-1} inited
2022-04-18 20:43:25 [main] DEBUG com.dxl.mall.mapper.UmsResourceMapper.selectByExample ==>  Preparing: select id, create_time, name, url, description, category_id from ums_resource
2022-04-18 20:43:25 [main] DEBUG com.dxl.mall.mapper.UmsResourceMapper.selectByExample ==> Parameters: 
2022-04-18 20:43:25 [main] DEBUG com.dxl.mall.mapper.UmsResourceMapper.selectByExample <==      Total: 28
2022-04-18 20:43:25 [main] WARN  com.dxl.mall.security.component.DynamicSecurityFilter Could not validate configuration attributes as the SecurityMetadataSource did not return any attributes from getAllConfigAttributes()
2022-04-18 20:43:25 [main] DEBUG com.dxl.mall.security.component.JwtAuthenticationTokenFilter Filter 'jwtAuthenticationTokenFilter' configured for use
2022-04-18 20:43:26 [main] INFO  org.springframework.boot.actuate.endpoint.web.EndpointLinksResolver Exposing 2 endpoint(s) beneath base path '/actuator'
2022-04-18 20:43:26 [main] INFO  org.springframework.security.web.DefaultSecurityFilterChain Creating filter chain: any request, [org.springframework.security.web.context.request.async.WebAsyncManagerIntegrationFilter@61246109, org.springframework.security.web.context.SecurityContextPersistenceFilter@5e278e25, org.springframework.security.web.header.HeaderWriterFilter@57df09a7, org.springframework.security.web.authentication.logout.LogoutFilter@2cc97e47, com.dxl.mall.security.component.JwtAuthenticationTokenFilter@4fa8297b, org.springframework.security.web.savedrequest.RequestCacheAwareFilter@2ab7f649, org.springframework.security.web.servletapi.SecurityContextHolderAwareRequestFilter@4727e5fc, org.springframework.security.web.authentication.AnonymousAuthenticationFilter@3f9e8af5, org.springframework.security.web.session.SessionManagementFilter@3d2eb7fa, org.springframework.security.web.access.ExceptionTranslationFilter@11ee671f, com.dxl.mall.security.component.DynamicSecurityFilter@7d3bcd3, org.springframework.security.web.access.intercept.FilterSecurityInterceptor@366b4a7b]
2022-04-18 20:43:26 [main] INFO  springfox.documentation.spring.web.PropertySourcedRequestMappingHandlerMapping Mapped URL path [/v2/api-docs] onto method [springfox.documentation.swagger2.web.Swagger2Controller#getDocumentation(String, HttpServletRequest)]
2022-04-18 20:43:26 [main] INFO  org.springframework.scheduling.concurrent.ThreadPoolTaskExecutor Initializing ExecutorService 'applicationTaskExecutor'
2022-04-18 20:43:26 [main] INFO  org.springframework.boot.web.embedded.tomcat.TomcatWebServer Tomcat started on port(s): 8080 (http) with context path ''
2022-04-18 20:43:26 [main] INFO  springfox.documentation.spring.web.plugins.DocumentationPluginsBootstrapper Context refreshed
2022-04-18 20:43:26 [main] INFO  springfox.documentation.spring.web.plugins.DocumentationPluginsBootstrapper Found 1 custom documentation plugin(s)
2022-04-18 20:43:26 [main] INFO  springfox.documentation.spring.web.scanners.ApiListingReferenceScanner Scanning for api listing references
2022-04-18 20:43:26 [main] INFO  com.dxl.mall.AdminApplication Started AdminApplication in 4.556 seconds (JVM running for 5.195)
2022-04-18 20:43:27 [RMI TCP Connection(3)-192.168.152.1] INFO  org.apache.catalina.core.ContainerBase.[Tomcat].[localhost].[/] Initializing Spring DispatcherServlet 'dispatcherServlet'
2022-04-18 20:43:27 [RMI TCP Connection(3)-192.168.152.1] INFO  org.springframework.web.servlet.DispatcherServlet Initializing Servlet 'dispatcherServlet'
2022-04-18 20:43:27 [RMI TCP Connection(3)-192.168.152.1] INFO  org.springframework.web.servlet.DispatcherServlet Completed initialization in 7 ms
2022-04-18 20:44:11 [SpringContextShutdownHook] INFO  org.springframework.scheduling.concurrent.ThreadPoolTaskExecutor Shutting down ExecutorService 'applicationTaskExecutor'
2022-04-18 20:44:12 [SpringContextShutdownHook] INFO  com.alibaba.druid.pool.DruidDataSource {dataSource-1} closing ...
2022-04-18 20:44:12 [SpringContextShutdownHook] INFO  com.alibaba.druid.pool.DruidDataSource {dataSource-1} closed
2022-04-18 20:53:24 [main] INFO  com.dxl.mall.AdminApplication Starting AdminApplication on DESKTOP-207R08R with PID 10236 (D:\webProject\mall\admin\target\classes started by DXL in D:\webProject\mall)
2022-04-18 20:53:24 [main] DEBUG com.dxl.mall.AdminApplication Running with Spring Boot v2.3.0.RELEASE, Spring v5.2.6.RELEASE
2022-04-18 20:53:24 [main] INFO  com.dxl.mall.AdminApplication The following profiles are active: dev
2022-04-18 20:53:26 [main] INFO  org.springframework.data.repository.config.RepositoryConfigurationDelegate Multiple Spring Data modules found, entering strict repository configuration mode!
2022-04-18 20:53:26 [main] INFO  org.springframework.data.repository.config.RepositoryConfigurationDelegate Bootstrapping Spring Data Redis repositories in DEFAULT mode.
2022-04-18 20:53:26 [main] INFO  org.springframework.data.repository.config.RepositoryConfigurationDelegate Finished Spring Data repository scanning in 49ms. Found 0 Redis repository interfaces.
2022-04-18 20:53:26 [main] INFO  org.springframework.context.support.PostProcessorRegistrationDelegate$BeanPostProcessorChecker Bean 'org.springframework.security.access.expression.method.DefaultMethodSecurityExpressionHandler@53c6f96d' of type [org.springframework.security.access.expression.method.DefaultMethodSecurityExpressionHandler] is not eligible for getting processed by all BeanPostProcessors (for example: not eligible for auto-proxying)
2022-04-18 20:53:26 [main] INFO  org.springframework.context.support.PostProcessorRegistrationDelegate$BeanPostProcessorChecker Bean 'methodSecurityMetadataSource' of type [org.springframework.security.access.method.DelegatingMethodSecurityMetadataSource] is not eligible for getting processed by all BeanPostProcessors (for example: not eligible for auto-proxying)
2022-04-18 20:53:26 [main] INFO  org.springframework.boot.web.embedded.tomcat.TomcatWebServer Tomcat initialized with port(s): 8080 (http)
2022-04-18 20:53:26 [main] INFO  org.apache.catalina.core.StandardService Starting service [Tomcat]
2022-04-18 20:53:26 [main] INFO  org.apache.catalina.core.StandardEngine Starting Servlet engine: [Apache Tomcat/9.0.35]
2022-04-18 20:53:26 [main] INFO  org.apache.catalina.core.ContainerBase.[Tomcat].[localhost].[/] Initializing Spring embedded WebApplicationContext
2022-04-18 20:53:26 [main] INFO  org.springframework.web.context.ContextLoader Root WebApplicationContext: initialization completed in 1744 ms
2022-04-18 20:53:26 [main] INFO  com.alibaba.druid.spring.boot.autoconfigure.DruidDataSourceAutoConfigure Init DruidDataSource
2022-04-18 20:53:27 [main] INFO  com.alibaba.druid.pool.DruidDataSource {dataSource-1} inited
2022-04-18 20:53:28 [main] DEBUG com.dxl.mall.mapper.UmsResourceMapper.selectByExample ==>  Preparing: select id, create_time, name, url, description, category_id from ums_resource
2022-04-18 20:53:28 [main] DEBUG com.dxl.mall.mapper.UmsResourceMapper.selectByExample ==> Parameters: 
2022-04-18 20:53:28 [main] DEBUG com.dxl.mall.mapper.UmsResourceMapper.selectByExample <==      Total: 28
2022-04-18 20:53:28 [main] WARN  com.dxl.mall.security.component.DynamicSecurityFilter Could not validate configuration attributes as the SecurityMetadataSource did not return any attributes from getAllConfigAttributes()
2022-04-18 20:53:28 [main] DEBUG com.dxl.mall.security.component.JwtAuthenticationTokenFilter Filter 'jwtAuthenticationTokenFilter' configured for use
2022-04-18 20:53:28 [main] INFO  org.springframework.boot.actuate.endpoint.web.EndpointLinksResolver Exposing 2 endpoint(s) beneath base path '/actuator'
2022-04-18 20:53:28 [main] INFO  org.springframework.security.web.DefaultSecurityFilterChain Creating filter chain: any request, [org.springframework.security.web.context.request.async.WebAsyncManagerIntegrationFilter@41ece227, org.springframework.security.web.context.SecurityContextPersistenceFilter@1d944fc0, org.springframework.security.web.header.HeaderWriterFilter@1bb96449, org.springframework.security.web.authentication.logout.LogoutFilter@4e2cdc51, com.dxl.mall.security.component.JwtAuthenticationTokenFilter@755b5f30, org.springframework.security.web.savedrequest.RequestCacheAwareFilter@1b791dca, org.springframework.security.web.servletapi.SecurityContextHolderAwareRequestFilter@5df92089, org.springframework.security.web.authentication.AnonymousAuthenticationFilter@5e3d2765, org.springframework.security.web.session.SessionManagementFilter@30cafd13, org.springframework.security.web.access.ExceptionTranslationFilter@50ff7063, com.dxl.mall.security.component.DynamicSecurityFilter@7af327e3, org.springframework.security.web.access.intercept.FilterSecurityInterceptor@18e6b72b]
2022-04-18 20:53:28 [main] INFO  springfox.documentation.spring.web.PropertySourcedRequestMappingHandlerMapping Mapped URL path [/v2/api-docs] onto method [springfox.documentation.swagger2.web.Swagger2Controller#getDocumentation(String, HttpServletRequest)]
2022-04-18 20:53:28 [main] INFO  org.springframework.scheduling.concurrent.ThreadPoolTaskExecutor Initializing ExecutorService 'applicationTaskExecutor'
2022-04-18 20:53:28 [main] INFO  org.springframework.boot.web.embedded.tomcat.TomcatWebServer Tomcat started on port(s): 8080 (http) with context path ''
2022-04-18 20:53:28 [main] INFO  springfox.documentation.spring.web.plugins.DocumentationPluginsBootstrapper Context refreshed
2022-04-18 20:53:28 [main] INFO  springfox.documentation.spring.web.plugins.DocumentationPluginsBootstrapper Found 1 custom documentation plugin(s)
2022-04-18 20:53:28 [main] INFO  springfox.documentation.spring.web.scanners.ApiListingReferenceScanner Scanning for api listing references
2022-04-18 20:53:29 [main] INFO  com.dxl.mall.AdminApplication Started AdminApplication in 4.534 seconds (JVM running for 5.214)
2022-04-18 20:53:29 [RMI TCP Connection(3)-192.168.152.1] INFO  org.apache.catalina.core.ContainerBase.[Tomcat].[localhost].[/] Initializing Spring DispatcherServlet 'dispatcherServlet'
2022-04-18 20:53:29 [RMI TCP Connection(3)-192.168.152.1] INFO  org.springframework.web.servlet.DispatcherServlet Initializing Servlet 'dispatcherServlet'
2022-04-18 20:53:29 [RMI TCP Connection(3)-192.168.152.1] INFO  org.springframework.web.servlet.DispatcherServlet Completed initialization in 7 ms
2022-04-18 20:53:32 [http-nio-8080-exec-2] DEBUG com.dxl.mall.security.component.DynamicSecurityFilter Public object - authentication not attempted
2022-04-18 20:53:32 [http-nio-8080-exec-6] DEBUG com.dxl.mall.security.component.DynamicSecurityFilter Public object - authentication not attempted
2022-04-18 21:09:15 [main] INFO  com.dxl.mall.AdminApplication Starting AdminApplication on DESKTOP-207R08R with PID 4560 (D:\webProject\mall\admin\target\classes started by DXL in D:\webProject\mall)
2022-04-18 21:09:15 [main] DEBUG com.dxl.mall.AdminApplication Running with Spring Boot v2.3.0.RELEASE, Spring v5.2.6.RELEASE
2022-04-18 21:09:15 [main] INFO  com.dxl.mall.AdminApplication The following profiles are active: dev
2022-04-18 21:09:16 [main] INFO  org.springframework.data.repository.config.RepositoryConfigurationDelegate Multiple Spring Data modules found, entering strict repository configuration mode!
2022-04-18 21:09:16 [main] INFO  org.springframework.data.repository.config.RepositoryConfigurationDelegate Bootstrapping Spring Data Redis repositories in DEFAULT mode.
2022-04-18 21:09:16 [main] INFO  org.springframework.data.repository.config.RepositoryConfigurationDelegate Finished Spring Data repository scanning in 38ms. Found 0 Redis repository interfaces.
2022-04-18 21:09:17 [main] INFO  org.springframework.context.support.PostProcessorRegistrationDelegate$BeanPostProcessorChecker Bean 'org.springframework.security.access.expression.method.DefaultMethodSecurityExpressionHandler@1320e68a' of type [org.springframework.security.access.expression.method.DefaultMethodSecurityExpressionHandler] is not eligible for getting processed by all BeanPostProcessors (for example: not eligible for auto-proxying)
2022-04-18 21:09:17 [main] INFO  org.springframework.context.support.PostProcessorRegistrationDelegate$BeanPostProcessorChecker Bean 'methodSecurityMetadataSource' of type [org.springframework.security.access.method.DelegatingMethodSecurityMetadataSource] is not eligible for getting processed by all BeanPostProcessors (for example: not eligible for auto-proxying)
2022-04-18 21:09:17 [main] INFO  org.springframework.boot.web.embedded.tomcat.TomcatWebServer Tomcat initialized with port(s): 8080 (http)
2022-04-18 21:09:17 [main] INFO  org.apache.catalina.core.StandardService Starting service [Tomcat]
2022-04-18 21:09:17 [main] INFO  org.apache.catalina.core.StandardEngine Starting Servlet engine: [Apache Tomcat/9.0.35]
2022-04-18 21:09:17 [main] INFO  org.apache.catalina.core.ContainerBase.[Tomcat].[localhost].[/] Initializing Spring embedded WebApplicationContext
2022-04-18 21:09:17 [main] INFO  org.springframework.web.context.ContextLoader Root WebApplicationContext: initialization completed in 1515 ms
2022-04-18 21:09:17 [main] INFO  com.alibaba.druid.spring.boot.autoconfigure.DruidDataSourceAutoConfigure Init DruidDataSource
2022-04-18 21:09:17 [main] INFO  com.alibaba.druid.pool.DruidDataSource {dataSource-1} inited
2022-04-18 21:09:18 [main] DEBUG com.dxl.mall.mapper.UmsResourceMapper.selectByExample ==>  Preparing: select id, create_time, name, url, description, category_id from ums_resource
2022-04-18 21:09:18 [main] DEBUG com.dxl.mall.mapper.UmsResourceMapper.selectByExample ==> Parameters: 
2022-04-18 21:09:18 [main] DEBUG com.dxl.mall.mapper.UmsResourceMapper.selectByExample <==      Total: 28
2022-04-18 21:09:18 [main] WARN  com.dxl.mall.security.component.DynamicSecurityFilter Could not validate configuration attributes as the SecurityMetadataSource did not return any attributes from getAllConfigAttributes()
2022-04-18 21:09:18 [main] DEBUG com.dxl.mall.security.component.JwtAuthenticationTokenFilter Filter 'jwtAuthenticationTokenFilter' configured for use
2022-04-18 21:09:19 [main] INFO  org.springframework.boot.actuate.endpoint.web.EndpointLinksResolver Exposing 2 endpoint(s) beneath base path '/actuator'
2022-04-18 21:09:19 [main] INFO  org.springframework.security.web.DefaultSecurityFilterChain Creating filter chain: any request, [org.springframework.security.web.context.request.async.WebAsyncManagerIntegrationFilter@2ff8d39b, org.springframework.security.web.context.SecurityContextPersistenceFilter@335896bd, org.springframework.security.web.header.HeaderWriterFilter@119f072c, org.springframework.security.web.authentication.logout.LogoutFilter@305289b3, com.dxl.mall.security.component.JwtAuthenticationTokenFilter@56f2c9e8, org.springframework.security.web.savedrequest.RequestCacheAwareFilter@666b91db, org.springframework.security.web.servletapi.SecurityContextHolderAwareRequestFilter@504c415c, org.springframework.security.web.authentication.AnonymousAuthenticationFilter@684a802a, org.springframework.security.web.session.SessionManagementFilter@1293f8d7, org.springframework.security.web.access.ExceptionTranslationFilter@147375b3, com.dxl.mall.security.component.DynamicSecurityFilter@43d6262c, org.springframework.security.web.access.intercept.FilterSecurityInterceptor@7be859de]
2022-04-18 21:09:19 [main] INFO  springfox.documentation.spring.web.PropertySourcedRequestMappingHandlerMapping Mapped URL path [/v2/api-docs] onto method [springfox.documentation.swagger2.web.Swagger2Controller#getDocumentation(String, HttpServletRequest)]
2022-04-18 21:09:19 [main] INFO  org.springframework.scheduling.concurrent.ThreadPoolTaskExecutor Initializing ExecutorService 'applicationTaskExecutor'
2022-04-18 21:09:19 [main] INFO  org.springframework.boot.web.embedded.tomcat.TomcatWebServer Tomcat started on port(s): 8080 (http) with context path ''
2022-04-18 21:09:19 [main] INFO  springfox.documentation.spring.web.plugins.DocumentationPluginsBootstrapper Context refreshed
2022-04-18 21:09:19 [main] INFO  springfox.documentation.spring.web.plugins.DocumentationPluginsBootstrapper Found 1 custom documentation plugin(s)
2022-04-18 21:09:19 [main] INFO  springfox.documentation.spring.web.scanners.ApiListingReferenceScanner Scanning for api listing references
2022-04-18 21:09:19 [main] INFO  com.dxl.mall.AdminApplication Started AdminApplication in 4.606 seconds (JVM running for 5.625)
2022-04-18 21:09:20 [RMI TCP Connection(3)-192.168.152.1] INFO  org.apache.catalina.core.ContainerBase.[Tomcat].[localhost].[/] Initializing Spring DispatcherServlet 'dispatcherServlet'
2022-04-18 21:09:20 [RMI TCP Connection(3)-192.168.152.1] INFO  org.springframework.web.servlet.DispatcherServlet Initializing Servlet 'dispatcherServlet'
2022-04-18 21:09:20 [RMI TCP Connection(3)-192.168.152.1] INFO  org.springframework.web.servlet.DispatcherServlet Completed initialization in 6 ms
2022-04-18 21:11:51 [http-nio-8080-exec-1] INFO  com.dxl.mall.security.component.JwtAuthenticationTokenFilter checking username:dxl
2022-04-18 21:11:51 [http-nio-8080-exec-1] INFO  com.dxl.mall.security.component.JwtAuthenticationTokenFilter authenticated user:dxl
2022-04-18 21:11:59 [http-nio-8080-exec-1] DEBUG com.dxl.mall.security.component.DynamicSecurityFilter Secure object: FilterInvocation: URL: /admin/list?keyword=a&pagesize=2&pageNum=1; Attributes: [25:后台用户管理]
2022-04-18 21:11:59 [http-nio-8080-exec-1] DEBUG com.dxl.mall.security.component.DynamicSecurityFilter Previously Authenticated: org.springframework.security.authentication.UsernamePasswordAuthenticationToken@40162594: Principal: com.dxl.mall.bo.AdminUserDetails@201572; Credentials: [PROTECTED]; Authenticated: true; Details: org.springframework.security.web.authentication.WebAuthenticationDetails@ffff6a82: RemoteIpAddress: 10.253.193.65; SessionId: null; Granted Authorities: 1:商品品牌管理, 2:商品属性分类管理, 3:商品属性管理, 4:商品分类管理, 5:商品管理, 6:商品库存管理, 8:订单管理, 9: 订单退货申请管理, 10:退货原因管理, 11:订单设置管理, 12:收货地址管理, 13:优惠券管理, 14:优惠券领取记录管理, 15:限时购活动管理, 16:限时购商品关系管理, 17:限时购场次管理, 18:首页轮播广告管理, 19:首页品牌管理, 20:首页新品管理, 21:首页人气推荐管理, 22:首页专题推荐管理, 23: 商品优选管理, 24:商品专题管理, 25:后台用户管理, 26:后台用户角色管理, 27:后台菜单管理, 28:后台资源分类管理, 29:后台资源管理
2022-04-18 21:12:01 [http-nio-8080-exec-1] DEBUG com.dxl.mall.security.component.DynamicSecurityFilter Authorization successful
2022-04-18 21:12:01 [http-nio-8080-exec-1] DEBUG com.dxl.mall.security.component.DynamicSecurityFilter RunAsManager did not change Authentication object
2022-04-18 21:12:01 [http-nio-8080-exec-1] DEBUG com.dxl.mall.security.component.DynamicSecurityFilter Secure object: FilterInvocation: URL: /admin/list?keyword=a&pagesize=2&pageNum=1; Attributes: [25:后台用户管理]
2022-04-18 21:12:01 [http-nio-8080-exec-1] DEBUG com.dxl.mall.security.component.DynamicSecurityFilter Previously Authenticated: org.springframework.security.authentication.UsernamePasswordAuthenticationToken@40162594: Principal: com.dxl.mall.bo.AdminUserDetails@201572; Credentials: [PROTECTED]; Authenticated: true; Details: org.springframework.security.web.authentication.WebAuthenticationDetails@ffff6a82: RemoteIpAddress: 10.253.193.65; SessionId: null; Granted Authorities: 1:商品品牌管理, 2:商品属性分类管理, 3:商品属性管理, 4:商品分类管理, 5:商品管理, 6:商品库存管理, 8:订单管理, 9: 订单退货申请管理, 10:退货原因管理, 11:订单设置管理, 12:收货地址管理, 13:优惠券管理, 14:优惠券领取记录管理, 15:限时购活动管理, 16:限时购商品关系管理, 17:限时购场次管理, 18:首页轮播广告管理, 19:首页品牌管理, 20:首页新品管理, 21:首页人气推荐管理, 22:首页专题推荐管理, 23: 商品优选管理, 24:商品专题管理, 25:后台用户管理, 26:后台用户角色管理, 27:后台菜单管理, 28:后台资源分类管理, 29:后台资源管理
2022-04-18 21:12:01 [http-nio-8080-exec-1] DEBUG com.dxl.mall.security.component.DynamicSecurityFilter Authorization successful
2022-04-18 21:12:01 [http-nio-8080-exec-1] DEBUG com.dxl.mall.security.component.DynamicSecurityFilter RunAsManager did not change Authentication object
2022-04-18 21:12:05 [http-nio-8080-exec-1] ERROR com.alibaba.druid.pool.DruidAbstractDataSource discard long time none received connection. , jdbcUrl : jdbc:mysql://192.168.1.103:3306/mall?useUnicode=true&characterEncoding=UTF-8&useSSL=false, jdbcUrl : jdbc:mysql://192.168.1.103:3306/mall?useUnicode=true&characterEncoding=UTF-8&useSSL=false, lastPacketReceivedIdleMillis : 167102
2022-04-18 21:12:05 [http-nio-8080-exec-1] ERROR com.alibaba.druid.pool.DruidAbstractDataSource discard long time none received connection. , jdbcUrl : jdbc:mysql://192.168.1.103:3306/mall?useUnicode=true&characterEncoding=UTF-8&useSSL=false, jdbcUrl : jdbc:mysql://192.168.1.103:3306/mall?useUnicode=true&characterEncoding=UTF-8&useSSL=false, lastPacketReceivedIdleMillis : 168193
2022-04-18 21:12:05 [http-nio-8080-exec-1] ERROR com.alibaba.druid.pool.DruidAbstractDataSource discard long time none received connection. , jdbcUrl : jdbc:mysql://192.168.1.103:3306/mall?useUnicode=true&characterEncoding=UTF-8&useSSL=false, jdbcUrl : jdbc:mysql://192.168.1.103:3306/mall?useUnicode=true&characterEncoding=UTF-8&useSSL=false, lastPacketReceivedIdleMillis : 168224
2022-04-18 21:12:05 [http-nio-8080-exec-1] ERROR com.alibaba.druid.pool.DruidAbstractDataSource discard long time none received connection. , jdbcUrl : jdbc:mysql://192.168.1.103:3306/mall?useUnicode=true&characterEncoding=UTF-8&useSSL=false, jdbcUrl : jdbc:mysql://192.168.1.103:3306/mall?useUnicode=true&characterEncoding=UTF-8&useSSL=false, lastPacketReceivedIdleMillis : 168257
2022-04-18 21:12:06 [http-nio-8080-exec-1] ERROR com.alibaba.druid.pool.DruidAbstractDataSource discard long time none received connection. , jdbcUrl : jdbc:mysql://192.168.1.103:3306/mall?useUnicode=true&characterEncoding=UTF-8&useSSL=false, jdbcUrl : jdbc:mysql://192.168.1.103:3306/mall?useUnicode=true&characterEncoding=UTF-8&useSSL=false, lastPacketReceivedIdleMillis : 168292
2022-04-18 21:12:06 [http-nio-8080-exec-1] DEBUG com.dxl.mall.mapper.UmsAdminMapper.selectByExample_COUNT ==>  Preparing: SELECT count(0) FROM ums_admin WHERE (username LIKE ?) OR (nick_name LIKE ?)
2022-04-18 21:12:06 [http-nio-8080-exec-1] DEBUG com.dxl.mall.mapper.UmsAdminMapper.selectByExample_COUNT ==> Parameters: %a%(String), %a%(String)
2022-04-18 21:12:06 [http-nio-8080-exec-1] DEBUG com.dxl.mall.mapper.UmsAdminMapper.selectByExample_COUNT <==      Total: 1
2022-04-18 21:12:06 [http-nio-8080-exec-1] DEBUG com.dxl.mall.mapper.UmsAdminMapper.selectByExample ==>  Preparing: select id, username, password, icon, email, nick_name, note, create_time, login_time, status from ums_admin WHERE ( username like ? ) or( nick_name like ? ) LIMIT ?
2022-04-18 21:12:06 [http-nio-8080-exec-1] DEBUG com.dxl.mall.mapper.UmsAdminMapper.selectByExample ==> Parameters: %a%(String), %a%(String), 5(Integer)
2022-04-18 21:12:06 [http-nio-8080-exec-1] DEBUG com.dxl.mall.mapper.UmsAdminMapper.selectByExample <==      Total: 5
2022-04-18 21:13:58 [SpringContextShutdownHook] INFO  org.springframework.scheduling.concurrent.ThreadPoolTaskExecutor Shutting down ExecutorService 'applicationTaskExecutor'
2022-04-18 21:13:58 [SpringContextShutdownHook] INFO  com.alibaba.druid.pool.DruidDataSource {dataSource-1} closing ...
2022-04-18 21:13:58 [SpringContextShutdownHook] INFO  com.alibaba.druid.pool.DruidDataSource {dataSource-1} closed
2022-04-18 21:15:12 [main] INFO  com.dxl.mall.AdminApplication Starting AdminApplication on DESKTOP-207R08R with PID 2464 (D:\webProject\mall\admin\target\classes started by DXL in D:\webProject\mall)
2022-04-18 21:15:12 [main] DEBUG com.dxl.mall.AdminApplication Running with Spring Boot v2.3.0.RELEASE, Spring v5.2.6.RELEASE
2022-04-18 21:15:12 [main] INFO  com.dxl.mall.AdminApplication The following profiles are active: dev
2022-04-18 21:15:13 [main] INFO  org.springframework.data.repository.config.RepositoryConfigurationDelegate Multiple Spring Data modules found, entering strict repository configuration mode!
2022-04-18 21:15:14 [main] INFO  org.springframework.data.repository.config.RepositoryConfigurationDelegate Bootstrapping Spring Data Redis repositories in DEFAULT mode.
2022-04-18 21:15:14 [main] INFO  org.springframework.data.repository.config.RepositoryConfigurationDelegate Finished Spring Data repository scanning in 45ms. Found 0 Redis repository interfaces.
2022-04-18 21:15:14 [main] INFO  org.springframework.context.support.PostProcessorRegistrationDelegate$BeanPostProcessorChecker Bean 'org.springframework.security.access.expression.method.DefaultMethodSecurityExpressionHandler@110e9982' of type [org.springframework.security.access.expression.method.DefaultMethodSecurityExpressionHandler] is not eligible for getting processed by all BeanPostProcessors (for example: not eligible for auto-proxying)
2022-04-18 21:15:14 [main] INFO  org.springframework.context.support.PostProcessorRegistrationDelegate$BeanPostProcessorChecker Bean 'methodSecurityMetadataSource' of type [org.springframework.security.access.method.DelegatingMethodSecurityMetadataSource] is not eligible for getting processed by all BeanPostProcessors (for example: not eligible for auto-proxying)
2022-04-18 21:15:14 [main] INFO  org.springframework.boot.web.embedded.tomcat.TomcatWebServer Tomcat initialized with port(s): 8080 (http)
2022-04-18 21:15:14 [main] INFO  org.apache.catalina.core.StandardService Starting service [Tomcat]
2022-04-18 21:15:14 [main] INFO  org.apache.catalina.core.StandardEngine Starting Servlet engine: [Apache Tomcat/9.0.35]
2022-04-18 21:15:14 [main] INFO  org.apache.catalina.core.ContainerBase.[Tomcat].[localhost].[/] Initializing Spring embedded WebApplicationContext
2022-04-18 21:15:14 [main] INFO  org.springframework.web.context.ContextLoader Root WebApplicationContext: initialization completed in 1666 ms
2022-04-18 21:15:14 [main] INFO  com.alibaba.druid.spring.boot.autoconfigure.DruidDataSourceAutoConfigure Init DruidDataSource
2022-04-18 21:15:15 [main] INFO  com.alibaba.druid.pool.DruidDataSource {dataSource-1} inited
2022-04-18 21:15:16 [main] DEBUG com.dxl.mall.mapper.UmsResourceMapper.selectByExample ==>  Preparing: select id, create_time, name, url, description, category_id from ums_resource
2022-04-18 21:15:16 [main] DEBUG com.dxl.mall.mapper.UmsResourceMapper.selectByExample ==> Parameters: 
2022-04-18 21:15:16 [main] DEBUG com.dxl.mall.mapper.UmsResourceMapper.selectByExample <==      Total: 28
2022-04-18 21:15:16 [main] WARN  com.dxl.mall.security.component.DynamicSecurityFilter Could not validate configuration attributes as the SecurityMetadataSource did not return any attributes from getAllConfigAttributes()
2022-04-18 21:15:16 [main] DEBUG com.dxl.mall.security.component.JwtAuthenticationTokenFilter Filter 'jwtAuthenticationTokenFilter' configured for use
2022-04-18 21:15:16 [main] INFO  org.springframework.boot.actuate.endpoint.web.EndpointLinksResolver Exposing 2 endpoint(s) beneath base path '/actuator'
2022-04-18 21:15:16 [main] INFO  org.springframework.security.web.DefaultSecurityFilterChain Creating filter chain: any request, [org.springframework.security.web.context.request.async.WebAsyncManagerIntegrationFilter@55e4dd68, org.springframework.security.web.context.SecurityContextPersistenceFilter@1344f7fe, org.springframework.security.web.header.HeaderWriterFilter@5c60f096, org.springframework.security.web.authentication.logout.LogoutFilter@3a239dac, com.dxl.mall.security.component.JwtAuthenticationTokenFilter@29188050, org.springframework.security.web.savedrequest.RequestCacheAwareFilter@1b10f60e, org.springframework.security.web.servletapi.SecurityContextHolderAwareRequestFilter@69419d59, org.springframework.security.web.authentication.AnonymousAuthenticationFilter@28c7fd9d, org.springframework.security.web.session.SessionManagementFilter@75c15f76, org.springframework.security.web.access.ExceptionTranslationFilter@75063bd0, com.dxl.mall.security.component.DynamicSecurityFilter@2168def, org.springframework.security.web.access.intercept.FilterSecurityInterceptor@26feccf7]
2022-04-18 21:15:16 [main] INFO  springfox.documentation.spring.web.PropertySourcedRequestMappingHandlerMapping Mapped URL path [/v2/api-docs] onto method [springfox.documentation.swagger2.web.Swagger2Controller#getDocumentation(String, HttpServletRequest)]
2022-04-18 21:15:16 [main] INFO  org.springframework.scheduling.concurrent.ThreadPoolTaskExecutor Initializing ExecutorService 'applicationTaskExecutor'
2022-04-18 21:15:17 [main] INFO  org.springframework.boot.web.embedded.tomcat.TomcatWebServer Tomcat started on port(s): 8080 (http) with context path ''
2022-04-18 21:15:17 [main] INFO  springfox.documentation.spring.web.plugins.DocumentationPluginsBootstrapper Context refreshed
2022-04-18 21:15:17 [main] INFO  springfox.documentation.spring.web.plugins.DocumentationPluginsBootstrapper Found 1 custom documentation plugin(s)
2022-04-18 21:15:17 [main] INFO  springfox.documentation.spring.web.scanners.ApiListingReferenceScanner Scanning for api listing references
2022-04-18 21:15:17 [main] INFO  com.dxl.mall.AdminApplication Started AdminApplication in 4.755 seconds (JVM running for 5.41)
2022-04-18 21:15:17 [RMI TCP Connection(2)-192.168.152.1] INFO  org.apache.catalina.core.ContainerBase.[Tomcat].[localhost].[/] Initializing Spring DispatcherServlet 'dispatcherServlet'
2022-04-18 21:15:17 [RMI TCP Connection(2)-192.168.152.1] INFO  org.springframework.web.servlet.DispatcherServlet Initializing Servlet 'dispatcherServlet'
2022-04-18 21:15:17 [RMI TCP Connection(2)-192.168.152.1] INFO  org.springframework.web.servlet.DispatcherServlet Completed initialization in 6 ms
2022-04-18 21:15:26 [http-nio-8080-exec-1] INFO  com.dxl.mall.security.component.JwtAuthenticationTokenFilter checking username:dxl
2022-04-18 21:15:26 [http-nio-8080-exec-1] INFO  com.dxl.mall.security.component.JwtAuthenticationTokenFilter authenticated user:dxl
2022-04-18 21:15:26 [http-nio-8080-exec-1] DEBUG com.dxl.mall.security.component.DynamicSecurityFilter Secure object: FilterInvocation: URL: /admin/list?keyword=a&pageSize=2&pageNum=1; Attributes: [25:后台用户管理]
2022-04-18 21:15:26 [http-nio-8080-exec-1] DEBUG com.dxl.mall.security.component.DynamicSecurityFilter Previously Authenticated: org.springframework.security.authentication.UsernamePasswordAuthenticationToken@d1f8314: Principal: com.dxl.mall.bo.AdminUserDetails@4d29b3f2; Credentials: [PROTECTED]; Authenticated: true; Details: org.springframework.security.web.authentication.WebAuthenticationDetails@ffff6a82: RemoteIpAddress: 10.253.193.65; SessionId: null; Granted Authorities: 1:商品品牌管理, 2:商品属性分类管理, 3:商品属性管理, 4:商品分类管理, 5:商品管理, 6:商品库存管理, 8:订单管理, 9: 订单退货申请管理, 10:退货原因管理, 11:订单设置管理, 12:收货地址管理, 13:优惠券管理, 14:优惠券领取记录管理, 15:限时购活动管理, 16:限时购商品关系管理, 17:限时购场次管理, 18:首页轮播广告管理, 19:首页品牌管理, 20:首页新品管理, 21:首页人气推荐管理, 22:首页专题推荐管理, 23: 商品优选管理, 24:商品专题管理, 25:后台用户管理, 26:后台用户角色管理, 27:后台菜单管理, 28:后台资源分类管理, 29:后台资源管理
2022-04-18 21:15:31 [http-nio-8080-exec-1] DEBUG com.dxl.mall.security.component.DynamicSecurityFilter Authorization successful
2022-04-18 21:15:31 [http-nio-8080-exec-1] DEBUG com.dxl.mall.security.component.DynamicSecurityFilter RunAsManager did not change Authentication object
2022-04-18 21:15:31 [http-nio-8080-exec-1] DEBUG com.dxl.mall.security.component.DynamicSecurityFilter Secure object: FilterInvocation: URL: /admin/list?keyword=a&pageSize=2&pageNum=1; Attributes: [25:后台用户管理]
2022-04-18 21:15:31 [http-nio-8080-exec-1] DEBUG com.dxl.mall.security.component.DynamicSecurityFilter Previously Authenticated: org.springframework.security.authentication.UsernamePasswordAuthenticationToken@d1f8314: Principal: com.dxl.mall.bo.AdminUserDetails@4d29b3f2; Credentials: [PROTECTED]; Authenticated: true; Details: org.springframework.security.web.authentication.WebAuthenticationDetails@ffff6a82: RemoteIpAddress: 10.253.193.65; SessionId: null; Granted Authorities: 1:商品品牌管理, 2:商品属性分类管理, 3:商品属性管理, 4:商品分类管理, 5:商品管理, 6:商品库存管理, 8:订单管理, 9: 订单退货申请管理, 10:退货原因管理, 11:订单设置管理, 12:收货地址管理, 13:优惠券管理, 14:优惠券领取记录管理, 15:限时购活动管理, 16:限时购商品关系管理, 17:限时购场次管理, 18:首页轮播广告管理, 19:首页品牌管理, 20:首页新品管理, 21:首页人气推荐管理, 22:首页专题推荐管理, 23: 商品优选管理, 24:商品专题管理, 25:后台用户管理, 26:后台用户角色管理, 27:后台菜单管理, 28:后台资源分类管理, 29:后台资源管理
2022-04-18 21:15:31 [http-nio-8080-exec-1] DEBUG com.dxl.mall.security.component.DynamicSecurityFilter Authorization successful
2022-04-18 21:15:31 [http-nio-8080-exec-1] DEBUG com.dxl.mall.security.component.DynamicSecurityFilter RunAsManager did not change Authentication object
2022-04-18 21:15:47 [http-nio-8080-exec-1] DEBUG com.dxl.mall.mapper.UmsAdminMapper.selectByExample_COUNT ==>  Preparing: SELECT count(0) FROM ums_admin WHERE (username LIKE ?) OR (nick_name LIKE ?)
2022-04-18 21:15:47 [http-nio-8080-exec-1] DEBUG com.dxl.mall.mapper.UmsAdminMapper.selectByExample_COUNT ==> Parameters: %a%(String), %a%(String)
2022-04-18 21:15:47 [http-nio-8080-exec-1] DEBUG com.dxl.mall.mapper.UmsAdminMapper.selectByExample_COUNT <==      Total: 1
2022-04-18 21:15:47 [http-nio-8080-exec-1] DEBUG com.dxl.mall.mapper.UmsAdminMapper.selectByExample ==>  Preparing: select id, username, password, icon, email, nick_name, note, create_time, login_time, status from ums_admin WHERE ( username like ? ) or( nick_name like ? ) LIMIT ?
2022-04-18 21:15:47 [http-nio-8080-exec-1] DEBUG com.dxl.mall.mapper.UmsAdminMapper.selectByExample ==> Parameters: %a%(String), %a%(String), 2(Integer)
2022-04-18 21:15:47 [http-nio-8080-exec-1] DEBUG com.dxl.mall.mapper.UmsAdminMapper.selectByExample <==      Total: 2
2022-04-18 21:16:27 [SpringContextShutdownHook] INFO  org.springframework.scheduling.concurrent.ThreadPoolTaskExecutor Shutting down ExecutorService 'applicationTaskExecutor'
2022-04-18 21:16:27 [SpringContextShutdownHook] INFO  com.alibaba.druid.pool.DruidDataSource {dataSource-1} closing ...
2022-04-18 21:16:27 [SpringContextShutdownHook] INFO  com.alibaba.druid.pool.DruidDataSource {dataSource-1} closed
2022-04-18 21:16:31 [main] INFO  com.dxl.mall.AdminApplication Starting AdminApplication on DESKTOP-207R08R with PID 1872 (D:\webProject\mall\admin\target\classes started by DXL in D:\webProject\mall)
2022-04-18 21:16:31 [main] DEBUG com.dxl.mall.AdminApplication Running with Spring Boot v2.3.0.RELEASE, Spring v5.2.6.RELEASE
2022-04-18 21:16:31 [main] INFO  com.dxl.mall.AdminApplication The following profiles are active: dev
2022-04-18 21:16:32 [main] INFO  org.springframework.data.repository.config.RepositoryConfigurationDelegate Multiple Spring Data modules found, entering strict repository configuration mode!
2022-04-18 21:16:32 [main] INFO  org.springframework.data.repository.config.RepositoryConfigurationDelegate Bootstrapping Spring Data Redis repositories in DEFAULT mode.
2022-04-18 21:16:32 [main] INFO  org.springframework.data.repository.config.RepositoryConfigurationDelegate Finished Spring Data repository scanning in 55ms. Found 0 Redis repository interfaces.
2022-04-18 21:16:32 [main] INFO  org.springframework.context.support.PostProcessorRegistrationDelegate$BeanPostProcessorChecker Bean 'org.springframework.security.access.expression.method.DefaultMethodSecurityExpressionHandler@64e7d698' of type [org.springframework.security.access.expression.method.DefaultMethodSecurityExpressionHandler] is not eligible for getting processed by all BeanPostProcessors (for example: not eligible for auto-proxying)
2022-04-18 21:16:32 [main] INFO  org.springframework.context.support.PostProcessorRegistrationDelegate$BeanPostProcessorChecker Bean 'methodSecurityMetadataSource' of type [org.springframework.security.access.method.DelegatingMethodSecurityMetadataSource] is not eligible for getting processed by all BeanPostProcessors (for example: not eligible for auto-proxying)
2022-04-18 21:16:32 [main] INFO  org.springframework.boot.web.embedded.tomcat.TomcatWebServer Tomcat initialized with port(s): 8080 (http)
2022-04-18 21:16:32 [main] INFO  org.apache.catalina.core.StandardService Starting service [Tomcat]
2022-04-18 21:16:32 [main] INFO  org.apache.catalina.core.StandardEngine Starting Servlet engine: [Apache Tomcat/9.0.35]
2022-04-18 21:16:32 [main] INFO  org.apache.catalina.core.ContainerBase.[Tomcat].[localhost].[/] Initializing Spring embedded WebApplicationContext
2022-04-18 21:16:32 [main] INFO  org.springframework.web.context.ContextLoader Root WebApplicationContext: initialization completed in 1637 ms
2022-04-18 21:16:33 [main] INFO  com.alibaba.druid.spring.boot.autoconfigure.DruidDataSourceAutoConfigure Init DruidDataSource
2022-04-18 21:16:33 [main] INFO  com.alibaba.druid.pool.DruidDataSource {dataSource-1} inited
2022-04-18 21:16:34 [main] DEBUG com.dxl.mall.mapper.UmsResourceMapper.selectByExample ==>  Preparing: select id, create_time, name, url, description, category_id from ums_resource
2022-04-18 21:16:34 [main] DEBUG com.dxl.mall.mapper.UmsResourceMapper.selectByExample ==> Parameters: 
2022-04-18 21:16:34 [main] DEBUG com.dxl.mall.mapper.UmsResourceMapper.selectByExample <==      Total: 28
2022-04-18 21:16:34 [main] WARN  com.dxl.mall.security.component.DynamicSecurityFilter Could not validate configuration attributes as the SecurityMetadataSource did not return any attributes from getAllConfigAttributes()
2022-04-18 21:16:34 [main] DEBUG com.dxl.mall.security.component.JwtAuthenticationTokenFilter Filter 'jwtAuthenticationTokenFilter' configured for use
2022-04-18 21:16:34 [main] INFO  org.springframework.boot.actuate.endpoint.web.EndpointLinksResolver Exposing 2 endpoint(s) beneath base path '/actuator'
2022-04-18 21:16:34 [main] INFO  org.springframework.security.web.DefaultSecurityFilterChain Creating filter chain: any request, [org.springframework.security.web.context.request.async.WebAsyncManagerIntegrationFilter@5e3405a1, org.springframework.security.web.context.SecurityContextPersistenceFilter@1df32c09, org.springframework.security.web.header.HeaderWriterFilter@305289b3, org.springframework.security.web.authentication.logout.LogoutFilter@24f3fb87, com.dxl.mall.security.component.JwtAuthenticationTokenFilter@11d1735e, org.springframework.security.web.savedrequest.RequestCacheAwareFilter@5a8656a2, org.springframework.security.web.servletapi.SecurityContextHolderAwareRequestFilter@78a165db, org.springframework.security.web.authentication.AnonymousAuthenticationFilter@22bfd4b, org.springframework.security.web.session.SessionManagementFilter@4c418496, org.springframework.security.web.access.ExceptionTranslationFilter@3a589eed, com.dxl.mall.security.component.DynamicSecurityFilter@9cc0505, org.springframework.security.web.access.intercept.FilterSecurityInterceptor@180f33b2]
2022-04-18 21:16:34 [main] INFO  springfox.documentation.spring.web.PropertySourcedRequestMappingHandlerMapping Mapped URL path [/v2/api-docs] onto method [springfox.documentation.swagger2.web.Swagger2Controller#getDocumentation(String, HttpServletRequest)]
2022-04-18 21:16:34 [main] INFO  org.springframework.scheduling.concurrent.ThreadPoolTaskExecutor Initializing ExecutorService 'applicationTaskExecutor'
2022-04-18 21:16:35 [main] INFO  org.springframework.boot.web.embedded.tomcat.TomcatWebServer Tomcat started on port(s): 8080 (http) with context path ''
2022-04-18 21:16:35 [main] INFO  springfox.documentation.spring.web.plugins.DocumentationPluginsBootstrapper Context refreshed
2022-04-18 21:16:35 [main] INFO  springfox.documentation.spring.web.plugins.DocumentationPluginsBootstrapper Found 1 custom documentation plugin(s)
2022-04-18 21:16:35 [main] INFO  springfox.documentation.spring.web.scanners.ApiListingReferenceScanner Scanning for api listing references
2022-04-18 21:16:35 [main] INFO  com.dxl.mall.AdminApplication Started AdminApplication in 4.613 seconds (JVM running for 5.456)
2022-04-18 21:16:36 [RMI TCP Connection(3)-192.168.152.1] INFO  org.apache.catalina.core.ContainerBase.[Tomcat].[localhost].[/] Initializing Spring DispatcherServlet 'dispatcherServlet'
2022-04-18 21:16:36 [RMI TCP Connection(3)-192.168.152.1] INFO  org.springframework.web.servlet.DispatcherServlet Initializing Servlet 'dispatcherServlet'
2022-04-18 21:16:36 [RMI TCP Connection(3)-192.168.152.1] INFO  org.springframework.web.servlet.DispatcherServlet Completed initialization in 6 ms
2022-04-18 21:16:45 [http-nio-8080-exec-1] INFO  com.dxl.mall.security.component.JwtAuthenticationTokenFilter checking username:dxl
2022-04-18 21:16:45 [http-nio-8080-exec-1] INFO  com.dxl.mall.security.component.JwtAuthenticationTokenFilter authenticated user:dxl
2022-04-18 21:16:45 [http-nio-8080-exec-1] DEBUG com.dxl.mall.security.component.DynamicSecurityFilter Secure object: FilterInvocation: URL: /admin/list?keyword=a&pageSize=2&pageNum=1; Attributes: [25:后台用户管理]
2022-04-18 21:16:45 [http-nio-8080-exec-1] DEBUG com.dxl.mall.security.component.DynamicSecurityFilter Previously Authenticated: org.springframework.security.authentication.UsernamePasswordAuthenticationToken@69e55170: Principal: com.dxl.mall.bo.AdminUserDetails@29d36196; Credentials: [PROTECTED]; Authenticated: true; Details: org.springframework.security.web.authentication.WebAuthenticationDetails@ffff6a82: RemoteIpAddress: 10.253.193.65; SessionId: null; Granted Authorities: 1:商品品牌管理, 2:商品属性分类管理, 3:商品属性管理, 4:商品分类管理, 5:商品管理, 6:商品库存管理, 8:订单管理, 9: 订单退货申请管理, 10:退货原因管理, 11:订单设置管理, 12:收货地址管理, 13:优惠券管理, 14:优惠券领取记录管理, 15:限时购活动管理, 16:限时购商品关系管理, 17:限时购场次管理, 18:首页轮播广告管理, 19:首页品牌管理, 20:首页新品管理, 21:首页人气推荐管理, 22:首页专题推荐管理, 23: 商品优选管理, 24:商品专题管理, 25:后台用户管理, 26:后台用户角色管理, 27:后台菜单管理, 28:后台资源分类管理, 29:后台资源管理
2022-04-18 21:16:45 [http-nio-8080-exec-1] DEBUG com.dxl.mall.security.component.DynamicSecurityFilter Authorization successful
2022-04-18 21:16:45 [http-nio-8080-exec-1] DEBUG com.dxl.mall.security.component.DynamicSecurityFilter RunAsManager did not change Authentication object
2022-04-18 21:16:45 [http-nio-8080-exec-1] DEBUG com.dxl.mall.security.component.DynamicSecurityFilter Secure object: FilterInvocation: URL: /admin/list?keyword=a&pageSize=2&pageNum=1; Attributes: [25:后台用户管理]
2022-04-18 21:16:45 [http-nio-8080-exec-1] DEBUG com.dxl.mall.security.component.DynamicSecurityFilter Previously Authenticated: org.springframework.security.authentication.UsernamePasswordAuthenticationToken@69e55170: Principal: com.dxl.mall.bo.AdminUserDetails@29d36196; Credentials: [PROTECTED]; Authenticated: true; Details: org.springframework.security.web.authentication.WebAuthenticationDetails@ffff6a82: RemoteIpAddress: 10.253.193.65; SessionId: null; Granted Authorities: 1:商品品牌管理, 2:商品属性分类管理, 3:商品属性管理, 4:商品分类管理, 5:商品管理, 6:商品库存管理, 8:订单管理, 9: 订单退货申请管理, 10:退货原因管理, 11:订单设置管理, 12:收货地址管理, 13:优惠券管理, 14:优惠券领取记录管理, 15:限时购活动管理, 16:限时购商品关系管理, 17:限时购场次管理, 18:首页轮播广告管理, 19:首页品牌管理, 20:首页新品管理, 21:首页人气推荐管理, 22:首页专题推荐管理, 23: 商品优选管理, 24:商品专题管理, 25:后台用户管理, 26:后台用户角色管理, 27:后台菜单管理, 28:后台资源分类管理, 29:后台资源管理
2022-04-18 21:16:45 [http-nio-8080-exec-1] DEBUG com.dxl.mall.security.component.DynamicSecurityFilter Authorization successful
2022-04-18 21:16:45 [http-nio-8080-exec-1] DEBUG com.dxl.mall.security.component.DynamicSecurityFilter RunAsManager did not change Authentication object
2022-04-18 21:18:43 [http-nio-8080-exec-1] ERROR com.alibaba.druid.pool.DruidAbstractDataSource discard long time none received connection. , jdbcUrl : jdbc:mysql://192.168.1.103:3306/mall?useUnicode=true&characterEncoding=UTF-8&useSSL=false, jdbcUrl : jdbc:mysql://192.168.1.103:3306/mall?useUnicode=true&characterEncoding=UTF-8&useSSL=false, lastPacketReceivedIdleMillis : 129219
2022-04-18 21:18:43 [http-nio-8080-exec-1] ERROR com.alibaba.druid.pool.DruidAbstractDataSource discard long time none received connection. , jdbcUrl : jdbc:mysql://192.168.1.103:3306/mall?useUnicode=true&characterEncoding=UTF-8&useSSL=false, jdbcUrl : jdbc:mysql://192.168.1.103:3306/mall?useUnicode=true&characterEncoding=UTF-8&useSSL=false, lastPacketReceivedIdleMillis : 130307
2022-04-18 21:18:43 [http-nio-8080-exec-1] ERROR com.alibaba.druid.pool.DruidAbstractDataSource discard long time none received connection. , jdbcUrl : jdbc:mysql://192.168.1.103:3306/mall?useUnicode=true&characterEncoding=UTF-8&useSSL=false, jdbcUrl : jdbc:mysql://192.168.1.103:3306/mall?useUnicode=true&characterEncoding=UTF-8&useSSL=false, lastPacketReceivedIdleMillis : 130340
2022-04-18 21:18:43 [http-nio-8080-exec-1] ERROR com.alibaba.druid.pool.DruidAbstractDataSource discard long time none received connection. , jdbcUrl : jdbc:mysql://192.168.1.103:3306/mall?useUnicode=true&characterEncoding=UTF-8&useSSL=false, jdbcUrl : jdbc:mysql://192.168.1.103:3306/mall?useUnicode=true&characterEncoding=UTF-8&useSSL=false, lastPacketReceivedIdleMillis : 130375
2022-04-18 21:18:43 [http-nio-8080-exec-1] ERROR com.alibaba.druid.pool.DruidAbstractDataSource discard long time none received connection. , jdbcUrl : jdbc:mysql://192.168.1.103:3306/mall?useUnicode=true&characterEncoding=UTF-8&useSSL=false, jdbcUrl : jdbc:mysql://192.168.1.103:3306/mall?useUnicode=true&characterEncoding=UTF-8&useSSL=false, lastPacketReceivedIdleMillis : 130411
2022-04-18 21:18:43 [http-nio-8080-exec-1] DEBUG com.dxl.mall.mapper.UmsAdminMapper.selectByExample_COUNT ==>  Preparing: SELECT count(0) FROM ums_admin WHERE (username LIKE ?) OR (nick_name LIKE ?)
2022-04-18 21:18:43 [http-nio-8080-exec-1] DEBUG com.dxl.mall.mapper.UmsAdminMapper.selectByExample_COUNT ==> Parameters: %a%(String), %a%(String)
2022-04-18 21:18:43 [http-nio-8080-exec-1] DEBUG com.dxl.mall.mapper.UmsAdminMapper.selectByExample_COUNT <==      Total: 1
2022-04-18 21:18:43 [http-nio-8080-exec-1] DEBUG com.dxl.mall.mapper.UmsAdminMapper.selectByExample ==>  Preparing: select id, username, password, icon, email, nick_name, note, create_time, login_time, status from ums_admin WHERE ( username like ? ) or( nick_name like ? ) LIMIT ?
2022-04-18 21:18:43 [http-nio-8080-exec-1] DEBUG com.dxl.mall.mapper.UmsAdminMapper.selectByExample ==> Parameters: %a%(String), %a%(String), 2(Integer)
2022-04-18 21:18:43 [http-nio-8080-exec-1] DEBUG com.dxl.mall.mapper.UmsAdminMapper.selectByExample <==      Total: 2
2022-04-18 21:18:51 [SpringContextShutdownHook] INFO  org.springframework.scheduling.concurrent.ThreadPoolTaskExecutor Shutting down ExecutorService 'applicationTaskExecutor'
2022-04-18 21:18:51 [SpringContextShutdownHook] INFO  com.alibaba.druid.pool.DruidDataSource {dataSource-1} closing ...
2022-04-18 21:18:51 [SpringContextShutdownHook] INFO  com.alibaba.druid.pool.DruidDataSource {dataSource-1} closed
2022-04-18 21:28:19 [main] INFO  com.dxl.mall.AdminApplication Starting AdminApplication on DESKTOP-207R08R with PID 8240 (D:\webProject\mall\admin\target\classes started by DXL in D:\webProject\mall)
2022-04-18 21:28:19 [main] DEBUG com.dxl.mall.AdminApplication Running with Spring Boot v2.3.0.RELEASE, Spring v5.2.6.RELEASE
2022-04-18 21:28:19 [main] INFO  com.dxl.mall.AdminApplication The following profiles are active: dev
2022-04-18 21:28:20 [main] INFO  org.springframework.data.repository.config.RepositoryConfigurationDelegate Multiple Spring Data modules found, entering strict repository configuration mode!
2022-04-18 21:28:20 [main] INFO  org.springframework.data.repository.config.RepositoryConfigurationDelegate Bootstrapping Spring Data Redis repositories in DEFAULT mode.
2022-04-18 21:28:20 [main] INFO  org.springframework.data.repository.config.RepositoryConfigurationDelegate Finished Spring Data repository scanning in 48ms. Found 0 Redis repository interfaces.
2022-04-18 21:28:20 [main] INFO  org.springframework.context.support.PostProcessorRegistrationDelegate$BeanPostProcessorChecker Bean 'org.springframework.security.access.expression.method.DefaultMethodSecurityExpressionHandler@3c19592c' of type [org.springframework.security.access.expression.method.DefaultMethodSecurityExpressionHandler] is not eligible for getting processed by all BeanPostProcessors (for example: not eligible for auto-proxying)
2022-04-18 21:28:20 [main] INFO  org.springframework.context.support.PostProcessorRegistrationDelegate$BeanPostProcessorChecker Bean 'methodSecurityMetadataSource' of type [org.springframework.security.access.method.DelegatingMethodSecurityMetadataSource] is not eligible for getting processed by all BeanPostProcessors (for example: not eligible for auto-proxying)
2022-04-18 21:28:21 [main] INFO  org.springframework.boot.web.embedded.tomcat.TomcatWebServer Tomcat initialized with port(s): 8080 (http)
2022-04-18 21:28:21 [main] INFO  org.apache.catalina.core.StandardService Starting service [Tomcat]
2022-04-18 21:28:21 [main] INFO  org.apache.catalina.core.StandardEngine Starting Servlet engine: [Apache Tomcat/9.0.35]
2022-04-18 21:28:21 [main] INFO  org.apache.catalina.core.ContainerBase.[Tomcat].[localhost].[/] Initializing Spring embedded WebApplicationContext
2022-04-18 21:28:21 [main] INFO  org.springframework.web.context.ContextLoader Root WebApplicationContext: initialization completed in 1649 ms
2022-04-18 21:28:21 [main] INFO  com.alibaba.druid.spring.boot.autoconfigure.DruidDataSourceAutoConfigure Init DruidDataSource
2022-04-18 21:28:21 [main] INFO  com.alibaba.druid.pool.DruidDataSource {dataSource-1} inited
2022-04-18 21:28:22 [main] DEBUG com.dxl.mall.mapper.UmsResourceMapper.selectByExample ==>  Preparing: select id, create_time, name, url, description, category_id from ums_resource
2022-04-18 21:28:22 [main] DEBUG com.dxl.mall.mapper.UmsResourceMapper.selectByExample ==> Parameters: 
2022-04-18 21:28:22 [main] DEBUG com.dxl.mall.mapper.UmsResourceMapper.selectByExample <==      Total: 28
2022-04-18 21:28:22 [main] WARN  com.dxl.mall.security.component.DynamicSecurityFilter Could not validate configuration attributes as the SecurityMetadataSource did not return any attributes from getAllConfigAttributes()
2022-04-18 21:28:22 [main] DEBUG com.dxl.mall.security.component.JwtAuthenticationTokenFilter Filter 'jwtAuthenticationTokenFilter' configured for use
2022-04-18 21:28:23 [main] INFO  org.springframework.boot.actuate.endpoint.web.EndpointLinksResolver Exposing 2 endpoint(s) beneath base path '/actuator'
2022-04-18 21:28:23 [main] INFO  org.springframework.security.web.DefaultSecurityFilterChain Creating filter chain: any request, [org.springframework.security.web.context.request.async.WebAsyncManagerIntegrationFilter@102ecb61, org.springframework.security.web.context.SecurityContextPersistenceFilter@6c9e74f3, org.springframework.security.web.header.HeaderWriterFilter@54e18a46, org.springframework.security.web.authentication.logout.LogoutFilter@3b77940f, com.dxl.mall.security.component.JwtAuthenticationTokenFilter@8b89b3a, org.springframework.security.web.savedrequest.RequestCacheAwareFilter@5030997b, org.springframework.security.web.servletapi.SecurityContextHolderAwareRequestFilter@7074da1d, org.springframework.security.web.authentication.AnonymousAuthenticationFilter@1fd0ae78, org.springframework.security.web.session.SessionManagementFilter@1ab85862, org.springframework.security.web.access.ExceptionTranslationFilter@7816454d, com.dxl.mall.security.component.DynamicSecurityFilter@1ae9d0e4, org.springframework.security.web.access.intercept.FilterSecurityInterceptor@23c00420]
2022-04-18 21:28:23 [main] INFO  springfox.documentation.spring.web.PropertySourcedRequestMappingHandlerMapping Mapped URL path [/v2/api-docs] onto method [springfox.documentation.swagger2.web.Swagger2Controller#getDocumentation(String, HttpServletRequest)]
2022-04-18 21:28:23 [main] INFO  org.springframework.scheduling.concurrent.ThreadPoolTaskExecutor Initializing ExecutorService 'applicationTaskExecutor'
2022-04-18 21:28:23 [main] INFO  org.springframework.boot.web.embedded.tomcat.TomcatWebServer Tomcat started on port(s): 8080 (http) with context path ''
2022-04-18 21:28:23 [main] INFO  springfox.documentation.spring.web.plugins.DocumentationPluginsBootstrapper Context refreshed
2022-04-18 21:28:23 [main] INFO  springfox.documentation.spring.web.plugins.DocumentationPluginsBootstrapper Found 1 custom documentation plugin(s)
2022-04-18 21:28:23 [main] INFO  springfox.documentation.spring.web.scanners.ApiListingReferenceScanner Scanning for api listing references
2022-04-18 21:28:23 [main] INFO  com.dxl.mall.AdminApplication Started AdminApplication in 4.81 seconds (JVM running for 5.402)
2022-04-18 21:28:24 [http-nio-8080-exec-1] INFO  org.apache.catalina.core.ContainerBase.[Tomcat].[localhost].[/] Initializing Spring DispatcherServlet 'dispatcherServlet'
2022-04-18 21:28:24 [http-nio-8080-exec-1] INFO  org.springframework.web.servlet.DispatcherServlet Initializing Servlet 'dispatcherServlet'
2022-04-18 21:28:24 [http-nio-8080-exec-1] INFO  org.springframework.web.servlet.DispatcherServlet Completed initialization in 7 ms
2022-04-18 21:28:24 [http-nio-8080-exec-1] INFO  com.dxl.mall.security.component.JwtAuthenticationTokenFilter checking username:dxl
2022-04-18 21:28:24 [http-nio-8080-exec-1] INFO  com.dxl.mall.security.component.JwtAuthenticationTokenFilter authenticated user:dxl
2022-04-18 21:28:24 [http-nio-8080-exec-1] DEBUG com.dxl.mall.security.component.DynamicSecurityFilter Secure object: FilterInvocation: URL: /admin/list?keyword=a&pageSize=2&pageNum=1; Attributes: [25:后台用户管理]
2022-04-18 21:28:24 [http-nio-8080-exec-1] DEBUG com.dxl.mall.security.component.DynamicSecurityFilter Previously Authenticated: org.springframework.security.authentication.UsernamePasswordAuthenticationToken@c10a6af: Principal: com.dxl.mall.bo.AdminUserDetails@4c269649; Credentials: [PROTECTED]; Authenticated: true; Details: org.springframework.security.web.authentication.WebAuthenticationDetails@ffff6a82: RemoteIpAddress: 10.253.193.65; SessionId: null; Granted Authorities: 1:商品品牌管理, 2:商品属性分类管理, 3:商品属性管理, 4:商品分类管理, 5:商品管理, 6:商品库存管理, 8:订单管理, 9: 订单退货申请管理, 10:退货原因管理, 11:订单设置管理, 12:收货地址管理, 13:优惠券管理, 14:优惠券领取记录管理, 15:限时购活动管理, 16:限时购商品关系管理, 17:限时购场次管理, 18:首页轮播广告管理, 19:首页品牌管理, 20:首页新品管理, 21:首页人气推荐管理, 22:首页专题推荐管理, 23: 商品优选管理, 24:商品专题管理, 25:后台用户管理, 26:后台用户角色管理, 27:后台菜单管理, 28:后台资源分类管理, 29:后台资源管理
2022-04-18 21:28:24 [http-nio-8080-exec-1] DEBUG com.dxl.mall.security.component.DynamicSecurityFilter Authorization successful
2022-04-18 21:28:24 [http-nio-8080-exec-1] DEBUG com.dxl.mall.security.component.DynamicSecurityFilter RunAsManager did not change Authentication object
2022-04-18 21:28:24 [http-nio-8080-exec-1] DEBUG com.dxl.mall.security.component.DynamicSecurityFilter Secure object: FilterInvocation: URL: /admin/list?keyword=a&pageSize=2&pageNum=1; Attributes: [25:后台用户管理]
2022-04-18 21:28:24 [http-nio-8080-exec-1] DEBUG com.dxl.mall.security.component.DynamicSecurityFilter Previously Authenticated: org.springframework.security.authentication.UsernamePasswordAuthenticationToken@c10a6af: Principal: com.dxl.mall.bo.AdminUserDetails@4c269649; Credentials: [PROTECTED]; Authenticated: true; Details: org.springframework.security.web.authentication.WebAuthenticationDetails@ffff6a82: RemoteIpAddress: 10.253.193.65; SessionId: null; Granted Authorities: 1:商品品牌管理, 2:商品属性分类管理, 3:商品属性管理, 4:商品分类管理, 5:商品管理, 6:商品库存管理, 8:订单管理, 9: 订单退货申请管理, 10:退货原因管理, 11:订单设置管理, 12:收货地址管理, 13:优惠券管理, 14:优惠券领取记录管理, 15:限时购活动管理, 16:限时购商品关系管理, 17:限时购场次管理, 18:首页轮播广告管理, 19:首页品牌管理, 20:首页新品管理, 21:首页人气推荐管理, 22:首页专题推荐管理, 23: 商品优选管理, 24:商品专题管理, 25:后台用户管理, 26:后台用户角色管理, 27:后台菜单管理, 28:后台资源分类管理, 29:后台资源管理
2022-04-18 21:28:24 [http-nio-8080-exec-1] DEBUG com.dxl.mall.security.component.DynamicSecurityFilter Authorization successful
2022-04-18 21:28:24 [http-nio-8080-exec-1] DEBUG com.dxl.mall.security.component.DynamicSecurityFilter RunAsManager did not change Authentication object
2022-04-18 21:28:35 [http-nio-8080-exec-1] DEBUG com.dxl.mall.mapper.UmsAdminMapper.selectByExample_COUNT ==>  Preparing: SELECT count(0) FROM ums_admin WHERE (username LIKE ?) OR (nick_name LIKE ?)
2022-04-18 21:28:35 [http-nio-8080-exec-1] DEBUG com.dxl.mall.mapper.UmsAdminMapper.selectByExample_COUNT ==> Parameters: %a%(String), %a%(String)
2022-04-18 21:28:36 [http-nio-8080-exec-1] DEBUG com.dxl.mall.mapper.UmsAdminMapper.selectByExample_COUNT <==      Total: 1
2022-04-18 21:28:36 [http-nio-8080-exec-1] DEBUG com.dxl.mall.mapper.UmsAdminMapper.selectByExample ==>  Preparing: select id, username, password, icon, email, nick_name, note, create_time, login_time, status from ums_admin WHERE ( username like ? ) or( nick_name like ? ) LIMIT ?
2022-04-18 21:28:36 [http-nio-8080-exec-1] DEBUG com.dxl.mall.mapper.UmsAdminMapper.selectByExample ==> Parameters: %a%(String), %a%(String), 2(Integer)
2022-04-18 21:28:36 [http-nio-8080-exec-1] DEBUG com.dxl.mall.mapper.UmsAdminMapper.selectByExample <==      Total: 2
2022-04-18 21:35:07 [SpringContextShutdownHook] INFO  org.springframework.scheduling.concurrent.ThreadPoolTaskExecutor Shutting down ExecutorService 'applicationTaskExecutor'
2022-04-18 21:35:07 [SpringContextShutdownHook] INFO  com.alibaba.druid.pool.DruidDataSource {dataSource-1} closing ...
2022-04-18 21:35:07 [SpringContextShutdownHook] INFO  com.alibaba.druid.pool.DruidDataSource {dataSource-1} closed
