2022-05-22 17:21:18 [http-nio-8081-exec-3] ERROR com.alibaba.druid.pool.DruidAbstractDataSource discard long time none received connection. , jdbcUrl : jdbc:mysql://192.168.1.111:3306/mall?useUnicode=true&characterEncoding=utf-8&serverTimezone=Asia/Shanghai, jdbcUrl : jdbc:mysql://192.168.1.111:3306/mall?useUnicode=true&characterEncoding=utf-8&serverTimezone=Asia/Shanghai, lastPacketReceivedIdleMillis : 133052
2022-05-22 17:21:18 [http-nio-8081-exec-3] ERROR com.alibaba.druid.pool.DruidAbstractDataSource discard long time none received connection. , jdbcUrl : jdbc:mysql://192.168.1.111:3306/mall?useUnicode=true&characterEncoding=utf-8&serverTimezone=Asia/Shanghai, jdbcUrl : jdbc:mysql://192.168.1.111:3306/mall?useUnicode=true&characterEncoding=utf-8&serverTimezone=Asia/Shanghai, lastPacketReceivedIdleMillis : 133101
2022-05-22 17:21:18 [http-nio-8081-exec-3] ERROR com.alibaba.druid.pool.DruidAbstractDataSource discard long time none received connection. , jdbcUrl : jdbc:mysql://192.168.1.111:3306/mall?useUnicode=true&characterEncoding=utf-8&serverTimezone=Asia/Shanghai, jdbcUrl : jdbc:mysql://192.168.1.111:3306/mall?useUnicode=true&characterEncoding=utf-8&serverTimezone=Asia/Shanghai, lastPacketReceivedIdleMillis : 133150
2022-05-22 17:21:18 [http-nio-8081-exec-3] ERROR com.alibaba.druid.pool.DruidAbstractDataSource discard long time none received connection. , jdbcUrl : jdbc:mysql://192.168.1.111:3306/mall?useUnicode=true&characterEncoding=utf-8&serverTimezone=Asia/Shanghai, jdbcUrl : jdbc:mysql://192.168.1.111:3306/mall?useUnicode=true&characterEncoding=utf-8&serverTimezone=Asia/Shanghai, lastPacketReceivedIdleMillis : 133198
2022-05-22 17:21:18 [http-nio-8081-exec-3] ERROR com.alibaba.druid.pool.DruidAbstractDataSource discard long time none received connection. , jdbcUrl : jdbc:mysql://192.168.1.111:3306/mall?useUnicode=true&characterEncoding=utf-8&serverTimezone=Asia/Shanghai, jdbcUrl : jdbc:mysql://192.168.1.111:3306/mall?useUnicode=true&characterEncoding=utf-8&serverTimezone=Asia/Shanghai, lastPacketReceivedIdleMillis : 133257
2022-05-22 17:45:57 [AMQP Connection 192.168.152.130:5672] ERROR org.springframework.amqp.rabbit.connection.CachingConnectionFactory Channel shutdown: channel error; protocol method: #method<channel.close>(reply-code=406, reply-text=PRECONDITION_FAILED - inequivalent arg 'type' for exchange 'mall.order.direct.ttl' in vhost '/mall': received ''x-delayed-message'' but current is 'direct', class-id=40, method-id=10)
2022-05-22 17:45:58 [AMQP Connection 192.168.152.130:5672] ERROR org.springframework.amqp.rabbit.connection.CachingConnectionFactory Channel shutdown: channel error; protocol method: #method<channel.close>(reply-code=406, reply-text=PRECONDITION_FAILED - inequivalent arg 'type' for exchange 'mall.order.direct.ttl' in vhost '/mall': received ''x-delayed-message'' but current is 'direct', class-id=40, method-id=10)
2022-05-22 17:46:00 [AMQP Connection 192.168.152.130:5672] ERROR org.springframework.amqp.rabbit.connection.CachingConnectionFactory Channel shutdown: channel error; protocol method: #method<channel.close>(reply-code=406, reply-text=PRECONDITION_FAILED - inequivalent arg 'type' for exchange 'mall.order.direct.ttl' in vhost '/mall': received ''x-delayed-message'' but current is 'direct', class-id=40, method-id=10)
2022-05-22 17:46:04 [AMQP Connection 192.168.152.130:5672] ERROR org.springframework.amqp.rabbit.connection.CachingConnectionFactory Channel shutdown: channel error; protocol method: #method<channel.close>(reply-code=406, reply-text=PRECONDITION_FAILED - inequivalent arg 'type' for exchange 'mall.order.direct.ttl' in vhost '/mall': received ''x-delayed-message'' but current is 'direct', class-id=40, method-id=10)
2022-05-22 17:46:09 [AMQP Connection 192.168.152.130:5672] ERROR org.springframework.amqp.rabbit.connection.CachingConnectionFactory Channel shutdown: channel error; protocol method: #method<channel.close>(reply-code=406, reply-text=PRECONDITION_FAILED - inequivalent arg 'type' for exchange 'mall.order.direct.ttl' in vhost '/mall': received ''x-delayed-message'' but current is 'direct', class-id=40, method-id=10)
2022-05-22 17:59:57 [org.springframework.amqp.rabbit.RabbitListenerEndpointContainer#0-1] ERROR org.springframework.amqp.rabbit.listener.SimpleMessageListenerContainer Consumer threw missing queues exception, fatal=true
org.springframework.amqp.rabbit.listener.QueuesNotAvailableException: Cannot prepare queue for listener. Either the queue doesn't exist or the broker will not allow us to use it.
	at org.springframework.amqp.rabbit.listener.BlockingQueueConsumer.handleDeclarationException(BlockingQueueConsumer.java:651)
	at org.springframework.amqp.rabbit.listener.BlockingQueueConsumer.passiveDeclarations(BlockingQueueConsumer.java:591)
	at org.springframework.amqp.rabbit.listener.BlockingQueueConsumer.start(BlockingQueueConsumer.java:571)
	at org.springframework.amqp.rabbit.listener.SimpleMessageListenerContainer$AsyncMessageProcessingConsumer.initialize(SimpleMessageListenerContainer.java:1343)
	at org.springframework.amqp.rabbit.listener.SimpleMessageListenerContainer$AsyncMessageProcessingConsumer.run(SimpleMessageListenerContainer.java:1188)
	at java.lang.Thread.run(Thread.java:748)
Caused by: org.springframework.amqp.rabbit.listener.BlockingQueueConsumer$DeclarationException: Failed to declare queue(s):[mall.order.cancel]
	at org.springframework.amqp.rabbit.listener.BlockingQueueConsumer.attemptPassiveDeclarations(BlockingQueueConsumer.java:700)
	at org.springframework.amqp.rabbit.listener.BlockingQueueConsumer.passiveDeclarations(BlockingQueueConsumer.java:584)
	... 4 common frames omitted
Caused by: java.io.IOException: null
	at com.rabbitmq.client.impl.AMQChannel.wrap(AMQChannel.java:129)
	at com.rabbitmq.client.impl.AMQChannel.wrap(AMQChannel.java:125)
	at com.rabbitmq.client.impl.AMQChannel.exnWrappingRpc(AMQChannel.java:147)
	at com.rabbitmq.client.impl.ChannelN.queueDeclarePassive(ChannelN.java:1012)
	at com.rabbitmq.client.impl.ChannelN.queueDeclarePassive(ChannelN.java:46)
	at sun.reflect.NativeMethodAccessorImpl.invoke0(Native Method)
	at sun.reflect.NativeMethodAccessorImpl.invoke(NativeMethodAccessorImpl.java:62)
	at sun.reflect.DelegatingMethodAccessorImpl.invoke(DelegatingMethodAccessorImpl.java:43)
	at java.lang.reflect.Method.invoke(Method.java:498)
	at org.springframework.amqp.rabbit.connection.CachingConnectionFactory$CachedChannelInvocationHandler.invoke(CachingConnectionFactory.java:1190)
	at com.sun.proxy.$Proxy163.queueDeclarePassive(Unknown Source)
	at org.springframework.amqp.rabbit.listener.BlockingQueueConsumer.attemptPassiveDeclarations(BlockingQueueConsumer.java:679)
	... 5 common frames omitted
Caused by: com.rabbitmq.client.ShutdownSignalException: channel error; protocol method: #method<channel.close>(reply-code=404, reply-text=NOT_FOUND - no queue 'mall.order.cancel' in vhost '/mall', class-id=50, method-id=10)
	at com.rabbitmq.utility.ValueOrException.getValue(ValueOrException.java:66)
	at com.rabbitmq.utility.BlockingValueOrException.uninterruptibleGetValue(BlockingValueOrException.java:36)
	at com.rabbitmq.client.impl.AMQChannel$BlockingRpcContinuation.getReply(AMQChannel.java:502)
	at com.rabbitmq.client.impl.AMQChannel.privateRpc(AMQChannel.java:293)
	at com.rabbitmq.client.impl.AMQChannel.exnWrappingRpc(AMQChannel.java:141)
	... 14 common frames omitted
Caused by: com.rabbitmq.client.ShutdownSignalException: channel error; protocol method: #method<channel.close>(reply-code=404, reply-text=NOT_FOUND - no queue 'mall.order.cancel' in vhost '/mall', class-id=50, method-id=10)
	at com.rabbitmq.client.impl.ChannelN.asyncShutdown(ChannelN.java:517)
	at com.rabbitmq.client.impl.ChannelN.processAsync(ChannelN.java:341)
	at com.rabbitmq.client.impl.AMQChannel.handleCompleteInboundCommand(AMQChannel.java:182)
	at com.rabbitmq.client.impl.AMQChannel.handleFrame(AMQChannel.java:114)
	at com.rabbitmq.client.impl.AMQConnection.readFrame(AMQConnection.java:739)
	at com.rabbitmq.client.impl.AMQConnection.access$300(AMQConnection.java:47)
	at com.rabbitmq.client.impl.AMQConnection$MainLoop.run(AMQConnection.java:666)
	... 1 common frames omitted
2022-05-22 17:59:57 [org.springframework.amqp.rabbit.RabbitListenerEndpointContainer#0-1] ERROR org.springframework.amqp.rabbit.listener.SimpleMessageListenerContainer Stopping container from aborted consumer
2022-05-22 17:59:57 [main] ERROR org.springframework.boot.SpringApplication Application run failed
org.springframework.context.ApplicationContextException: Failed to start bean 'org.springframework.amqp.rabbit.config.internalRabbitListenerEndpointRegistry'; nested exception is org.springframework.amqp.AmqpIllegalStateException: Fatal exception on listener startup
	at org.springframework.context.support.DefaultLifecycleProcessor.doStart(DefaultLifecycleProcessor.java:185)
	at org.springframework.context.support.DefaultLifecycleProcessor.access$200(DefaultLifecycleProcessor.java:53)
	at org.springframework.context.support.DefaultLifecycleProcessor$LifecycleGroup.start(DefaultLifecycleProcessor.java:360)
	at org.springframework.context.support.DefaultLifecycleProcessor.startBeans(DefaultLifecycleProcessor.java:158)
	at org.springframework.context.support.DefaultLifecycleProcessor.onRefresh(DefaultLifecycleProcessor.java:122)
	at org.springframework.context.support.AbstractApplicationContext.finishRefresh(AbstractApplicationContext.java:895)
	at org.springframework.context.support.AbstractApplicationContext.refresh(AbstractApplicationContext.java:554)
	at org.springframework.boot.web.servlet.context.ServletWebServerApplicationContext.refresh(ServletWebServerApplicationContext.java:143)
	at org.springframework.boot.SpringApplication.refresh(SpringApplication.java:758)
	at org.springframework.boot.SpringApplication.refresh(SpringApplication.java:750)
	at org.springframework.boot.SpringApplication.refreshContext(SpringApplication.java:405)
	at org.springframework.boot.SpringApplication.run(SpringApplication.java:315)
	at org.springframework.boot.SpringApplication.run(SpringApplication.java:1237)
	at org.springframework.boot.SpringApplication.run(SpringApplication.java:1226)
	at com.dxl.mall.PortalApplication.main(PortalApplication.java:10)
Caused by: org.springframework.amqp.AmqpIllegalStateException: Fatal exception on listener startup
	at org.springframework.amqp.rabbit.listener.SimpleMessageListenerContainer.waitForConsumersToStart(SimpleMessageListenerContainer.java:612)
	at org.springframework.amqp.rabbit.listener.SimpleMessageListenerContainer.doStart(SimpleMessageListenerContainer.java:573)
	at org.springframework.amqp.rabbit.listener.AbstractMessageListenerContainer.start(AbstractMessageListenerContainer.java:1301)
	at org.springframework.amqp.rabbit.listener.RabbitListenerEndpointRegistry.startIfNecessary(RabbitListenerEndpointRegistry.java:299)
	at org.springframework.amqp.rabbit.listener.RabbitListenerEndpointRegistry.start(RabbitListenerEndpointRegistry.java:249)
	at org.springframework.context.support.DefaultLifecycleProcessor.doStart(DefaultLifecycleProcessor.java:182)
	... 14 common frames omitted
Caused by: org.springframework.amqp.rabbit.listener.QueuesNotAvailableException: Cannot prepare queue for listener. Either the queue doesn't exist or the broker will not allow us to use it.
	at org.springframework.amqp.rabbit.listener.BlockingQueueConsumer.handleDeclarationException(BlockingQueueConsumer.java:651)
	at org.springframework.amqp.rabbit.listener.BlockingQueueConsumer.passiveDeclarations(BlockingQueueConsumer.java:591)
	at org.springframework.amqp.rabbit.listener.BlockingQueueConsumer.start(BlockingQueueConsumer.java:571)
	at org.springframework.amqp.rabbit.listener.SimpleMessageListenerContainer$AsyncMessageProcessingConsumer.initialize(SimpleMessageListenerContainer.java:1343)
	at org.springframework.amqp.rabbit.listener.SimpleMessageListenerContainer$AsyncMessageProcessingConsumer.run(SimpleMessageListenerContainer.java:1188)
	at java.lang.Thread.run(Thread.java:748)
Caused by: org.springframework.amqp.rabbit.listener.BlockingQueueConsumer$DeclarationException: Failed to declare queue(s):[mall.order.cancel]
	at org.springframework.amqp.rabbit.listener.BlockingQueueConsumer.attemptPassiveDeclarations(BlockingQueueConsumer.java:700)
	at org.springframework.amqp.rabbit.listener.BlockingQueueConsumer.passiveDeclarations(BlockingQueueConsumer.java:584)
	... 4 common frames omitted
Caused by: java.io.IOException: null
	at com.rabbitmq.client.impl.AMQChannel.wrap(AMQChannel.java:129)
	at com.rabbitmq.client.impl.AMQChannel.wrap(AMQChannel.java:125)
	at com.rabbitmq.client.impl.AMQChannel.exnWrappingRpc(AMQChannel.java:147)
	at com.rabbitmq.client.impl.ChannelN.queueDeclarePassive(ChannelN.java:1012)
	at com.rabbitmq.client.impl.ChannelN.queueDeclarePassive(ChannelN.java:46)
	at sun.reflect.NativeMethodAccessorImpl.invoke0(Native Method)
	at sun.reflect.NativeMethodAccessorImpl.invoke(NativeMethodAccessorImpl.java:62)
	at sun.reflect.DelegatingMethodAccessorImpl.invoke(DelegatingMethodAccessorImpl.java:43)
	at java.lang.reflect.Method.invoke(Method.java:498)
	at org.springframework.amqp.rabbit.connection.CachingConnectionFactory$CachedChannelInvocationHandler.invoke(CachingConnectionFactory.java:1190)
	at com.sun.proxy.$Proxy163.queueDeclarePassive(Unknown Source)
	at org.springframework.amqp.rabbit.listener.BlockingQueueConsumer.attemptPassiveDeclarations(BlockingQueueConsumer.java:679)
	... 5 common frames omitted
Caused by: com.rabbitmq.client.ShutdownSignalException: channel error; protocol method: #method<channel.close>(reply-code=404, reply-text=NOT_FOUND - no queue 'mall.order.cancel' in vhost '/mall', class-id=50, method-id=10)
	at com.rabbitmq.utility.ValueOrException.getValue(ValueOrException.java:66)
	at com.rabbitmq.utility.BlockingValueOrException.uninterruptibleGetValue(BlockingValueOrException.java:36)
	at com.rabbitmq.client.impl.AMQChannel$BlockingRpcContinuation.getReply(AMQChannel.java:502)
	at com.rabbitmq.client.impl.AMQChannel.privateRpc(AMQChannel.java:293)
	at com.rabbitmq.client.impl.AMQChannel.exnWrappingRpc(AMQChannel.java:141)
	... 14 common frames omitted
Caused by: com.rabbitmq.client.ShutdownSignalException: channel error; protocol method: #method<channel.close>(reply-code=404, reply-text=NOT_FOUND - no queue 'mall.order.cancel' in vhost '/mall', class-id=50, method-id=10)
	at com.rabbitmq.client.impl.ChannelN.asyncShutdown(ChannelN.java:517)
	at com.rabbitmq.client.impl.ChannelN.processAsync(ChannelN.java:341)
	at com.rabbitmq.client.impl.AMQChannel.handleCompleteInboundCommand(AMQChannel.java:182)
	at com.rabbitmq.client.impl.AMQChannel.handleFrame(AMQChannel.java:114)
	at com.rabbitmq.client.impl.AMQConnection.readFrame(AMQConnection.java:739)
	at com.rabbitmq.client.impl.AMQConnection.access$300(AMQConnection.java:47)
	at com.rabbitmq.client.impl.AMQConnection$MainLoop.run(AMQConnection.java:666)
	... 1 common frames omitted
